#-----------------------------------------------------------
# Vivado v2016.2 (64-bit)
# SW Build 1577090 on Thu Jun  2 16:32:40 MDT 2016
# IP Build 1577682 on Fri Jun  3 12:00:54 MDT 2016
# Start of session at: Wed Oct 25 00:24:00 2017
# Process ID: 10980
# Current directory: C:/Users/e190a104/Desktop/HW09_MIPS_CU_Solution/vivado_project
# Command line: vivado.exe -gui_launcher_event rodinguilauncherevent12140 C:\Users\e190a104\Desktop\HW09_MIPS_CU_Solution\vivado_project\vivado_project.xpr
# Log file: C:/Users/e190a104/Desktop/HW09_MIPS_CU_Solution/vivado_project/vivado.log
# Journal file: C:/Users/e190a104/Desktop/HW09_MIPS_CU_Solution/vivado_project\vivado.jou
#-----------------------------------------------------------
start_gui
open_project C:/Users/e190a104/Desktop/HW09_MIPS_CU_Solution/vivado_project/vivado_project.xpr
Scanning sources...
Finished scanning sources
INFO: [IP_Flow 19-234] Refreshing IP repositories
INFO: [IP_Flow 19-1704] No user IP repositories specified
INFO: [IP_Flow 19-2313] Loaded Vivado IP repository 'C:/Xilinx/Vivado/2016.2/data/ip'.
open_project: Time (s): cpu = 00:00:08 ; elapsed = 00:00:17 . Memory (MB): peak = 735.070 ; gain = 100.355
update_compile_order -fileset sources_1
set_property -name {xsim.simulate.runtime} -value {1000ns} -objects [get_filesets sim_1]
launch_simulation
INFO: [USF-XSim-27] Simulation object is 'sim_1'
INFO: [USF-XSim-37] Inspecting design source files for 'cu_tb' in fileset 'sim_1'...
INFO: [USF-XSim-97] Finding global include files...
INFO: [USF-XSim-98] Fetching design files from 'sim_1'...
INFO: [USF-XSim-2] XSim::Compile design
INFO: [USF-XSim-61] Executing 'COMPILE and ANALYZE' step in 'C:/Users/e190a104/Desktop/HW09_MIPS_CU_Solution/vivado_project/vivado_project.sim/sim_1/behav'
"xvhdl -m64 --relax -prj cu_tb_vhdl.prj"
INFO: [VRFC 10-163] Analyzing VHDL file "C:/Users/e190a104/Desktop/HW09_MIPS_CU_Solution/design_sources/my_packages/ieee_2008/math_real.vhdl" into library xil_defaultlib
INFO: [VRFC 10-163] Analyzing VHDL file "C:/Users/e190a104/Desktop/HW09_MIPS_CU_Solution/design_sources/my_packages/my_package.vhd" into library xil_defaultlib
INFO: [VRFC 10-163] Analyzing VHDL file "C:/Users/e190a104/Desktop/HW09_MIPS_CU_Solution/design_sources/my_packages/ieee_2008/math_real-body.vhdl" into library xil_defaultlib
INFO: [VRFC 10-163] Analyzing VHDL file "C:/Users/e190a104/Desktop/HW09_MIPS_CU_Solution/design_sources/my_packages/my_package-body.vhd" into library xil_defaultlib
INFO: [VRFC 10-163] Analyzing VHDL file "C:/Users/e190a104/Desktop/HW09_MIPS_CU_Solution/design_sources/cu.vhd" into library xil_defaultlib
INFO: [VRFC 10-307] analyzing entity CU
INFO: [VRFC 10-163] Analyzing VHDL file "C:/Users/e190a104/Desktop/HW09_MIPS_CU_Solution/simulation_sources/cu_tb.vhd" into library xil_defaultlib
INFO: [VRFC 10-307] analyzing entity cu_tb
INFO: [USF-XSim-69] 'compile' step finished in '2' seconds
INFO: [USF-XSim-3] XSim::Elaborate design
INFO: [USF-XSim-61] Executing 'ELABORATE' step in 'C:/Users/e190a104/Desktop/HW09_MIPS_CU_Solution/vivado_project/vivado_project.sim/sim_1/behav'
Vivado Simulator 2016.2
Copyright 1986-1999, 2001-2016 Xilinx, Inc. All Rights Reserved.
Running: C:/Xilinx/Vivado/2016.2/bin/unwrapped/win64.o/xelab.exe -wto 1bec7975d4fa4f71997d8248aa5b5eb4 --debug typical --relax --mt 2 -L xil_defaultlib -L secureip --snapshot cu_tb_behav xil_defaultlib.cu_tb -log elaborate.log 
Using 2 slave threads.
Starting static elaboration
Completed static elaboration
Starting simulation data flow analysis
Completed simulation data flow analysis
Time Resolution for simulation is 1ps
Compiling package std.standard
Compiling package ieee.std_logic_1164
Compiling package xil_defaultlib.my_package
Compiling package xil_defaultlib.math_real
Compiling package ieee.std_logic_arith
Compiling package ieee.std_logic_unsigned
Compiling architecture behav of entity xil_defaultlib.CU [cu_default]
Compiling architecture behavior of entity xil_defaultlib.cu_tb
Built simulation snapshot cu_tb_behav

****** Webtalk v2016.2 (64-bit)
  **** SW Build 1577090 on Thu Jun  2 16:32:40 MDT 2016
  **** IP Build 1577682 on Fri Jun  3 12:00:54 MDT 2016
    ** Copyright 1986-2016 Xilinx, Inc. All Rights Reserved.

source C:/Users/e190a104/Desktop/HW09_MIPS_CU_Solution/vivado_project/vivado_project.sim/sim_1/behav/xsim.dir/cu_tb_behav/webtalk/xsim_webtalk.tcl -notrace
INFO: [Common 17-206] Exiting Webtalk at Wed Oct 25 00:51:38 2017...
run_program: Time (s): cpu = 00:00:00 ; elapsed = 00:00:09 . Memory (MB): peak = 795.344 ; gain = 0.000
INFO: [USF-XSim-69] 'elaborate' step finished in '9' seconds
INFO: [USF-XSim-4] XSim::Simulate design
INFO: [USF-XSim-61] Executing 'SIMULATE' step in 'C:/Users/e190a104/Desktop/HW09_MIPS_CU_Solution/vivado_project/vivado_project.sim/sim_1/behav'
INFO: [USF-XSim-98] *** Running xsim
   with args "cu_tb_behav -key {Behavioral:sim_1:Functional:cu_tb} -tclbatch {cu_tb.tcl} -view {C:/Users/e190a104/Desktop/HW09_MIPS_CU_Solution/simulation_sources/cu_wave.wcfg} -log {simulate.log}"
INFO: [USF-XSim-8] Loading simulator feature
Vivado Simulator 2016.2
Time resolution is 1 ps
open_wave_config C:/Users/e190a104/Desktop/HW09_MIPS_CU_Solution/simulation_sources/cu_wave.wcfg
WARNING: Simulation object /cu_tb/uut/op_code was not found in the design.
WARNING: Simulation object /cu_tb/ALUOp was not found in the design.
WARNING: Simulation object /cu_tb/MemRead was not found in the design.
WARNING: Simulation object /cu_tb/Branch was not found in the design.
WARNING: Simulation object /cu_tb/Jump was not found in the design.
source cu_tb.tcl
# set curr_wave [current_wave_config]
# if { [string length $curr_wave] == 0 } {
#   if { [llength [get_objects]] > 0} {
#     add_wave /
#     set_property needs_save false [current_wave_config]
#   } else {
#      send_msg_id Add_Wave-1 WARNING "No top level signals found. Simulator will start without a wave window. If you want to open a wave window go to 'File->New Waveform Configuration' or type 'create_wave_config' in the TCL console."
#   }
# }
# run 1000ns
INFO: [USF-XSim-96] XSim completed. Design snapshot 'cu_tb_behav' loaded.
INFO: [USF-XSim-97] XSim simulation ran for 1000ns
launch_simulation: Time (s): cpu = 00:00:02 ; elapsed = 00:00:14 . Memory (MB): peak = 795.344 ; gain = 0.000
save_wave_config {C:/Users/e190a104/Desktop/HW09_MIPS_CU_Solution/simulation_sources/cu_wave.wcfg}
save_wave_config {C:/Users/e190a104/Desktop/HW09_MIPS_CU_Solution/simulation_sources/cu_wave.wcfg}
close_sim
INFO: [Simtcl 6-16] Simulation closed
set_property -name {xsim.simulate.runtime} -value {400ns} -objects [get_filesets sim_1]
launch_simulation
INFO: [USF-XSim-27] Simulation object is 'sim_1'
INFO: [USF-XSim-37] Inspecting design source files for 'cu_tb' in fileset 'sim_1'...
INFO: [USF-XSim-97] Finding global include files...
INFO: [USF-XSim-98] Fetching design files from 'sim_1'...
INFO: [USF-XSim-2] XSim::Compile design
INFO: [USF-XSim-61] Executing 'COMPILE and ANALYZE' step in 'C:/Users/e190a104/Desktop/HW09_MIPS_CU_Solution/vivado_project/vivado_project.sim/sim_1/behav'
"xvhdl -m64 --relax -prj cu_tb_vhdl.prj"
INFO: [VRFC 10-163] Analyzing VHDL file "C:/Users/e190a104/Desktop/HW09_MIPS_CU_Solution/design_sources/my_packages/ieee_2008/math_real.vhdl" into library xil_defaultlib
INFO: [VRFC 10-163] Analyzing VHDL file "C:/Users/e190a104/Desktop/HW09_MIPS_CU_Solution/design_sources/my_packages/my_package.vhd" into library xil_defaultlib
INFO: [VRFC 10-163] Analyzing VHDL file "C:/Users/e190a104/Desktop/HW09_MIPS_CU_Solution/design_sources/my_packages/ieee_2008/math_real-body.vhdl" into library xil_defaultlib
INFO: [VRFC 10-163] Analyzing VHDL file "C:/Users/e190a104/Desktop/HW09_MIPS_CU_Solution/design_sources/my_packages/my_package-body.vhd" into library xil_defaultlib
INFO: [VRFC 10-163] Analyzing VHDL file "C:/Users/e190a104/Desktop/HW09_MIPS_CU_Solution/design_sources/cu.vhd" into library xil_defaultlib
INFO: [VRFC 10-307] analyzing entity CU
INFO: [VRFC 10-163] Analyzing VHDL file "C:/Users/e190a104/Desktop/HW09_MIPS_CU_Solution/simulation_sources/cu_tb.vhd" into library xil_defaultlib
INFO: [VRFC 10-307] analyzing entity cu_tb
INFO: [USF-XSim-69] 'compile' step finished in '1' seconds
INFO: [USF-XSim-3] XSim::Elaborate design
INFO: [USF-XSim-61] Executing 'ELABORATE' step in 'C:/Users/e190a104/Desktop/HW09_MIPS_CU_Solution/vivado_project/vivado_project.sim/sim_1/behav'
Vivado Simulator 2016.2
Copyright 1986-1999, 2001-2016 Xilinx, Inc. All Rights Reserved.
Running: C:/Xilinx/Vivado/2016.2/bin/unwrapped/win64.o/xelab.exe -wto 1bec7975d4fa4f71997d8248aa5b5eb4 --debug typical --relax --mt 2 -L xil_defaultlib -L secureip --snapshot cu_tb_behav xil_defaultlib.cu_tb -log elaborate.log 
Using 2 slave threads.
Starting static elaboration
Completed static elaboration
Starting simulation data flow analysis
Completed simulation data flow analysis
Time Resolution for simulation is 1ps
Compiling package std.standard
Compiling package ieee.std_logic_1164
Compiling package xil_defaultlib.my_package
Compiling package xil_defaultlib.math_real
Compiling package ieee.std_logic_arith
Compiling package ieee.std_logic_unsigned
Compiling architecture behav of entity xil_defaultlib.CU [cu_default]
Compiling architecture behavior of entity xil_defaultlib.cu_tb
Built simulation snapshot cu_tb_behav

****** Webtalk v2016.2 (64-bit)
  **** SW Build 1577090 on Thu Jun  2 16:32:40 MDT 2016
  **** IP Build 1577682 on Fri Jun  3 12:00:54 MDT 2016
    ** Copyright 1986-2016 Xilinx, Inc. All Rights Reserved.

source C:/Users/e190a104/Desktop/HW09_MIPS_CU_Solution/vivado_project/vivado_project.sim/sim_1/behav/xsim.dir/cu_tb_behav/webtalk/xsim_webtalk.tcl -notrace
INFO: [Common 17-206] Exiting Webtalk at Wed Oct 25 00:55:39 2017...
INFO: [USF-XSim-69] 'elaborate' step finished in '4' seconds
INFO: [USF-XSim-4] XSim::Simulate design
INFO: [USF-XSim-61] Executing 'SIMULATE' step in 'C:/Users/e190a104/Desktop/HW09_MIPS_CU_Solution/vivado_project/vivado_project.sim/sim_1/behav'
INFO: [USF-XSim-98] *** Running xsim
   with args "cu_tb_behav -key {Behavioral:sim_1:Functional:cu_tb} -tclbatch {cu_tb.tcl} -view {C:/Users/e190a104/Desktop/HW09_MIPS_CU_Solution/simulation_sources/cu_wave.wcfg} -log {simulate.log}"
INFO: [USF-XSim-8] Loading simulator feature
Vivado Simulator 2016.2
Time resolution is 1 ps
open_wave_config C:/Users/e190a104/Desktop/HW09_MIPS_CU_Solution/simulation_sources/cu_wave.wcfg
source cu_tb.tcl
# set curr_wave [current_wave_config]
# if { [string length $curr_wave] == 0 } {
#   if { [llength [get_objects]] > 0} {
#     add_wave /
#     set_property needs_save false [current_wave_config]
#   } else {
#      send_msg_id Add_Wave-1 WARNING "No top level signals found. Simulator will start without a wave window. If you want to open a wave window go to 'File->New Waveform Configuration' or type 'create_wave_config' in the TCL console."
#   }
# }
# run 400ns
INFO: [USF-XSim-96] XSim completed. Design snapshot 'cu_tb_behav' loaded.
INFO: [USF-XSim-97] XSim simulation ran for 400ns
launch_simulation: Time (s): cpu = 00:00:01 ; elapsed = 00:00:07 . Memory (MB): peak = 802.930 ; gain = 0.000
save_wave_config {C:/Users/e190a104/Desktop/HW09_MIPS_CU_Solution/simulation_sources/cu_wave.wcfg}
save_wave_config {C:/Users/e190a104/Desktop/HW09_MIPS_CU_Solution/simulation_sources/cu_wave.wcfg}
save_wave_config {C:/Users/e190a104/Desktop/HW09_MIPS_CU_Solution/simulation_sources/cu_wave.wcfg}
close_sim
INFO: [Simtcl 6-16] Simulation closed
launch_simulation
INFO: [USF-XSim-27] Simulation object is 'sim_1'
INFO: [USF-XSim-37] Inspecting design source files for 'cu_tb' in fileset 'sim_1'...
INFO: [USF-XSim-97] Finding global include files...
INFO: [USF-XSim-98] Fetching design files from 'sim_1'...
INFO: [USF-XSim-2] XSim::Compile design
INFO: [USF-XSim-61] Executing 'COMPILE and ANALYZE' step in 'C:/Users/e190a104/Desktop/HW09_MIPS_CU_Solution/vivado_project/vivado_project.sim/sim_1/behav'
"xvhdl -m64 --relax -prj cu_tb_vhdl.prj"
INFO: [VRFC 10-163] Analyzing VHDL file "C:/Users/e190a104/Desktop/HW09_MIPS_CU_Solution/design_sources/my_packages/ieee_2008/math_real.vhdl" into library xil_defaultlib
INFO: [VRFC 10-163] Analyzing VHDL file "C:/Users/e190a104/Desktop/HW09_MIPS_CU_Solution/design_sources/my_packages/my_package.vhd" into library xil_defaultlib
INFO: [VRFC 10-163] Analyzing VHDL file "C:/Users/e190a104/Desktop/HW09_MIPS_CU_Solution/design_sources/my_packages/ieee_2008/math_real-body.vhdl" into library xil_defaultlib
INFO: [VRFC 10-163] Analyzing VHDL file "C:/Users/e190a104/Desktop/HW09_MIPS_CU_Solution/design_sources/my_packages/my_package-body.vhd" into library xil_defaultlib
INFO: [VRFC 10-163] Analyzing VHDL file "C:/Users/e190a104/Desktop/HW09_MIPS_CU_Solution/design_sources/cu.vhd" into library xil_defaultlib
INFO: [VRFC 10-307] analyzing entity CU
INFO: [VRFC 10-163] Analyzing VHDL file "C:/Users/e190a104/Desktop/HW09_MIPS_CU_Solution/simulation_sources/cu_tb.vhd" into library xil_defaultlib
INFO: [VRFC 10-307] analyzing entity cu_tb
INFO: [USF-XSim-69] 'compile' step finished in '1' seconds
INFO: [USF-XSim-3] XSim::Elaborate design
INFO: [USF-XSim-61] Executing 'ELABORATE' step in 'C:/Users/e190a104/Desktop/HW09_MIPS_CU_Solution/vivado_project/vivado_project.sim/sim_1/behav'
Vivado Simulator 2016.2
Copyright 1986-1999, 2001-2016 Xilinx, Inc. All Rights Reserved.
Running: C:/Xilinx/Vivado/2016.2/bin/unwrapped/win64.o/xelab.exe -wto 1bec7975d4fa4f71997d8248aa5b5eb4 --debug typical --relax --mt 2 -L xil_defaultlib -L secureip --snapshot cu_tb_behav xil_defaultlib.cu_tb -log elaborate.log 
Using 2 slave threads.
Starting static elaboration
Completed static elaboration
Starting simulation data flow analysis
Completed simulation data flow analysis
Time Resolution for simulation is 1ps
Compiling package std.standard
Compiling package ieee.std_logic_1164
Compiling package xil_defaultlib.my_package
Compiling package xil_defaultlib.math_real
Compiling package ieee.std_logic_arith
Compiling package ieee.std_logic_unsigned
Compiling architecture behav of entity xil_defaultlib.CU [cu_default]
Compiling architecture behavior of entity xil_defaultlib.cu_tb
Built simulation snapshot cu_tb_behav

****** Webtalk v2016.2 (64-bit)
  **** SW Build 1577090 on Thu Jun  2 16:32:40 MDT 2016
  **** IP Build 1577682 on Fri Jun  3 12:00:54 MDT 2016
    ** Copyright 1986-2016 Xilinx, Inc. All Rights Reserved.

source C:/Users/e190a104/Desktop/HW09_MIPS_CU_Solution/vivado_project/vivado_project.sim/sim_1/behav/xsim.dir/cu_tb_behav/webtalk/xsim_webtalk.tcl -notrace
INFO: [Common 17-206] Exiting Webtalk at Wed Oct 25 01:02:03 2017...
INFO: [USF-XSim-69] 'elaborate' step finished in '4' seconds
INFO: [USF-XSim-4] XSim::Simulate design
INFO: [USF-XSim-61] Executing 'SIMULATE' step in 'C:/Users/e190a104/Desktop/HW09_MIPS_CU_Solution/vivado_project/vivado_project.sim/sim_1/behav'
INFO: [USF-XSim-98] *** Running xsim
   with args "cu_tb_behav -key {Behavioral:sim_1:Functional:cu_tb} -tclbatch {cu_tb.tcl} -view {C:/Users/e190a104/Desktop/HW09_MIPS_CU_Solution/simulation_sources/cu_wave.wcfg} -log {simulate.log}"
INFO: [USF-XSim-8] Loading simulator feature
Vivado Simulator 2016.2
Time resolution is 1 ps
open_wave_config C:/Users/e190a104/Desktop/HW09_MIPS_CU_Solution/simulation_sources/cu_wave.wcfg
source cu_tb.tcl
# set curr_wave [current_wave_config]
# if { [string length $curr_wave] == 0 } {
#   if { [llength [get_objects]] > 0} {
#     add_wave /
#     set_property needs_save false [current_wave_config]
#   } else {
#      send_msg_id Add_Wave-1 WARNING "No top level signals found. Simulator will start without a wave window. If you want to open a wave window go to 'File->New Waveform Configuration' or type 'create_wave_config' in the TCL console."
#   }
# }
# run 400ns
INFO: [USF-XSim-96] XSim completed. Design snapshot 'cu_tb_behav' loaded.
INFO: [USF-XSim-97] XSim simulation ran for 400ns
launch_simulation: Time (s): cpu = 00:00:01 ; elapsed = 00:00:07 . Memory (MB): peak = 826.754 ; gain = 0.000
close_sim
INFO: [Simtcl 6-16] Simulation closed
launch_simulation
INFO: [USF-XSim-27] Simulation object is 'sim_1'
INFO: [USF-XSim-37] Inspecting design source files for 'cu_tb' in fileset 'sim_1'...
INFO: [USF-XSim-97] Finding global include files...
INFO: [USF-XSim-98] Fetching design files from 'sim_1'...
INFO: [USF-XSim-2] XSim::Compile design
INFO: [USF-XSim-61] Executing 'COMPILE and ANALYZE' step in 'C:/Users/e190a104/Desktop/HW09_MIPS_CU_Solution/vivado_project/vivado_project.sim/sim_1/behav'
"xvhdl -m64 --relax -prj cu_tb_vhdl.prj"
INFO: [VRFC 10-163] Analyzing VHDL file "C:/Users/e190a104/Desktop/HW09_MIPS_CU_Solution/design_sources/my_packages/ieee_2008/math_real.vhdl" into library xil_defaultlib
INFO: [VRFC 10-163] Analyzing VHDL file "C:/Users/e190a104/Desktop/HW09_MIPS_CU_Solution/design_sources/my_packages/my_package.vhd" into library xil_defaultlib
INFO: [VRFC 10-163] Analyzing VHDL file "C:/Users/e190a104/Desktop/HW09_MIPS_CU_Solution/design_sources/my_packages/ieee_2008/math_real-body.vhdl" into library xil_defaultlib
INFO: [VRFC 10-163] Analyzing VHDL file "C:/Users/e190a104/Desktop/HW09_MIPS_CU_Solution/design_sources/my_packages/my_package-body.vhd" into library xil_defaultlib
INFO: [VRFC 10-163] Analyzing VHDL file "C:/Users/e190a104/Desktop/HW09_MIPS_CU_Solution/design_sources/cu.vhd" into library xil_defaultlib
INFO: [VRFC 10-307] analyzing entity CU
INFO: [VRFC 10-163] Analyzing VHDL file "C:/Users/e190a104/Desktop/HW09_MIPS_CU_Solution/simulation_sources/cu_tb.vhd" into library xil_defaultlib
INFO: [VRFC 10-307] analyzing entity cu_tb
INFO: [USF-XSim-69] 'compile' step finished in '1' seconds
INFO: [USF-XSim-3] XSim::Elaborate design
INFO: [USF-XSim-61] Executing 'ELABORATE' step in 'C:/Users/e190a104/Desktop/HW09_MIPS_CU_Solution/vivado_project/vivado_project.sim/sim_1/behav'
Vivado Simulator 2016.2
Copyright 1986-1999, 2001-2016 Xilinx, Inc. All Rights Reserved.
Running: C:/Xilinx/Vivado/2016.2/bin/unwrapped/win64.o/xelab.exe -wto 1bec7975d4fa4f71997d8248aa5b5eb4 --debug typical --relax --mt 2 -L xil_defaultlib -L secureip --snapshot cu_tb_behav xil_defaultlib.cu_tb -log elaborate.log 
Using 2 slave threads.
Starting static elaboration
Completed static elaboration
Starting simulation data flow analysis
Completed simulation data flow analysis
Time Resolution for simulation is 1ps
Compiling package std.standard
Compiling package ieee.std_logic_1164
Compiling package xil_defaultlib.my_package
Compiling package xil_defaultlib.math_real
Compiling package ieee.std_logic_arith
Compiling package ieee.std_logic_unsigned
Compiling architecture behav of entity xil_defaultlib.CU [cu_default]
Compiling architecture behavior of entity xil_defaultlib.cu_tb
Built simulation snapshot cu_tb_behav

****** Webtalk v2016.2 (64-bit)
  **** SW Build 1577090 on Thu Jun  2 16:32:40 MDT 2016
  **** IP Build 1577682 on Fri Jun  3 12:00:54 MDT 2016
    ** Copyright 1986-2016 Xilinx, Inc. All Rights Reserved.

source C:/Users/e190a104/Desktop/HW09_MIPS_CU_Solution/vivado_project/vivado_project.sim/sim_1/behav/xsim.dir/cu_tb_behav/webtalk/xsim_webtalk.tcl -notrace
INFO: [Common 17-206] Exiting Webtalk at Wed Oct 25 01:10:43 2017...
INFO: [USF-XSim-69] 'elaborate' step finished in '4' seconds
INFO: [USF-XSim-4] XSim::Simulate design
INFO: [USF-XSim-61] Executing 'SIMULATE' step in 'C:/Users/e190a104/Desktop/HW09_MIPS_CU_Solution/vivado_project/vivado_project.sim/sim_1/behav'
INFO: [USF-XSim-98] *** Running xsim
   with args "cu_tb_behav -key {Behavioral:sim_1:Functional:cu_tb} -tclbatch {cu_tb.tcl} -view {C:/Users/e190a104/Desktop/HW09_MIPS_CU_Solution/simulation_sources/cu_wave.wcfg} -log {simulate.log}"
INFO: [USF-XSim-8] Loading simulator feature
Vivado Simulator 2016.2
Time resolution is 1 ps
open_wave_config C:/Users/e190a104/Desktop/HW09_MIPS_CU_Solution/simulation_sources/cu_wave.wcfg
source cu_tb.tcl
# set curr_wave [current_wave_config]
# if { [string length $curr_wave] == 0 } {
#   if { [llength [get_objects]] > 0} {
#     add_wave /
#     set_property needs_save false [current_wave_config]
#   } else {
#      send_msg_id Add_Wave-1 WARNING "No top level signals found. Simulator will start without a wave window. If you want to open a wave window go to 'File->New Waveform Configuration' or type 'create_wave_config' in the TCL console."
#   }
# }
# run 400ns
INFO: [USF-XSim-96] XSim completed. Design snapshot 'cu_tb_behav' loaded.
INFO: [USF-XSim-97] XSim simulation ran for 400ns
launch_simulation: Time (s): cpu = 00:00:01 ; elapsed = 00:00:07 . Memory (MB): peak = 826.754 ; gain = 0.000
close_sim
INFO: [Simtcl 6-16] Simulation closed
exit
INFO: [Common 17-206] Exiting Vivado at Wed Oct 25 01:53:04 2017...
