#-----------------------------------------------------------
# Vivado v2020.2 (64-bit)
# SW Build 3064766 on Wed Nov 18 09:12:45 MST 2020
# IP Build 3064653 on Wed Nov 18 14:17:31 MST 2020
# Start of session at: Fri Mar 10 13:36:18 2023
# Process ID: 19948
# Current directory: C:/Users/chase/OneDrive/Desktop/HW05_MIPS_ALU_Burkdoll/vivado_project
# Command line: vivado.exe -gui_launcher_event rodinguilauncherevent14540 C:\Users\chase\OneDrive\Desktop\HW05_MIPS_ALU_Burkdoll\vivado_project\vivado_project.xpr
# Log file: C:/Users/chase/OneDrive/Desktop/HW05_MIPS_ALU_Burkdoll/vivado_project/vivado.log
# Journal file: C:/Users/chase/OneDrive/Desktop/HW05_MIPS_ALU_Burkdoll/vivado_project\vivado.jou
#-----------------------------------------------------------
start_gui
open_project C:/Users/chase/OneDrive/Desktop/HW05_MIPS_ALU_Burkdoll/vivado_project/vivado_project.xpr
WARNING: [filemgmt 56-3] Default IP Output Path : Could not find the directory 'C:/Users/chase/OneDrive/Desktop/HW05_MIPS_ALU_Burkdoll/vivado_project/vivado_project.gen/sources_1'.
Scanning sources...
Finished scanning sources
INFO: [IP_Flow 19-234] Refreshing IP repositories
INFO: [IP_Flow 19-1704] No user IP repositories specified
INFO: [IP_Flow 19-2313] Loaded Vivado IP repository 'C:/Xilinx/Vivado/2020.2/data/ip'.
open_project: Time (s): cpu = 00:00:13 ; elapsed = 00:00:09 . Memory (MB): peak = 1197.203 ; gain = 0.000
update_compile_order -fileset sources_1
update_compile_order -fileset sources_1
update_compile_order -fileset sim_1
update_compile_order -fileset sources_1
update_compile_order -fileset sim_1
launch_simulation
Command: launch_simulation 
INFO: [Vivado 12-5682] Launching behavioral simulation in 'C:/Users/chase/OneDrive/Desktop/HW05_MIPS_ALU_Burkdoll/vivado_project/vivado_project.sim/sim_1/behav/xsim'
INFO: [SIM-utils-51] Simulation object is 'sim_1'
INFO: [SIM-utils-54] Inspecting design source files for 'ALU' in fileset 'sim_1'...
INFO: [USF-XSim-97] Finding global include files...
INFO: [USF-XSim-98] Fetching design files from 'sim_1'...
INFO: [USF-XSim-2] XSim::Compile design
INFO: [USF-XSim-61] Executing 'COMPILE and ANALYZE' step in 'C:/Users/chase/OneDrive/Desktop/HW05_MIPS_ALU_Burkdoll/vivado_project/vivado_project.sim/sim_1/behav/xsim'
"xvhdl --incr --relax -prj ALU_vhdl.prj"
INFO: [VRFC 10-163] Analyzing VHDL file "C:/Users/chase/OneDrive/Desktop/HW05_MIPS_ALU_Burkdoll/design_sources/alu.vhd" into library xil_defaultlib
INFO: [VRFC 10-3107] analyzing entity 'ALU'
ERROR: [VRFC 10-3202] cannot read from 'out' object 'c' ; use 'buffer' or 'inout' [C:/Users/chase/OneDrive/Desktop/HW05_MIPS_ALU_Burkdoll/design_sources/alu.vhd:42]
ERROR: [VRFC 10-724] found '0' definitions of operator "=", cannot determine exact overloaded matching definition for "=" [C:/Users/chase/OneDrive/Desktop/HW05_MIPS_ALU_Burkdoll/design_sources/alu.vhd:42]
ERROR: [VRFC 10-3202] cannot read from 'out' object 'c' ; use 'buffer' or 'inout' [C:/Users/chase/OneDrive/Desktop/HW05_MIPS_ALU_Burkdoll/design_sources/alu.vhd:47]
ERROR: [VRFC 10-724] found '0' definitions of operator "<", cannot determine exact overloaded matching definition for "<" [C:/Users/chase/OneDrive/Desktop/HW05_MIPS_ALU_Burkdoll/design_sources/alu.vhd:47]
ERROR: [VRFC 10-3202] cannot read from 'out' object 'c' ; use 'buffer' or 'inout' [C:/Users/chase/OneDrive/Desktop/HW05_MIPS_ALU_Burkdoll/design_sources/alu.vhd:54]
ERROR: [VRFC 10-724] found '0' definitions of operator "=", cannot determine exact overloaded matching definition for "=" [C:/Users/chase/OneDrive/Desktop/HW05_MIPS_ALU_Burkdoll/design_sources/alu.vhd:54]
ERROR: [VRFC 10-3202] cannot read from 'out' object 'c' ; use 'buffer' or 'inout' [C:/Users/chase/OneDrive/Desktop/HW05_MIPS_ALU_Burkdoll/design_sources/alu.vhd:59]
ERROR: [VRFC 10-724] found '0' definitions of operator ">", cannot determine exact overloaded matching definition for ">" [C:/Users/chase/OneDrive/Desktop/HW05_MIPS_ALU_Burkdoll/design_sources/alu.vhd:59]
ERROR: [VRFC 10-3782] unit 'behav' ignored due to previous errors [C:/Users/chase/OneDrive/Desktop/HW05_MIPS_ALU_Burkdoll/design_sources/alu.vhd:17]
INFO: [VRFC 10-3070] VHDL file 'C:/Users/chase/OneDrive/Desktop/HW05_MIPS_ALU_Burkdoll/design_sources/alu.vhd' ignored due to errors
INFO: [USF-XSim-69] 'compile' step finished in '3' seconds
INFO: [USF-XSim-99] Step results log file:'C:/Users/chase/OneDrive/Desktop/HW05_MIPS_ALU_Burkdoll/vivado_project/vivado_project.sim/sim_1/behav/xsim/xvhdl.log'
ERROR: [USF-XSim-62] 'compile' step failed with error(s). Please check the Tcl console output or 'C:/Users/chase/OneDrive/Desktop/HW05_MIPS_ALU_Burkdoll/vivado_project/vivado_project.sim/sim_1/behav/xsim/xvhdl.log' file for more information.
ERROR: [Vivado 12-4473] Detected error while running simulation. Please correct the issue and retry this operation.
ERROR: [Common 17-39] 'launch_simulation' failed due to earlier errors.
launch_simulation
Command: launch_simulation 
INFO: [Vivado 12-5682] Launching behavioral simulation in 'C:/Users/chase/OneDrive/Desktop/HW05_MIPS_ALU_Burkdoll/vivado_project/vivado_project.sim/sim_1/behav/xsim'
INFO: [SIM-utils-51] Simulation object is 'sim_1'
INFO: [SIM-utils-54] Inspecting design source files for 'ALU' in fileset 'sim_1'...
INFO: [USF-XSim-97] Finding global include files...
INFO: [USF-XSim-98] Fetching design files from 'sim_1'...
INFO: [USF-XSim-2] XSim::Compile design
INFO: [USF-XSim-61] Executing 'COMPILE and ANALYZE' step in 'C:/Users/chase/OneDrive/Desktop/HW05_MIPS_ALU_Burkdoll/vivado_project/vivado_project.sim/sim_1/behav/xsim'
"xvhdl --incr --relax -prj ALU_vhdl.prj"
INFO: [VRFC 10-163] Analyzing VHDL file "C:/Users/chase/OneDrive/Desktop/HW05_MIPS_ALU_Burkdoll/simulation_sources/alu_tb.vhd" into library xil_defaultlib
INFO: [VRFC 10-3107] analyzing entity 'alu_tb'
INFO: [USF-XSim-69] 'compile' step finished in '2' seconds
INFO: [USF-XSim-3] XSim::Elaborate design
INFO: [USF-XSim-61] Executing 'ELABORATE' step in 'C:/Users/chase/OneDrive/Desktop/HW05_MIPS_ALU_Burkdoll/vivado_project/vivado_project.sim/sim_1/behav/xsim'
"xelab -wto 9e2b072275244339bf10996a74805bbb --incr --debug typical --relax --mt 2 -L xil_defaultlib -L secureip --snapshot ALU_behav xil_defaultlib.ALU -log elaborate.log"
INFO: [Common 17-41] Interrupt caught. Command should exit soon.
Vivado Simulator 2020.2
Copyright 1986-1999, 2001-2020 Xilinx, Inc. All Rights Reserved.
Running: C:/Xilinx/Vivado/2020.2/bin/unwrapped/win64.o/xelab.exe -wto 9e2b072275244339bf10996a74805bbb --incr --debug typical --relax --mt 2 -L xil_defaultlib -L secureip --snapshot ALU_behav xil_defaultlib.ALU -log elaborate.log 
Using 2 slave threads.
Starting static elaboration
ERROR: [VRFC 10-2335] case statement does not cover all choices. 'others' clause is needed [C:/Users/chase/OneDrive/Desktop/HW05_MIPS_ALU_Burkdoll/design_sources/alu.vhd:35]
ERROR: [XSIM 43-3321] Static elaboration of top level VHDL design unit alu in library work failed.
INFO: [Common 17-344] 'run_program' was cancelled
INFO: [Vivado 12-5357] 'elaborate' step aborted
launch_simulation: Time (s): cpu = 00:00:00 ; elapsed = 00:00:08 . Memory (MB): peak = 1197.203 ; gain = 0.000
INFO: [Common 17-344] 'launch_simulation' was cancelled
update_compile_order -fileset sources_1
update_compile_order -fileset sim_1
update_compile_order -fileset sources_1
launch_simulation
Command: launch_simulation 
INFO: [Vivado 12-5682] Launching behavioral simulation in 'C:/Users/chase/OneDrive/Desktop/HW05_MIPS_ALU_Burkdoll/vivado_project/vivado_project.sim/sim_1/behav/xsim'
INFO: [SIM-utils-51] Simulation object is 'sim_1'
INFO: [SIM-utils-54] Inspecting design source files for 'alu_tb' in fileset 'sim_1'...
INFO: [USF-XSim-97] Finding global include files...
INFO: [USF-XSim-98] Fetching design files from 'sim_1'...
INFO: [USF-XSim-2] XSim::Compile design
INFO: [USF-XSim-61] Executing 'COMPILE and ANALYZE' step in 'C:/Users/chase/OneDrive/Desktop/HW05_MIPS_ALU_Burkdoll/vivado_project/vivado_project.sim/sim_1/behav/xsim'
"xvhdl --incr --relax -prj alu_tb_vhdl.prj"
INFO: [VRFC 10-163] Analyzing VHDL file "C:/Users/chase/OneDrive/Desktop/HW05_MIPS_ALU_Burkdoll/design_sources/alu.vhd" into library xil_defaultlib
INFO: [VRFC 10-3107] analyzing entity 'ALU'
INFO: [USF-XSim-69] 'compile' step finished in '2' seconds
INFO: [USF-XSim-3] XSim::Elaborate design
INFO: [USF-XSim-61] Executing 'ELABORATE' step in 'C:/Users/chase/OneDrive/Desktop/HW05_MIPS_ALU_Burkdoll/vivado_project/vivado_project.sim/sim_1/behav/xsim'
"xelab -wto 9e2b072275244339bf10996a74805bbb --incr --debug typical --relax --mt 2 -L xil_defaultlib -L secureip --snapshot alu_tb_behav xil_defaultlib.alu_tb -log elaborate.log"
Vivado Simulator 2020.2
Copyright 1986-1999, 2001-2020 Xilinx, Inc. All Rights Reserved.
Running: C:/Xilinx/Vivado/2020.2/bin/unwrapped/win64.o/xelab.exe -wto 9e2b072275244339bf10996a74805bbb --incr --debug typical --relax --mt 2 -L xil_defaultlib -L secureip --snapshot alu_tb_behav xil_defaultlib.alu_tb -log elaborate.log 
Using 2 slave threads.
Starting static elaboration
Completed static elaboration
Starting simulation data flow analysis
Completed simulation data flow analysis
Time Resolution for simulation is 1ps
Compiling package std.standard
Compiling package std.textio
Compiling package ieee.std_logic_1164
Compiling package xil_defaultlib.my_package
Compiling package xil_defaultlib.math_real
Compiling package ieee.numeric_std
Compiling architecture behav of entity xil_defaultlib.ALU [alu_default]
Compiling architecture behavior of entity xil_defaultlib.alu_tb
Built simulation snapshot alu_tb_behav

****** Webtalk v2020.2 (64-bit)
  **** SW Build 3064766 on Wed Nov 18 09:12:45 MST 2020
  **** IP Build 3064653 on Wed Nov 18 14:17:31 MST 2020
    ** Copyright 1986-2020 Xilinx, Inc. All Rights Reserved.

source C:/Users/chase/OneDrive/Desktop/HW05_MIPS_ALU_Burkdoll/vivado_project/vivado_project.sim/sim_1/behav/xsim/xsim.dir/alu_tb_behav/webtalk/xsim_webtalk.tcl -notrace
INFO: [Common 17-186] 'C:/Users/chase/OneDrive/Desktop/HW05_MIPS_ALU_Burkdoll/vivado_project/vivado_project.sim/sim_1/behav/xsim/xsim.dir/alu_tb_behav/webtalk/usage_statistics_ext_xsim.xml' has been successfully sent to Xilinx on Fri Mar 10 15:15:06 2023. For additional details about this file, please refer to the WebTalk help file at C:/Xilinx/Vivado/2020.2/doc/webtalk_introduction.html.
INFO: [Common 17-206] Exiting Webtalk at Fri Mar 10 15:15:06 2023...
run_program: Time (s): cpu = 00:00:00 ; elapsed = 00:00:10 . Memory (MB): peak = 1197.203 ; gain = 0.000
INFO: [USF-XSim-69] 'elaborate' step finished in '10' seconds
INFO: [USF-XSim-4] XSim::Simulate design
INFO: [USF-XSim-61] Executing 'SIMULATE' step in 'C:/Users/chase/OneDrive/Desktop/HW05_MIPS_ALU_Burkdoll/vivado_project/vivado_project.sim/sim_1/behav/xsim'
INFO: [USF-XSim-98] *** Running xsim
   with args "alu_tb_behav -key {Behavioral:sim_1:Functional:alu_tb} -tclbatch {alu_tb.tcl} -view {C:/Users/chase/OneDrive/Desktop/HW05_MIPS_ALU_Burkdoll/simulation_sources/alu_wave.wcfg} -log {simulate.log}"
INFO: [USF-XSim-8] Loading simulator feature
Vivado Simulator 2020.2
Time resolution is 1 ps
open_wave_config C:/Users/chase/OneDrive/Desktop/HW05_MIPS_ALU_Burkdoll/simulation_sources/alu_wave.wcfg
source alu_tb.tcl
# set curr_wave [current_wave_config]
# if { [string length $curr_wave] == 0 } {
#   if { [llength [get_objects]] > 0} {
#     add_wave /
#     set_property needs_save false [current_wave_config]
#   } else {
#      send_msg_id Add_Wave-1 WARNING "No top level signals found. Simulator will start without a wave window. If you want to open a wave window go to 'File->New Waveform Configuration' or type 'create_wave_config' in the TCL console."
#   }
# }
# run 1100ns
INFO: [USF-XSim-96] XSim completed. Design snapshot 'alu_tb_behav' loaded.
INFO: [USF-XSim-97] XSim simulation ran for 1100ns
launch_simulation: Time (s): cpu = 00:00:02 ; elapsed = 00:00:17 . Memory (MB): peak = 1197.203 ; gain = 0.000
close_sim
INFO: [Simtcl 6-16] Simulation closed
close_sim: Time (s): cpu = 00:00:01 ; elapsed = 00:00:06 . Memory (MB): peak = 1197.203 ; gain = 0.000
launch_simulation
Command: launch_simulation 
INFO: [Vivado 12-5682] Launching behavioral simulation in 'C:/Users/chase/OneDrive/Desktop/HW05_MIPS_ALU_Burkdoll/vivado_project/vivado_project.sim/sim_1/behav/xsim'
INFO: [SIM-utils-51] Simulation object is 'sim_1'
INFO: [SIM-utils-54] Inspecting design source files for 'alu_tb' in fileset 'sim_1'...
INFO: [USF-XSim-97] Finding global include files...
INFO: [USF-XSim-98] Fetching design files from 'sim_1'...
INFO: [USF-XSim-2] XSim::Compile design
INFO: [USF-XSim-61] Executing 'COMPILE and ANALYZE' step in 'C:/Users/chase/OneDrive/Desktop/HW05_MIPS_ALU_Burkdoll/vivado_project/vivado_project.sim/sim_1/behav/xsim'
"xvhdl --incr --relax -prj alu_tb_vhdl.prj"
INFO: [VRFC 10-163] Analyzing VHDL file "C:/Users/chase/OneDrive/Desktop/HW05_MIPS_ALU_Burkdoll/design_sources/alu.vhd" into library xil_defaultlib
INFO: [VRFC 10-3107] analyzing entity 'ALU'
INFO: [USF-XSim-69] 'compile' step finished in '2' seconds
INFO: [USF-XSim-3] XSim::Elaborate design
INFO: [USF-XSim-61] Executing 'ELABORATE' step in 'C:/Users/chase/OneDrive/Desktop/HW05_MIPS_ALU_Burkdoll/vivado_project/vivado_project.sim/sim_1/behav/xsim'
"xelab -wto 9e2b072275244339bf10996a74805bbb --incr --debug typical --relax --mt 2 -L xil_defaultlib -L secureip --snapshot alu_tb_behav xil_defaultlib.alu_tb -log elaborate.log"
Vivado Simulator 2020.2
Copyright 1986-1999, 2001-2020 Xilinx, Inc. All Rights Reserved.
Running: C:/Xilinx/Vivado/2020.2/bin/unwrapped/win64.o/xelab.exe -wto 9e2b072275244339bf10996a74805bbb --incr --debug typical --relax --mt 2 -L xil_defaultlib -L secureip --snapshot alu_tb_behav xil_defaultlib.alu_tb -log elaborate.log 
Using 2 slave threads.
Starting static elaboration
Completed static elaboration
Starting simulation data flow analysis
Completed simulation data flow analysis
Time Resolution for simulation is 1ps
Compiling package std.standard
Compiling package std.textio
Compiling package ieee.std_logic_1164
Compiling package xil_defaultlib.my_package
Compiling package xil_defaultlib.math_real
Compiling package ieee.numeric_std
Compiling architecture behav of entity xil_defaultlib.ALU [alu_default]
Compiling architecture behavior of entity xil_defaultlib.alu_tb
Built simulation snapshot alu_tb_behav
INFO: [USF-XSim-69] 'elaborate' step finished in '2' seconds
INFO: [USF-XSim-4] XSim::Simulate design
INFO: [USF-XSim-61] Executing 'SIMULATE' step in 'C:/Users/chase/OneDrive/Desktop/HW05_MIPS_ALU_Burkdoll/vivado_project/vivado_project.sim/sim_1/behav/xsim'
INFO: [USF-XSim-98] *** Running xsim
   with args "alu_tb_behav -key {Behavioral:sim_1:Functional:alu_tb} -tclbatch {alu_tb.tcl} -view {C:/Users/chase/OneDrive/Desktop/HW05_MIPS_ALU_Burkdoll/simulation_sources/alu_wave.wcfg} -log {simulate.log}"
INFO: [USF-XSim-8] Loading simulator feature
Vivado Simulator 2020.2
Time resolution is 1 ps
open_wave_config C:/Users/chase/OneDrive/Desktop/HW05_MIPS_ALU_Burkdoll/simulation_sources/alu_wave.wcfg
source alu_tb.tcl
# set curr_wave [current_wave_config]
# if { [string length $curr_wave] == 0 } {
#   if { [llength [get_objects]] > 0} {
#     add_wave /
#     set_property needs_save false [current_wave_config]
#   } else {
#      send_msg_id Add_Wave-1 WARNING "No top level signals found. Simulator will start without a wave window. If you want to open a wave window go to 'File->New Waveform Configuration' or type 'create_wave_config' in the TCL console."
#   }
# }
# run 1100ns
INFO: [USF-XSim-96] XSim completed. Design snapshot 'alu_tb_behav' loaded.
INFO: [USF-XSim-97] XSim simulation ran for 1100ns
launch_simulation: Time (s): cpu = 00:00:02 ; elapsed = 00:00:07 . Memory (MB): peak = 1197.203 ; gain = 0.000
close_sim
INFO: [Simtcl 6-16] Simulation closed
launch_simulation
Command: launch_simulation 
INFO: [Vivado 12-5682] Launching behavioral simulation in 'C:/Users/chase/OneDrive/Desktop/HW05_MIPS_ALU_Burkdoll/vivado_project/vivado_project.sim/sim_1/behav/xsim'
INFO: [SIM-utils-51] Simulation object is 'sim_1'
INFO: [SIM-utils-54] Inspecting design source files for 'alu_tb' in fileset 'sim_1'...
INFO: [USF-XSim-97] Finding global include files...
INFO: [USF-XSim-98] Fetching design files from 'sim_1'...
INFO: [USF-XSim-2] XSim::Compile design
INFO: [USF-XSim-61] Executing 'COMPILE and ANALYZE' step in 'C:/Users/chase/OneDrive/Desktop/HW05_MIPS_ALU_Burkdoll/vivado_project/vivado_project.sim/sim_1/behav/xsim'
"xvhdl --incr --relax -prj alu_tb_vhdl.prj"
INFO: [VRFC 10-163] Analyzing VHDL file "C:/Users/chase/OneDrive/Desktop/HW05_MIPS_ALU_Burkdoll/design_sources/alu.vhd" into library xil_defaultlib
INFO: [VRFC 10-3107] analyzing entity 'ALU'
INFO: [USF-XSim-69] 'compile' step finished in '1' seconds
INFO: [USF-XSim-3] XSim::Elaborate design
INFO: [USF-XSim-61] Executing 'ELABORATE' step in 'C:/Users/chase/OneDrive/Desktop/HW05_MIPS_ALU_Burkdoll/vivado_project/vivado_project.sim/sim_1/behav/xsim'
"xelab -wto 9e2b072275244339bf10996a74805bbb --incr --debug typical --relax --mt 2 -L xil_defaultlib -L secureip --snapshot alu_tb_behav xil_defaultlib.alu_tb -log elaborate.log"
Vivado Simulator 2020.2
Copyright 1986-1999, 2001-2020 Xilinx, Inc. All Rights Reserved.
Running: C:/Xilinx/Vivado/2020.2/bin/unwrapped/win64.o/xelab.exe -wto 9e2b072275244339bf10996a74805bbb --incr --debug typical --relax --mt 2 -L xil_defaultlib -L secureip --snapshot alu_tb_behav xil_defaultlib.alu_tb -log elaborate.log 
Using 2 slave threads.
Starting static elaboration
Completed static elaboration
Starting simulation data flow analysis
Completed simulation data flow analysis
Time Resolution for simulation is 1ps
Compiling package std.standard
Compiling package std.textio
Compiling package ieee.std_logic_1164
Compiling package xil_defaultlib.my_package
Compiling package xil_defaultlib.math_real
Compiling package ieee.numeric_std
Compiling architecture behav of entity xil_defaultlib.ALU [alu_default]
Compiling architecture behavior of entity xil_defaultlib.alu_tb
Built simulation snapshot alu_tb_behav
INFO: [USF-XSim-69] 'elaborate' step finished in '2' seconds
INFO: [USF-XSim-4] XSim::Simulate design
INFO: [USF-XSim-61] Executing 'SIMULATE' step in 'C:/Users/chase/OneDrive/Desktop/HW05_MIPS_ALU_Burkdoll/vivado_project/vivado_project.sim/sim_1/behav/xsim'
INFO: [USF-XSim-98] *** Running xsim
   with args "alu_tb_behav -key {Behavioral:sim_1:Functional:alu_tb} -tclbatch {alu_tb.tcl} -view {C:/Users/chase/OneDrive/Desktop/HW05_MIPS_ALU_Burkdoll/simulation_sources/alu_wave.wcfg} -log {simulate.log}"
INFO: [USF-XSim-8] Loading simulator feature
Vivado Simulator 2020.2
Time resolution is 1 ps
open_wave_config C:/Users/chase/OneDrive/Desktop/HW05_MIPS_ALU_Burkdoll/simulation_sources/alu_wave.wcfg
source alu_tb.tcl
# set curr_wave [current_wave_config]
# if { [string length $curr_wave] == 0 } {
#   if { [llength [get_objects]] > 0} {
#     add_wave /
#     set_property needs_save false [current_wave_config]
#   } else {
#      send_msg_id Add_Wave-1 WARNING "No top level signals found. Simulator will start without a wave window. If you want to open a wave window go to 'File->New Waveform Configuration' or type 'create_wave_config' in the TCL console."
#   }
# }
# run 1100ns
INFO: [USF-XSim-96] XSim completed. Design snapshot 'alu_tb_behav' loaded.
INFO: [USF-XSim-97] XSim simulation ran for 1100ns
launch_simulation: Time (s): cpu = 00:00:02 ; elapsed = 00:00:07 . Memory (MB): peak = 1197.203 ; gain = 0.000
close_sim
INFO: [Simtcl 6-16] Simulation closed
launch_simulation
Command: launch_simulation 
INFO: [Vivado 12-5682] Launching behavioral simulation in 'C:/Users/chase/OneDrive/Desktop/HW05_MIPS_ALU_Burkdoll/vivado_project/vivado_project.sim/sim_1/behav/xsim'
INFO: [SIM-utils-51] Simulation object is 'sim_1'
INFO: [SIM-utils-54] Inspecting design source files for 'alu_tb' in fileset 'sim_1'...
INFO: [USF-XSim-97] Finding global include files...
INFO: [USF-XSim-98] Fetching design files from 'sim_1'...
INFO: [USF-XSim-2] XSim::Compile design
INFO: [USF-XSim-61] Executing 'COMPILE and ANALYZE' step in 'C:/Users/chase/OneDrive/Desktop/HW05_MIPS_ALU_Burkdoll/vivado_project/vivado_project.sim/sim_1/behav/xsim'
"xvhdl --incr --relax -prj alu_tb_vhdl.prj"
INFO: [VRFC 10-163] Analyzing VHDL file "C:/Users/chase/OneDrive/Desktop/HW05_MIPS_ALU_Burkdoll/design_sources/alu.vhd" into library xil_defaultlib
INFO: [VRFC 10-3107] analyzing entity 'ALU'
INFO: [USF-XSim-69] 'compile' step finished in '2' seconds
INFO: [USF-XSim-3] XSim::Elaborate design
INFO: [USF-XSim-61] Executing 'ELABORATE' step in 'C:/Users/chase/OneDrive/Desktop/HW05_MIPS_ALU_Burkdoll/vivado_project/vivado_project.sim/sim_1/behav/xsim'
"xelab -wto 9e2b072275244339bf10996a74805bbb --incr --debug typical --relax --mt 2 -L xil_defaultlib -L secureip --snapshot alu_tb_behav xil_defaultlib.alu_tb -log elaborate.log"
Vivado Simulator 2020.2
Copyright 1986-1999, 2001-2020 Xilinx, Inc. All Rights Reserved.
Running: C:/Xilinx/Vivado/2020.2/bin/unwrapped/win64.o/xelab.exe -wto 9e2b072275244339bf10996a74805bbb --incr --debug typical --relax --mt 2 -L xil_defaultlib -L secureip --snapshot alu_tb_behav xil_defaultlib.alu_tb -log elaborate.log 
Using 2 slave threads.
Starting static elaboration
Completed static elaboration
Starting simulation data flow analysis
Completed simulation data flow analysis
Time Resolution for simulation is 1ps
Compiling package std.standard
Compiling package std.textio
Compiling package ieee.std_logic_1164
Compiling package xil_defaultlib.my_package
Compiling package xil_defaultlib.math_real
Compiling package ieee.numeric_std
Compiling architecture behav of entity xil_defaultlib.ALU [alu_default]
Compiling architecture behavior of entity xil_defaultlib.alu_tb
Built simulation snapshot alu_tb_behav
INFO: [USF-XSim-69] 'elaborate' step finished in '2' seconds
INFO: [USF-XSim-4] XSim::Simulate design
INFO: [USF-XSim-61] Executing 'SIMULATE' step in 'C:/Users/chase/OneDrive/Desktop/HW05_MIPS_ALU_Burkdoll/vivado_project/vivado_project.sim/sim_1/behav/xsim'
INFO: [USF-XSim-98] *** Running xsim
   with args "alu_tb_behav -key {Behavioral:sim_1:Functional:alu_tb} -tclbatch {alu_tb.tcl} -view {C:/Users/chase/OneDrive/Desktop/HW05_MIPS_ALU_Burkdoll/simulation_sources/alu_wave.wcfg} -log {simulate.log}"
INFO: [USF-XSim-8] Loading simulator feature
Vivado Simulator 2020.2
Time resolution is 1 ps
open_wave_config C:/Users/chase/OneDrive/Desktop/HW05_MIPS_ALU_Burkdoll/simulation_sources/alu_wave.wcfg
source alu_tb.tcl
# set curr_wave [current_wave_config]
# if { [string length $curr_wave] == 0 } {
#   if { [llength [get_objects]] > 0} {
#     add_wave /
#     set_property needs_save false [current_wave_config]
#   } else {
#      send_msg_id Add_Wave-1 WARNING "No top level signals found. Simulator will start without a wave window. If you want to open a wave window go to 'File->New Waveform Configuration' or type 'create_wave_config' in the TCL console."
#   }
# }
# run 1100ns
INFO: [USF-XSim-96] XSim completed. Design snapshot 'alu_tb_behav' loaded.
INFO: [USF-XSim-97] XSim simulation ran for 1100ns
launch_simulation: Time (s): cpu = 00:00:02 ; elapsed = 00:00:07 . Memory (MB): peak = 1197.203 ; gain = 0.000
close_sim
INFO: [Simtcl 6-16] Simulation closed
exit
INFO: [Common 17-206] Exiting Vivado at Fri Mar 10 16:24:08 2023...
