#-----------------------------------------------------------
# Vivado v2020.2 (64-bit)
# SW Build 3064766 on Wed Nov 18 09:12:45 MST 2020
# IP Build 3064653 on Wed Nov 18 14:17:31 MST 2020
# Start of session at: Thu Mar  9 20:32:09 2023
# Process ID: 22888
# Current directory: C:/Users/chase/OneDrive/Desktop/HW05_MIPS_ALU_Burkdoll/vivado_project
# Command line: vivado.exe -gui_launcher_event rodinguilauncherevent17184 C:\Users\chase\OneDrive\Desktop\HW05_MIPS_ALU_Burkdoll\vivado_project\vivado_project.xpr
# Log file: C:/Users/chase/OneDrive/Desktop/HW05_MIPS_ALU_Burkdoll/vivado_project/vivado.log
# Journal file: C:/Users/chase/OneDrive/Desktop/HW05_MIPS_ALU_Burkdoll/vivado_project\vivado.jou
#-----------------------------------------------------------
start_gui
open_project C:/Users/chase/OneDrive/Desktop/HW05_MIPS_ALU_Burkdoll/vivado_project/vivado_project.xpr
WARNING: [filemgmt 56-3] Default IP Output Path : Could not find the directory 'C:/Users/chase/OneDrive/Desktop/HW05_MIPS_ALU_Burkdoll/vivado_project/vivado_project.gen/sources_1'.
Scanning sources...
Finished scanning sources
INFO: [IP_Flow 19-234] Refreshing IP repositories
INFO: [IP_Flow 19-1704] No user IP repositories specified
INFO: [IP_Flow 19-2313] Loaded Vivado IP repository 'C:/Xilinx/Vivado/2020.2/data/ip'.
update_compile_order -fileset sources_1
launch_simulation
Command: launch_simulation 
INFO: [Vivado 12-5682] Launching behavioral simulation in 'C:/Users/chase/OneDrive/Desktop/HW05_MIPS_ALU_Burkdoll/vivado_project/vivado_project.sim/sim_1/behav/xsim'
INFO: [SIM-utils-51] Simulation object is 'sim_1'
INFO: [SIM-utils-54] Inspecting design source files for 'ALU' in fileset 'sim_1'...
INFO: [USF-XSim-97] Finding global include files...
INFO: [USF-XSim-98] Fetching design files from 'sim_1'...
INFO: [USF-XSim-2] XSim::Compile design
INFO: [USF-XSim-61] Executing 'COMPILE and ANALYZE' step in 'C:/Users/chase/OneDrive/Desktop/HW05_MIPS_ALU_Burkdoll/vivado_project/vivado_project.sim/sim_1/behav/xsim'
"xvhdl --incr --relax -prj ALU_vhdl.prj"
INFO: [VRFC 10-163] Analyzing VHDL file "C:/Users/chase/OneDrive/Desktop/HW05_MIPS_ALU_Burkdoll/design_sources/my_packages/my_package.vhd" into library xil_defaultlib
INFO: [VRFC 10-163] Analyzing VHDL file "C:/Users/chase/OneDrive/Desktop/HW05_MIPS_ALU_Burkdoll/design_sources/my_packages/ieee_2008/math_real.vhdl" into library xil_defaultlib
INFO: [VRFC 10-163] Analyzing VHDL file "C:/Users/chase/OneDrive/Desktop/HW05_MIPS_ALU_Burkdoll/design_sources/my_packages/ieee_2008/math_real-body.vhdl" into library xil_defaultlib
INFO: [VRFC 10-163] Analyzing VHDL file "C:/Users/chase/OneDrive/Desktop/HW05_MIPS_ALU_Burkdoll/design_sources/my_packages/my_package-body.vhd" into library xil_defaultlib
INFO: [VRFC 10-163] Analyzing VHDL file "C:/Users/chase/OneDrive/Desktop/HW05_MIPS_ALU_Burkdoll/design_sources/alu.vhd" into library xil_defaultlib
INFO: [VRFC 10-3107] analyzing entity 'ALU'
INFO: [USF-XSim-69] 'compile' step finished in '1' seconds
INFO: [USF-XSim-3] XSim::Elaborate design
INFO: [USF-XSim-61] Executing 'ELABORATE' step in 'C:/Users/chase/OneDrive/Desktop/HW05_MIPS_ALU_Burkdoll/vivado_project/vivado_project.sim/sim_1/behav/xsim'
"xelab -wto 9e2b072275244339bf10996a74805bbb --incr --debug typical --relax --mt 2 -L xil_defaultlib -L secureip --snapshot ALU_behav xil_defaultlib.ALU -log elaborate.log"
Vivado Simulator 2020.2
Copyright 1986-1999, 2001-2020 Xilinx, Inc. All Rights Reserved.
Running: C:/Xilinx/Vivado/2020.2/bin/unwrapped/win64.o/xelab.exe -wto 9e2b072275244339bf10996a74805bbb --incr --debug typical --relax --mt 2 -L xil_defaultlib -L secureip --snapshot ALU_behav xil_defaultlib.ALU -log elaborate.log 
Using 2 slave threads.
Starting static elaboration
ERROR: [VRFC 10-2335] case statement does not cover all choices. 'others' clause is needed [C:/Users/chase/OneDrive/Desktop/HW05_MIPS_ALU_Burkdoll/design_sources/alu.vhd:35]
ERROR: [XSIM 43-3321] Static elaboration of top level VHDL design unit alu in library work failed.
INFO: [USF-XSim-69] 'elaborate' step finished in '1' seconds
INFO: [USF-XSim-99] Step results log file:'C:/Users/chase/OneDrive/Desktop/HW05_MIPS_ALU_Burkdoll/vivado_project/vivado_project.sim/sim_1/behav/xsim/elaborate.log'
ERROR: [USF-XSim-62] 'elaborate' step failed with error(s). Please check the Tcl console output or 'C:/Users/chase/OneDrive/Desktop/HW05_MIPS_ALU_Burkdoll/vivado_project/vivado_project.sim/sim_1/behav/xsim/elaborate.log' file for more information.
ERROR: [Vivado 12-4473] Detected error while running simulation. Please correct the issue and retry this operation.
ERROR: [Common 17-39] 'launch_simulation' failed due to earlier errors.
exit
INFO: [Common 17-206] Exiting Vivado at Thu Mar  9 20:36:43 2023...
