Unable to capture context for thread 4560 in process 5276, can not generate back trace
Unable to capture context for thread 8480 in process 5276, can not generate back trace
Unable to capture context for thread 12544 in process 5276, can not generate back trace
Exception at PC 0x000007FEFD7AA06D
Exception at PC 0x000007FEFD7AA06D
Exception at PC 0x000007FEFD7AA06D
Exception at PC 0x000007FEFD7AA06D
Exception at PC 0x000007FEFD7AA06D
Exception at PC 0x000007FEB2A4BB93
Printing stacktrace...

Unable to capture context for thread 10656 in process 5276, can not generate back trace
Exception at PC 0x000007FEFD7AA06D
Exception at PC 0x000007FEFD7AA06D
Exception at PC 0x000007FEFD7AA06D
Exception at PC 0x000007FEFD7AA06D
Exception at PC 0x000007FEFD7AA06D
Exception at PC 0x000007FEFD7AA06D
Exception at PC 0x000007FEFD7AA06D
Exception at PC 0x000007FEFD7AA06D
Exception at PC 0x000007FEFD7AA06D
Exception at PC 0x000007FEFD7AA06D
Exception at PC 0x000007FEFD7AA06D
Exception at PC 0x000007FEFD7AA06D
Exception at PC 0x000007FEFD7AA06D
Exception at PC 0x000007FEFD7AA06D
[0]  [0x000007FEB2A4BB93]
[1]  [0x000007FEB2A4BB93]
[2]  [0x000007FEB2A4B4A1]
[3]  [0x000007FEB2A4B3EF]
[4]  [0x000007FEB2A319FE]
[5]  [0x000007FEB2A30ED1]
[6]  [0x000007FEB2A30D76]
[7]  [0x000007FEB29D79F6]
[8]  [0x000007FEB29C7AFB]
[9]  [0x000007FEB2AEE90A]
[10]  [0x000007FEB2B09F87]
[11]  [0x000007FEB2B0A05F]
[12] (BaseThreadInitThunk+0xd) [0x00000000777859CD]
[13] (RtlUserThreadStart+0x21) [0x00000000779BA561]
Done
