#-----------------------------------------------------------
# Vivado v2020.2 (64-bit)
# SW Build 3064766 on Wed Nov 18 09:12:45 MST 2020
# IP Build 3064653 on Wed Nov 18 14:17:31 MST 2020
# Start of session at: Fri Jan 27 11:03:33 2023
# Process ID: 1440
# Current directory: C:/Users/chase/OneDrive/Documents/Spring 23/EECS 645 - Computer Architecture/HW01_Type_Mismatch_Burkdoll/mod_m_up_dn_count/vivado_project
# Command line: vivado.exe -gui_launcher_event rodinguilauncherevent23536 C:\Users\chase\OneDrive\Documents\Spring 23\EECS 645 - Computer Architecture\HW01_Type_Mismatch_Burkdoll\mod_m_up_dn_count\vivado_project\vivado_project.xpr
# Log file: C:/Users/chase/OneDrive/Documents/Spring 23/EECS 645 - Computer Architecture/HW01_Type_Mismatch_Burkdoll/mod_m_up_dn_count/vivado_project/vivado.log
# Journal file: C:/Users/chase/OneDrive/Documents/Spring 23/EECS 645 - Computer Architecture/HW01_Type_Mismatch_Burkdoll/mod_m_up_dn_count/vivado_project\vivado.jou
#-----------------------------------------------------------
start_guioopen_project {C:/Users/chase/OneDrive/Documents/Spring 23/EECS 645 - Computer Architecture/HW01_Type_Mismatch_Burkdoll/mod_m_up_dn_count/vivado_project/vivado_project.xpr}
INFO: [ProjectBase 1-489] The host OS only allows 260 characters in a normal path. The project is stored in a path with more than 80 characters. If you experience issues with IP, Block Designs, or files not being found, please consider moving the project to a location with a shorter path. Alternately consider using the OS subst command to map part of the path to a drive letter.
Current project path is 'C:/Users/chase/OneDrive/Documents/Spring 23/EECS 645 - Computer Architecture/HW01_Type_Mismatch_Burkdoll/mod_m_up_dn_count/vivado_project'
WARNING: [filemgmt 56-3] Default IP Output Path : Could not find the directory 'C:/Users/chase/OneDrive/Documents/Spring 23/EECS 645 - Computer Architecture/HW01_Type_Mismatch_Burkdoll/mod_m_up_dn_count/vivado_project/vivado_project.gen/sources_1'.
Scanning sources...
Finished scanning sources
INFO: [IP_Flow 19-234] Refreshing IP repositories
INFO: [IP_Flow 19-1704] No user IP repositories specified
INFO: [IP_Flow 19-2313] Loaded Vivado IP repository 'C:/Xilinx/Vivado/2020.2/data/ip'.oopen_project: Time (s): cpu = 00:00:16 ; elapsed = 00:00:07 . Memory (MB): peak = 1185.320 ; gain = 0.00upupdate_compile_order -fileset sources_exit
INFO: [Common 17-206] Exiting Vivado at Fri Jan 27 11:08:54 2023...
.
