#-----------------------------------------------------------
# Vivado v2020.2 (64-bit)
# SW Build 3064766 on Wed Nov 18 09:12:45 MST 2020
# IP Build 3064653 on Wed Nov 18 14:17:31 MST 2020
# Start of session at: Sat Jan 28 13:16:55 2023
# Process ID: 24564
# Current directory: C:/Users/chase/OneDrive/Desktop/HW01_Type_Mismatch_Burkdoll/mod_m_up_dn_count/vivado_project
# Command line: vivado.exe -gui_launcher_event rodinguilauncherevent7964 C:\Users\chase\OneDrive\Desktop\HW01_Type_Mismatch_Burkdoll\mod_m_up_dn_count\vivado_project\vivado_project.xpr
# Log file: C:/Users/chase/OneDrive/Desktop/HW01_Type_Mismatch_Burkdoll/mod_m_up_dn_count/vivado_project/vivado.log
# Journal file: C:/Users/chase/OneDrive/Desktop/HW01_Type_Mismatch_Burkdoll/mod_m_up_dn_count/vivado_project\vivado.jou
#-----------------------------------------------------------
start_guioopen_project C:/Users/chase/OneDrive/Desktop/HW01_Type_Mismatch_Burkdoll/mod_m_up_dn_count/vivado_project/vivado_project.xpr
INFO: [ProjectBase 1-489] The host OS only allows 260 characters in a normal path. The project is stored in a path with more than 80 characters. If you experience issues with IP, Block Designs, or files not being found, please consider moving the project to a location with a shorter path. Alternately consider using the OS subst command to map part of the path to a drive letter.
Current project path is 'C:/Users/chase/OneDrive/Desktop/HW01_Type_Mismatch_Burkdoll/mod_m_up_dn_count/vivado_project'
WARNING: [filemgmt 56-3] Default IP Output Path : Could not find the directory 'C:/Users/chase/OneDrive/Desktop/HW01_Type_Mismatch_Burkdoll/mod_m_up_dn_count/vivado_project/vivado_project.gen/sources_1'.
Scanning sources...
Finished scanning sources
INFO: [IP_Flow 19-234] Refreshing IP repositories
INFO: [IP_Flow 19-1704] No user IP repositories specified
INFO: [IP_Flow 19-2313] Loaded Vivado IP repository 'C:/Xilinx/Vivado/2020.2/data/ip'.
open_project: Time (s): cpu = 00:00:17 ; elapsed = 00:00:07 . Memory (MB): peak = 999.660 ; gain = 0.000
update_compile_order -fileset sources_1
launch_simulation
Command: launch_simulation 
INFO: [Vivado 12-5682] Launching behavioral simulation in 'C:/Users/chase/OneDrive/Desktop/HW01_Type_Mismatch_Burkdoll/mod_m_up_dn_count/vivado_project/vivado_project.sim/sim_1/behav/xsim'
INFO: [SIM-utils-51] Simulation object is 'sim_1'
INFO: [SIM-utils-54] Inspecting design source files for 'mod_m_up_dn_count_tb' in fileset 'sim_1'...
INFO: [USF-XSim-97] Finding global include files...
INFO: [USF-XSim-98] Fetching design files from 'sim_1'...
INFO: [USF-XSim-2] XSim::Compile design
INFO: [USF-XSim-61] Executing 'COMPILE and ANALYZE' step in 'C:/Users/chase/OneDrive/Desktop/HW01_Type_Mismatch_Burkdoll/mod_m_up_dn_count/vivado_project/vivado_project.sim/sim_1/behav/xsim'
"xvhdl --incr --relax -prj mod_m_up_dn_count_tb_vhdl.prj"
INFO: [VRFC 10-163] Analyzing VHDL file "C:/Users/chase/OneDrive/Desktop/HW01_Type_Mismatch_Burkdoll/mod_m_up_dn_count/design_sources/mod_m_up_dn_count.vhd" into library xil_defaultlib
INFO: [VRFC 10-3107] analyzing entity 'mod_m_up_dn_count'
INFO: [USF-XSim-69] 'compile' step finished in '2' seconds
INFO: [USF-XSim-3] XSim::Elaborate design
INFO: [USF-XSim-61] Executing 'ELABORATE' step in 'C:/Users/chase/OneDrive/Desktop/HW01_Type_Mismatch_Burkdoll/mod_m_up_dn_count/vivado_project/vivado_project.sim/sim_1/behav/xsim'
"xelab -wto 2c2872f740d4498fa067437e40b10adf --incr --debug typical --relax --mt 2 -L xil_defaultlib -L secureip --snapshot mod_m_up_dn_count_tb_behav xil_defaultlib.mod_m_up_dn_count_tb -log elaborate.log"
Vivado Simulator 2020.2
Copyright 1986-1999, 2001-2020 Xilinx, Inc. All Rights Reserved.
Running: C:/Xilinx/Vivado/2020.2/bin/unwrapped/win64.o/xelab.exe -wto 2c2872f740d4498fa067437e40b10adf --incr --debug typical --relax --mt 2 -L xil_defaultlib -L secureip --snapshot mod_m_up_dn_count_tb_behav xil_defaultlib.mod_m_up_dn_count_tb -log elaborate.log 
Using 2 slave threads.
Starting static elaboration
Completed static elaboration
Starting simulation data flow analysis
Completed simulation data flow analysis
Time Resolution for simulation is 1ps
Compiling package std.standard
Compiling package std.textio
Compiling package ieee.std_logic_1164
Compiling package xil_defaultlib.my_package
Compiling package xil_defaultlib.math_real
Compiling package ieee.numeric_std
Compiling architecture behavioral of entity xil_defaultlib.mod_m_up_dn_count [\mod_m_up_dn_count(m=27)\]
Compiling architecture behavioral of entity xil_defaultlib.mod_m_up_dn_count_tb
Built simulation snapshot mod_m_up_dn_count_tb_behav
INFO: [USF-XSim-69] 'elaborate' step finished in '2' seconds
INFO: [USF-XSim-4] XSim::Simulate design
INFO: [USF-XSim-61] Executing 'SIMULATE' step in 'C:/Users/chase/OneDrive/Desktop/HW01_Type_Mismatch_Burkdoll/mod_m_up_dn_count/vivado_project/vivado_project.sim/sim_1/behav/xsim'
INFO: [USF-XSim-98] *** Running xsim
   with args "mod_m_up_dn_count_tb_behav -key {Behavioral:sim_1:Functional:mod_m_up_dn_count_tb} -tclbatch {mod_m_up_dn_count_tb.tcl} -view {C:/Users/chase/OneDrive/Desktop/HW01_Type_Mismatch_Burkdoll/mod_m_up_dn_count/simulation_sources/mod_m_up_dn_count_wave.wcfg} -log {simulate.log}"
INFO: [USF-XSim-8] Loading simulator feature
Vivado Simulator 2020.2
Time resolution is 1 ps
open_wave_config C:/Users/chase/OneDrive/Desktop/HW01_Type_Mismatch_Burkdoll/mod_m_up_dn_count/simulation_sources/mod_m_up_dn_count_wave.wcfg
source mod_m_up_dn_count_tb.tcl
# set curr_wave [current_wave_config]
# if { [string length $curr_wave] == 0 } {
#   if { [llength [get_objects]] > 0} {
#     add_wave /
#     set_property needs_save false [current_wave_config]
#   } else {
#      send_msg_id Add_Wave-1 WARNING "No top level signals found. Simulator will start without a wave window. If you want to open a wave window go to 'File->New Waveform Configuration' or type 'create_wave_config' in the TCL console."
#   }
# }
# run 1000ns
INFO: [USF-XSim-96] XSim completed. Design snapshot 'mod_m_up_dn_count_tb_behav' loaded.
INFO: [USF-XSim-97] XSim simulation ran for 1000ns
launch_simulation: Time (s): cpu = 00:00:11 ; elapsed = 00:00:09 . Memory (MB): peak = 999.660 ; gain = 0.000
close_sim
INFO: [Simtcl 6-16] Simulation closed
exit
INFO: [Common 17-206] Exiting Vivado at Sat Jan 28 13:43:18 2023...
