INFO: [VRFC 10-163] Analyzing VHDL file "C:/Users/e190a104/Desktop/HW10_MIPS_Single_Cycle_Solution/design_sources/my_packages/ieee_2008/math_real.vhdl" into library xil_defaultlib
INFO: [VRFC 10-163] Analyzing VHDL file "C:/Users/e190a104/Desktop/HW10_MIPS_Single_Cycle_Solution/design_sources/my_packages/my_package.vhd" into library xil_defaultlib
INFO: [VRFC 10-163] Analyzing VHDL file "C:/Users/e190a104/Desktop/HW10_MIPS_Single_Cycle_Solution/design_sources/my_packages/ieee_2008/math_real-body.vhdl" into library xil_defaultlib
INFO: [VRFC 10-163] Analyzing VHDL file "C:/Users/e190a104/Desktop/HW10_MIPS_Single_Cycle_Solution/design_sources/my_packages/my_package-body.vhd" into library xil_defaultlib
INFO: [VRFC 10-163] Analyzing VHDL file "C:/Users/e190a104/Desktop/HW10_MIPS_Single_Cycle_Solution/design_sources/regfile.vhd" into library xil_defaultlib
INFO: [VRFC 10-307] analyzing entity RegFile
INFO: [VRFC 10-163] Analyzing VHDL file "C:/Users/e190a104/Desktop/HW10_MIPS_Single_Cycle_Solution/design_sources/pc_register.vhd" into library xil_defaultlib
INFO: [VRFC 10-307] analyzing entity PC_register
INFO: [VRFC 10-163] Analyzing VHDL file "C:/Users/e190a104/Desktop/HW10_MIPS_Single_Cycle_Solution/design_sources/InstrMem.vhd" into library xil_defaultlib
INFO: [VRFC 10-307] analyzing entity InstrMem
INFO: [VRFC 10-163] Analyzing VHDL file "C:/Users/e190a104/Desktop/HW10_MIPS_Single_Cycle_Solution/design_sources/DataMem.vhd" into library xil_defaultlib
INFO: [VRFC 10-307] analyzing entity DataMem
INFO: [VRFC 10-163] Analyzing VHDL file "C:/Users/e190a104/Desktop/HW10_MIPS_Single_Cycle_Solution/design_sources/cu.vhd" into library xil_defaultlib
INFO: [VRFC 10-307] analyzing entity CU
INFO: [VRFC 10-163] Analyzing VHDL file "C:/Users/e190a104/Desktop/HW10_MIPS_Single_Cycle_Solution/design_sources/alu.vhd" into library xil_defaultlib
INFO: [VRFC 10-307] analyzing entity ALU
INFO: [VRFC 10-163] Analyzing VHDL file "C:/Users/e190a104/Desktop/HW10_MIPS_Single_Cycle_Solution/design_sources/top_mips_single_cycle.vhd" into library xil_defaultlib
INFO: [VRFC 10-307] analyzing entity mips_single_cycle
INFO: [VRFC 10-163] Analyzing VHDL file "C:/Users/e190a104/Desktop/HW10_MIPS_Single_Cycle_Solution/simulation_sources/mips_single_cycle_tb.vhd" into library xil_defaultlib
INFO: [VRFC 10-307] analyzing entity mips_single_cycle_tb
