#-----------------------------------------------------------
# Vivado v2020.2 (64-bit)
# SW Build 3064766 on Wed Nov 18 09:12:45 MST 2020
# IP Build 3064653 on Wed Nov 18 14:17:31 MST 2020
# Start of session at: Sat Apr 22 14:08:41 2023
# Process ID: 21188
# Current directory: C:/Users/chase/OneDrive/Documents/Spring23/EECS645/HW09_MIPS_Single_Cycle_Burkdoll/vivado_project
# Command line: vivado.exe -gui_launcher_event rodinguilauncherevent9568 C:\Users\chase\OneDrive\Documents\Spring23\EECS645\HW09_MIPS_Single_Cycle_Burkdoll\vivado_project\vivado_project.xpr
# Log file: C:/Users/chase/OneDrive/Documents/Spring23/EECS645/HW09_MIPS_Single_Cycle_Burkdoll/vivado_project/vivado.log
# Journal file: C:/Users/chase/OneDrive/Documents/Spring23/EECS645/HW09_MIPS_Single_Cycle_Burkdoll/vivado_project\vivado.jou
#-----------------------------------------------------------
start_gui
open_project C:/Users/chase/OneDrive/Documents/Spring23/EECS645/HW09_MIPS_Single_Cycle_Burkdoll/vivado_project/vivado_project.xpr
INFO: [ProjectBase 1-489] The host OS only allows 260 characters in a normal path. The project is stored in a path with more than 80 characters. If you experience issues with IP, Block Designs, or files not being found, please consider moving the project to a location with a shorter path. Alternately consider using the OS subst command to map part of the path to a drive letter.
Current project path is 'C:/Users/chase/OneDrive/Documents/Spring23/EECS645/HW09_MIPS_Single_Cycle_Burkdoll/vivado_project'
WARNING: [filemgmt 56-3] Default IP Output Path : Could not find the directory 'C:/Users/chase/OneDrive/Documents/Spring23/EECS645/HW09_MIPS_Single_Cycle_Burkdoll/vivado_project/vivado_project.gen/sources_1'.
Scanning sources...
Finished scanning sources
INFO: [IP_Flow 19-234] Refreshing IP repositories
INFO: [IP_Flow 19-1704] No user IP repositories specified
INFO: [IP_Flow 19-2313] Loaded Vivado IP repository 'C:/Xilinx/Vivado/2020.2/data/ip'.
open_project: Time (s): cpu = 00:00:05 ; elapsed = 00:00:05 . Memory (MB): peak = 1189.668 ; gain = 0.000
update_compile_order -fileset sources_1
launch_simulation
Command: launch_simulation 
INFO: [Vivado 12-5682] Launching behavioral simulation in 'C:/Users/chase/OneDrive/Documents/Spring23/EECS645/HW09_MIPS_Single_Cycle_Burkdoll/vivado_project/vivado_project.sim/sim_1/behav/xsim'
INFO: [SIM-utils-51] Simulation object is 'sim_1'
INFO: [SIM-utils-54] Inspecting design source files for 'ALU' in fileset 'sim_1'...
INFO: [USF-XSim-97] Finding global include files...
INFO: [USF-XSim-98] Fetching design files from 'sim_1'...
INFO: [USF-XSim-2] XSim::Compile design
INFO: [USF-XSim-61] Executing 'COMPILE and ANALYZE' step in 'C:/Users/chase/OneDrive/Documents/Spring23/EECS645/HW09_MIPS_Single_Cycle_Burkdoll/vivado_project/vivado_project.sim/sim_1/behav/xsim'
"xvhdl --incr --relax -prj ALU_vhdl.prj"
INFO: [USF-XSim-69] 'compile' step finished in '4' seconds
INFO: [USF-XSim-3] XSim::Elaborate design
INFO: [USF-XSim-61] Executing 'ELABORATE' step in 'C:/Users/chase/OneDrive/Documents/Spring23/EECS645/HW09_MIPS_Single_Cycle_Burkdoll/vivado_project/vivado_project.sim/sim_1/behav/xsim'
"xelab -wto ea89892308514278a1e4ea8b5e42e356 --incr --debug typical --relax --mt 2 -L xil_defaultlib -L secureip --snapshot ALU_behav xil_defaultlib.ALU -log elaborate.log"
Vivado Simulator 2020.2
Copyright 1986-1999, 2001-2020 Xilinx, Inc. All Rights Reserved.
Running: C:/Xilinx/Vivado/2020.2/bin/unwrapped/win64.o/xelab.exe -wto ea89892308514278a1e4ea8b5e42e356 --incr --debug typical --relax --mt 2 -L xil_defaultlib -L secureip --snapshot ALU_behav xil_defaultlib.ALU -log elaborate.log 
Using 2 slave threads.
Starting static elaboration
Completed static elaboration
INFO: [XSIM 43-4323] No Change in HDL. Linking previously generated obj files to create kernel
INFO: [USF-XSim-69] 'elaborate' step finished in '2' seconds
INFO: [USF-XSim-4] XSim::Simulate design
INFO: [USF-XSim-61] Executing 'SIMULATE' step in 'C:/Users/chase/OneDrive/Documents/Spring23/EECS645/HW09_MIPS_Single_Cycle_Burkdoll/vivado_project/vivado_project.sim/sim_1/behav/xsim'
INFO: [USF-XSim-98] *** Running xsim
   with args "ALU_behav -key {Behavioral:sim_1:Functional:ALU} -tclbatch {ALU.tcl} -view {C:/Users/chase/OneDrive/Documents/Spring23/EECS645/HW09_MIPS_Single_Cycle_Burkdoll/simulation_sources/mips_single_cycle_wave.wcfg} -log {simulate.log}"
INFO: [USF-XSim-8] Loading simulator feature
Vivado Simulator 2020.2
Time resolution is 1 ps
open_wave_config C:/Users/chase/OneDrive/Documents/Spring23/EECS645/HW09_MIPS_Single_Cycle_Burkdoll/simulation_sources/mips_single_cycle_wave.wcfg
WARNING: Simulation object /mips_single_cycle_tb/clk was not found in the design.
WARNING: Simulation object /mips_single_cycle_tb/rst was not found in the design.
WARNING: Simulation object /mips_single_cycle_tb/uut/PC_current was not found in the design.
WARNING: Simulation object /mips_single_cycle_tb/uut/InstrMem_Instr was not found in the design.
WARNING: Simulation object /mips_single_cycle_tb/uut/InstrMem_inst/instr_mem was not found in the design.
WARNING: Simulation object /mips_single_cycle_tb/uut/InstrMem_inst/instr_mem[0] was not found in the design.
WARNING: Simulation object /mips_single_cycle_tb/uut/InstrMem_inst/instr_mem[1] was not found in the design.
WARNING: Simulation object /mips_single_cycle_tb/uut/InstrMem_inst/instr_mem[2] was not found in the design.
WARNING: Simulation object /mips_single_cycle_tb/uut/InstrMem_inst/instr_mem[3] was not found in the design.
WARNING: Simulation object /mips_single_cycle_tb/uut/InstrMem_inst/instr_mem[4] was not found in the design.
WARNING: Simulation object /mips_single_cycle_tb/uut/InstrMem_inst/instr_mem[5] was not found in the design.
WARNING: Simulation object /mips_single_cycle_tb/uut/InstrMem_inst/instr_mem[6] was not found in the design.
WARNING: Simulation object /mips_single_cycle_tb/uut/InstrMem_inst/instr_mem[7] was not found in the design.
WARNING: Simulation object /mips_single_cycle_tb/uut/InstrMem_inst/instr_mem[8] was not found in the design.
WARNING: Simulation object /mips_single_cycle_tb/uut/InstrMem_inst/instr_mem[9] was not found in the design.
WARNING: Simulation object /mips_single_cycle_tb/uut/InstrMem_inst/instr_mem[10] was not found in the design.
WARNING: Simulation object /mips_single_cycle_tb/uut/InstrMem_inst/instr_mem[11] was not found in the design.
WARNING: Simulation object /mips_single_cycle_tb/uut/InstrMem_inst/instr_mem[12] was not found in the design.
WARNING: Simulation object /mips_single_cycle_tb/uut/InstrMem_inst/instr_mem[13] was not found in the design.
WARNING: Simulation object /mips_single_cycle_tb/uut/InstrMem_inst/instr_mem[14] was not found in the design.
WARNING: Simulation object /mips_single_cycle_tb/uut/InstrMem_inst/instr_mem[15] was not found in the design.
WARNING: Simulation object /mips_single_cycle_tb/uut/InstrMem_inst/instr_mem[16] was not found in the design.
WARNING: Simulation object /mips_single_cycle_tb/uut/InstrMem_inst/instr_mem[17] was not found in the design.
WARNING: Simulation object /mips_single_cycle_tb/uut/InstrMem_inst/instr_mem[18] was not found in the design.
WARNING: Simulation object /mips_single_cycle_tb/uut/InstrMem_inst/instr_mem[19] was not found in the design.
WARNING: Simulation object /mips_single_cycle_tb/uut/InstrMem_inst/instr_mem[20] was not found in the design.
WARNING: Simulation object /mips_single_cycle_tb/uut/InstrMem_inst/instr_mem[21] was not found in the design.
WARNING: Simulation object /mips_single_cycle_tb/uut/InstrMem_inst/instr_mem[22] was not found in the design.
WARNING: Simulation object /mips_single_cycle_tb/uut/InstrMem_inst/instr_mem[23] was not found in the design.
WARNING: Simulation object /mips_single_cycle_tb/uut/InstrMem_inst/instr_mem[24] was not found in the design.
WARNING: Simulation object /mips_single_cycle_tb/uut/RegFile_inst/reg_file was not found in the design.
WARNING: Simulation object /mips_single_cycle_tb/uut/RegFile_inst/reg_file[0] was not found in the design.
WARNING: Simulation object /mips_single_cycle_tb/uut/RegFile_inst/reg_file[1] was not found in the design.
WARNING: Simulation object /mips_single_cycle_tb/uut/RegFile_inst/reg_file[2] was not found in the design.
WARNING: Simulation object /mips_single_cycle_tb/uut/RegFile_inst/reg_file[3] was not found in the design.
WARNING: Simulation object /mips_single_cycle_tb/uut/RegFile_inst/reg_file[4] was not found in the design.
WARNING: Simulation object /mips_single_cycle_tb/uut/RegFile_inst/reg_file[5] was not found in the design.
WARNING: Simulation object /mips_single_cycle_tb/uut/RegFile_inst/reg_file[6] was not found in the design.
WARNING: Simulation object /mips_single_cycle_tb/uut/RegFile_inst/reg_file[7] was not found in the design.
WARNING: Simulation object /mips_single_cycle_tb/uut/RegFile_inst/reg_file[8] was not found in the design.
WARNING: Simulation object /mips_single_cycle_tb/uut/RegFile_inst/reg_file[9] was not found in the design.
WARNING: Simulation object /mips_single_cycle_tb/uut/RegFile_inst/reg_file[10] was not found in the design.
WARNING: Simulation object /mips_single_cycle_tb/uut/RegFile_inst/reg_file[11] was not found in the design.
WARNING: Simulation object /mips_single_cycle_tb/uut/RegFile_inst/reg_file[12] was not found in the design.
WARNING: Simulation object /mips_single_cycle_tb/uut/RegFile_inst/reg_file[13] was not found in the design.
WARNING: Simulation object /mips_single_cycle_tb/uut/RegFile_inst/reg_file[14] was not found in the design.
WARNING: Simulation object /mips_single_cycle_tb/uut/RegFile_inst/reg_file[15] was not found in the design.
WARNING: Simulation object /mips_single_cycle_tb/uut/RegFile_inst/reg_file[16] was not found in the design.
WARNING: Simulation object /mips_single_cycle_tb/uut/RegFile_inst/reg_file[17] was not found in the design.
WARNING: Simulation object /mips_single_cycle_tb/uut/RegFile_inst/reg_file[18] was not found in the design.
WARNING: Simulation object /mips_single_cycle_tb/uut/RegFile_inst/reg_file[19] was not found in the design.
WARNING: Simulation object /mips_single_cycle_tb/uut/RegFile_inst/reg_file[20] was not found in the design.
WARNING: Simulation object /mips_single_cycle_tb/uut/RegFile_inst/reg_file[21] was not found in the design.
WARNING: Simulation object /mips_single_cycle_tb/uut/RegFile_inst/reg_file[22] was not found in the design.
WARNING: Simulation object /mips_single_cycle_tb/uut/RegFile_inst/reg_file[23] was not found in the design.
WARNING: Simulation object /mips_single_cycle_tb/uut/RegFile_inst/reg_file[24] was not found in the design.
WARNING: Simulation object /mips_single_cycle_tb/uut/RegFile_inst/reg_file[25] was not found in the design.
WARNING: Simulation object /mips_single_cycle_tb/uut/RegFile_inst/reg_file[26] was not found in the design.
WARNING: Simulation object /mips_single_cycle_tb/uut/RegFile_inst/reg_file[27] was not found in the design.
WARNING: Simulation object /mips_single_cycle_tb/uut/RegFile_inst/reg_file[28] was not found in the design.
WARNING: Simulation object /mips_single_cycle_tb/uut/RegFile_inst/reg_file[29] was not found in the design.
WARNING: Simulation object /mips_single_cycle_tb/uut/RegFile_inst/reg_file[30] was not found in the design.
WARNING: Simulation object /mips_single_cycle_tb/uut/RegFile_inst/reg_file[31] was not found in the design.
WARNING: Simulation object /mips_single_cycle_tb/uut/DataMem_inst/data_mem was not found in the design.
WARNING: Simulation object /mips_single_cycle_tb/uut/DataMem_inst/data_mem[0] was not found in the design.
WARNING: Simulation object /mips_single_cycle_tb/uut/DataMem_inst/data_mem[1] was not found in the design.
WARNING: Simulation object /mips_single_cycle_tb/uut/DataMem_inst/data_mem[2] was not found in the design.
WARNING: Simulation object /mips_single_cycle_tb/uut/DataMem_inst/data_mem[3] was not found in the design.
WARNING: Simulation object /mips_single_cycle_tb/uut/DataMem_inst/data_mem[4] was not found in the design.
WARNING: Simulation object /mips_single_cycle_tb/uut/DataMem_inst/data_mem[5] was not found in the design.
WARNING: Simulation object /mips_single_cycle_tb/uut/DataMem_inst/data_mem[6] was not found in the design.
WARNING: Simulation object /mips_single_cycle_tb/uut/DataMem_inst/data_mem[7] was not found in the design.
WARNING: Simulation object /mips_single_cycle_tb/uut/DataMem_inst/data_mem[8] was not found in the design.
WARNING: Simulation object /mips_single_cycle_tb/uut/DataMem_inst/data_mem[9] was not found in the design.
WARNING: Simulation object /mips_single_cycle_tb/uut/DataMem_inst/data_mem[10] was not found in the design.
WARNING: Simulation object /mips_single_cycle_tb/uut/DataMem_inst/data_mem[11] was not found in the design.
WARNING: Simulation object /mips_single_cycle_tb/uut/DataMem_inst/data_mem[12] was not found in the design.
WARNING: Simulation object /mips_single_cycle_tb/uut/DataMem_inst/data_mem[13] was not found in the design.
WARNING: Simulation object /mips_single_cycle_tb/uut/DataMem_inst/data_mem[14] was not found in the design.
WARNING: Simulation object /mips_single_cycle_tb/uut/DataMem_inst/data_mem[15] was not found in the design.
WARNING: Simulation object /mips_single_cycle_tb/uut/DataMem_inst/data_mem[16] was not found in the design.
WARNING: Simulation object /mips_single_cycle_tb/uut/DataMem_inst/data_mem[17] was not found in the design.
WARNING: Simulation object /mips_single_cycle_tb/uut/DataMem_inst/data_mem[18] was not found in the design.
WARNING: Simulation object /mips_single_cycle_tb/uut/DataMem_inst/data_mem[19] was not found in the design.
WARNING: Simulation object /mips_single_cycle_tb/uut/DataMem_inst/data_mem[20] was not found in the design.
WARNING: Simulation object /mips_single_cycle_tb/uut/DataMem_inst/data_mem[21] was not found in the design.
WARNING: Simulation object /mips_single_cycle_tb/uut/DataMem_inst/data_mem[22] was not found in the design.
WARNING: Simulation object /mips_single_cycle_tb/uut/DataMem_inst/data_mem[23] was not found in the design.
WARNING: Simulation object /mips_single_cycle_tb/uut/DataMem_inst/data_mem[24] was not found in the design.
WARNING: Simulation object /mips_single_cycle_tb/uut/DataMem_inst/data_mem[25] was not found in the design.
WARNING: Simulation object /mips_single_cycle_tb/uut/DataMem_inst/data_mem[26] was not found in the design.
WARNING: Simulation object /mips_single_cycle_tb/uut/DataMem_inst/data_mem[27] was not found in the design.
WARNING: Simulation object /mips_single_cycle_tb/uut/DataMem_inst/data_mem[28] was not found in the design.
WARNING: Simulation object /mips_single_cycle_tb/uut/DataMem_inst/data_mem[29] was not found in the design.
WARNING: Simulation object /mips_single_cycle_tb/uut/DataMem_inst/data_mem[30] was not found in the design.
WARNING: Simulation object /mips_single_cycle_tb/uut/DataMem_inst/data_mem[31] was not found in the design.
WARNING: Simulation object /mips_single_cycle_tb/uut/DataMem_inst/data_mem[32] was not found in the design.
WARNING: Simulation object /mips_single_cycle_tb/uut/DataMem_inst/data_mem[33] was not found in the design.
WARNING: Simulation object /mips_single_cycle_tb/uut/DataMem_inst/data_mem[34] was not found in the design.
WARNING: Simulation object /mips_single_cycle_tb/uut/DataMem_inst/data_mem[35] was not found in the design.
WARNING: Simulation object /mips_single_cycle_tb/uut/DataMem_inst/data_mem[36] was not found in the design.
WARNING: Simulation object /mips_single_cycle_tb/uut/DataMem_inst/data_mem[37] was not found in the design.
WARNING: Simulation object /mips_single_cycle_tb/uut/DataMem_inst/data_mem[38] was not found in the design.
WARNING: Simulation object /mips_single_cycle_tb/uut/DataMem_inst/data_mem[39] was not found in the design.
WARNING: Simulation object /mips_single_cycle_tb/uut/DataMem_inst/data_mem[40] was not found in the design.
WARNING: Simulation object /mips_single_cycle_tb/uut/DataMem_inst/data_mem[41] was not found in the design.
WARNING: Simulation object /mips_single_cycle_tb/uut/DataMem_inst/data_mem[42] was not found in the design.
WARNING: Simulation object /mips_single_cycle_tb/uut/DataMem_inst/data_mem[43] was not found in the design.
WARNING: Simulation object /mips_single_cycle_tb/uut/DataMem_inst/data_mem[44] was not found in the design.
WARNING: Simulation object /mips_single_cycle_tb/uut/DataMem_inst/data_mem[45] was not found in the design.
WARNING: Simulation object /mips_single_cycle_tb/uut/DataMem_inst/data_mem[46] was not found in the design.
WARNING: Simulation object /mips_single_cycle_tb/uut/DataMem_inst/data_mem[47] was not found in the design.
WARNING: Simulation object /mips_single_cycle_tb/uut/DataMem_inst/data_mem[48] was not found in the design.
WARNING: Simulation object /mips_single_cycle_tb/uut/DataMem_inst/data_mem[49] was not found in the design.
WARNING: Simulation object /mips_single_cycle_tb/uut/DataMem_inst/data_mem[50] was not found in the design.
WARNING: Simulation object /mips_single_cycle_tb/uut/DataMem_inst/data_mem[51] was not found in the design.
WARNING: Simulation object /mips_single_cycle_tb/uut/DataMem_inst/data_mem[52] was not found in the design.
WARNING: Simulation object /mips_single_cycle_tb/uut/DataMem_inst/data_mem[53] was not found in the design.
WARNING: Simulation object /mips_single_cycle_tb/uut/DataMem_inst/data_mem[54] was not found in the design.
WARNING: Simulation object /mips_single_cycle_tb/uut/DataMem_inst/data_mem[55] was not found in the design.
WARNING: Simulation object /mips_single_cycle_tb/uut/DataMem_inst/data_mem[56] was not found in the design.
WARNING: Simulation object /mips_single_cycle_tb/uut/DataMem_inst/data_mem[57] was not found in the design.
WARNING: Simulation object /mips_single_cycle_tb/uut/DataMem_inst/data_mem[58] was not found in the design.
WARNING: Simulation object /mips_single_cycle_tb/uut/DataMem_inst/data_mem[59] was not found in the design.
WARNING: Simulation object /mips_single_cycle_tb/uut/DataMem_inst/data_mem[60] was not found in the design.
WARNING: Simulation object /mips_single_cycle_tb/uut/DataMem_inst/data_mem[61] was not found in the design.
WARNING: Simulation object /mips_single_cycle_tb/uut/DataMem_inst/data_mem[62] was not found in the design.
WARNING: Simulation object /mips_single_cycle_tb/uut/DataMem_inst/data_mem[63] was not found in the design.
WARNING: Simulation object /mips_single_cycle_tb/uut/DataMem_inst/data_mem[64] was not found in the design.
WARNING: Simulation object /mips_single_cycle_tb/uut/DataMem_inst/data_mem[65] was not found in the design.
WARNING: Simulation object /mips_single_cycle_tb/uut/DataMem_inst/data_mem[66] was not found in the design.
WARNING: Simulation object /mips_single_cycle_tb/uut/DataMem_inst/data_mem[67] was not found in the design.
WARNING: Simulation object /mips_single_cycle_tb/uut/DataMem_inst/data_mem[68] was not found in the design.
WARNING: Simulation object /mips_single_cycle_tb/uut/DataMem_inst/data_mem[69] was not found in the design.
WARNING: Simulation object /mips_single_cycle_tb/uut/DataMem_inst/data_mem[70] was not found in the design.
WARNING: Simulation object /mips_single_cycle_tb/uut/DataMem_inst/data_mem[71] was not found in the design.
WARNING: Simulation object /mips_single_cycle_tb/uut/DataMem_inst/data_mem[72] was not found in the design.
WARNING: Simulation object /mips_single_cycle_tb/uut/DataMem_inst/data_mem[73] was not found in the design.
WARNING: Simulation object /mips_single_cycle_tb/uut/DataMem_inst/data_mem[74] was not found in the design.
WARNING: Simulation object /mips_single_cycle_tb/uut/DataMem_inst/data_mem[75] was not found in the design.
WARNING: Simulation object /mips_single_cycle_tb/uut/DataMem_inst/data_mem[76] was not found in the design.
WARNING: Simulation object /mips_single_cycle_tb/uut/DataMem_inst/data_mem[77] was not found in the design.
WARNING: Simulation object /mips_single_cycle_tb/uut/DataMem_inst/data_mem[78] was not found in the design.
WARNING: Simulation object /mips_single_cycle_tb/uut/DataMem_inst/data_mem[79] was not found in the design.
WARNING: Simulation object /mips_single_cycle_tb/uut/DataMem_inst/data_mem[80] was not found in the design.
WARNING: Simulation object /mips_single_cycle_tb/uut/DataMem_inst/data_mem[81] was not found in the design.
WARNING: Simulation object /mips_single_cycle_tb/uut/DataMem_inst/data_mem[82] was not found in the design.
WARNING: Simulation object /mips_single_cycle_tb/uut/DataMem_inst/data_mem[83] was not found in the design.
WARNING: Simulation object /mips_single_cycle_tb/uut/DataMem_inst/data_mem[84] was not found in the design.
WARNING: Simulation object /mips_single_cycle_tb/uut/DataMem_inst/data_mem[85] was not found in the design.
WARNING: Simulation object /mips_single_cycle_tb/uut/DataMem_inst/data_mem[86] was not found in the design.
WARNING: Simulation object /mips_single_cycle_tb/uut/DataMem_inst/data_mem[87] was not found in the design.
WARNING: Simulation object /mips_single_cycle_tb/uut/DataMem_inst/data_mem[88] was not found in the design.
WARNING: Simulation object /mips_single_cycle_tb/uut/DataMem_inst/data_mem[89] was not found in the design.
WARNING: Simulation object /mips_single_cycle_tb/uut/DataMem_inst/data_mem[90] was not found in the design.
WARNING: Simulation object /mips_single_cycle_tb/uut/DataMem_inst/data_mem[91] was not found in the design.
WARNING: Simulation object /mips_single_cycle_tb/uut/DataMem_inst/data_mem[92] was not found in the design.
WARNING: Simulation object /mips_single_cycle_tb/uut/DataMem_inst/data_mem[93] was not found in the design.
WARNING: Simulation object /mips_single_cycle_tb/uut/DataMem_inst/data_mem[94] was not found in the design.
WARNING: Simulation object /mips_single_cycle_tb/uut/DataMem_inst/data_mem[95] was not found in the design.
WARNING: Simulation object /mips_single_cycle_tb/uut/DataMem_inst/data_mem[96] was not found in the design.
WARNING: Simulation object /mips_single_cycle_tb/uut/DataMem_inst/data_mem[97] was not found in the design.
WARNING: Simulation object /mips_single_cycle_tb/uut/DataMem_inst/data_mem[98] was not found in the design.
WARNING: Simulation object /mips_single_cycle_tb/uut/DataMem_inst/data_mem[99] was not found in the design.
WARNING: Simulation object /mips_single_cycle_tb/uut/DataMem_inst/data_mem[100] was not found in the design.
WARNING: Simulation object /mips_single_cycle_tb/uut/DataMem_inst/data_mem[101] was not found in the design.
WARNING: Simulation object /mips_single_cycle_tb/uut/DataMem_inst/data_mem[102] was not found in the design.
WARNING: Simulation object /mips_single_cycle_tb/uut/DataMem_inst/data_mem[103] was not found in the design.
WARNING: Simulation object /mips_single_cycle_tb/uut/DataMem_inst/data_mem[104] was not found in the design.
WARNING: Simulation object /mips_single_cycle_tb/uut/DataMem_inst/data_mem[105] was not found in the design.
WARNING: Simulation object /mips_single_cycle_tb/uut/DataMem_inst/data_mem[106] was not found in the design.
WARNING: Simulation object /mips_single_cycle_tb/uut/DataMem_inst/data_mem[107] was not found in the design.
WARNING: Simulation object /mips_single_cycle_tb/uut/DataMem_inst/data_mem[108] was not found in the design.
WARNING: Simulation object /mips_single_cycle_tb/uut/DataMem_inst/data_mem[109] was not found in the design.
WARNING: Simulation object /mips_single_cycle_tb/uut/DataMem_inst/data_mem[110] was not found in the design.
WARNING: Simulation object /mips_single_cycle_tb/uut/DataMem_inst/data_mem[111] was not found in the design.
WARNING: Simulation object /mips_single_cycle_tb/uut/DataMem_inst/data_mem[112] was not found in the design.
WARNING: Simulation object /mips_single_cycle_tb/uut/DataMem_inst/data_mem[113] was not found in the design.
WARNING: Simulation object /mips_single_cycle_tb/uut/DataMem_inst/data_mem[114] was not found in the design.
WARNING: Simulation object /mips_single_cycle_tb/uut/DataMem_inst/data_mem[115] was not found in the design.
WARNING: Simulation object /mips_single_cycle_tb/uut/DataMem_inst/data_mem[116] was not found in the design.
source ALU.tcl
# set curr_wave [current_wave_config]
# if { [string length $curr_wave] == 0 } {
#   if { [llength [get_objects]] > 0} {
#     add_wave /
#     set_property needs_save false [current_wave_config]
#   } else {
#      send_msg_id Add_Wave-1 WARNING "No top level signals found. Simulator will start without a wave window. If you want to open a wave window go to 'File->New Waveform Configuration' or type 'create_wave_config' in the TCL console."
#   }
# }
# run 750ns
INFO: [USF-XSim-96] XSim completed. Design snapshot 'ALU_behav' loaded.
INFO: [USF-XSim-97] XSim simulation ran for 750ns
launch_simulation: Time (s): cpu = 00:00:03 ; elapsed = 00:00:09 . Memory (MB): peak = 1189.668 ; gain = 0.000
close_sim
INFO: [Simtcl 6-16] Simulation closed
set_property top mips_single_cycle_tb [get_filesets sim_1]
set_property top_lib xil_defaultlib [get_filesets sim_1]
update_compile_order -fileset sim_1
launch_simulation
Command: launch_simulation 
INFO: [Vivado 12-5682] Launching behavioral simulation in 'C:/Users/chase/OneDrive/Documents/Spring23/EECS645/HW09_MIPS_Single_Cycle_Burkdoll/vivado_project/vivado_project.sim/sim_1/behav/xsim'
INFO: [SIM-utils-51] Simulation object is 'sim_1'
INFO: [SIM-utils-54] Inspecting design source files for 'mips_single_cycle_tb' in fileset 'sim_1'...
INFO: [USF-XSim-97] Finding global include files...
INFO: [USF-XSim-98] Fetching design files from 'sim_1'...
INFO: [USF-XSim-2] XSim::Compile design
INFO: [USF-XSim-61] Executing 'COMPILE and ANALYZE' step in 'C:/Users/chase/OneDrive/Documents/Spring23/EECS645/HW09_MIPS_Single_Cycle_Burkdoll/vivado_project/vivado_project.sim/sim_1/behav/xsim'
"xvhdl --incr --relax -prj mips_single_cycle_tb_vhdl.prj"
INFO: [VRFC 10-163] Analyzing VHDL file "C:/Users/chase/OneDrive/Documents/Spring23/EECS645/HW09_MIPS_Single_Cycle_Burkdoll/design_sources/DataMem.vhd" into library xil_defaultlib
INFO: [VRFC 10-3107] analyzing entity 'DataMem'
INFO: [VRFC 10-163] Analyzing VHDL file "C:/Users/chase/OneDrive/Documents/Spring23/EECS645/HW09_MIPS_Single_Cycle_Burkdoll/design_sources/InstrMem.vhd" into library xil_defaultlib
INFO: [VRFC 10-3107] analyzing entity 'InstrMem'
INFO: [VRFC 10-163] Analyzing VHDL file "C:/Users/chase/OneDrive/Documents/Spring23/EECS645/HW09_MIPS_Single_Cycle_Burkdoll/design_sources/cu.vhd" into library xil_defaultlib
INFO: [VRFC 10-3107] analyzing entity 'CU'
INFO: [VRFC 10-163] Analyzing VHDL file "C:/Users/chase/OneDrive/Documents/Spring23/EECS645/HW09_MIPS_Single_Cycle_Burkdoll/design_sources/pc_register.vhd" into library xil_defaultlib
INFO: [VRFC 10-3107] analyzing entity 'PC_register'
INFO: [VRFC 10-163] Analyzing VHDL file "C:/Users/chase/OneDrive/Documents/Spring23/EECS645/HW09_MIPS_Single_Cycle_Burkdoll/design_sources/regfile.vhd" into library xil_defaultlib
INFO: [VRFC 10-3107] analyzing entity 'RegFile'
INFO: [VRFC 10-163] Analyzing VHDL file "C:/Users/chase/OneDrive/Documents/Spring23/EECS645/HW09_MIPS_Single_Cycle_Burkdoll/design_sources/top_mips_single_cycle.vhd" into library xil_defaultlib
INFO: [VRFC 10-3107] analyzing entity 'mips_single_cycle'
INFO: [VRFC 10-163] Analyzing VHDL file "C:/Users/chase/OneDrive/Documents/Spring23/EECS645/HW09_MIPS_Single_Cycle_Burkdoll/simulation_sources/mips_single_cycle_tb.vhd" into library xil_defaultlib
INFO: [VRFC 10-3107] analyzing entity 'mips_single_cycle_tb'
INFO: [USF-XSim-69] 'compile' step finished in '2' seconds
INFO: [USF-XSim-3] XSim::Elaborate design
INFO: [USF-XSim-61] Executing 'ELABORATE' step in 'C:/Users/chase/OneDrive/Documents/Spring23/EECS645/HW09_MIPS_Single_Cycle_Burkdoll/vivado_project/vivado_project.sim/sim_1/behav/xsim'
"xelab -wto ea89892308514278a1e4ea8b5e42e356 --incr --debug typical --relax --mt 2 -L xil_defaultlib -L secureip --snapshot mips_single_cycle_tb_behav xil_defaultlib.mips_single_cycle_tb -log elaborate.log"
Vivado Simulator 2020.2
Copyright 1986-1999, 2001-2020 Xilinx, Inc. All Rights Reserved.
Running: C:/Xilinx/Vivado/2020.2/bin/unwrapped/win64.o/xelab.exe -wto ea89892308514278a1e4ea8b5e42e356 --incr --debug typical --relax --mt 2 -L xil_defaultlib -L secureip --snapshot mips_single_cycle_tb_behav xil_defaultlib.mips_single_cycle_tb -log elaborate.log 
Using 2 slave threads.
Starting static elaboration
Completed static elaboration
Starting simulation data flow analysis
Completed simulation data flow analysis
Time Resolution for simulation is 1ps
Compiling package std.standard
Compiling package std.textio
Compiling package ieee.std_logic_1164
Compiling package ieee.numeric_std
Compiling package ieee.std_logic_arith
Compiling package ieee.std_logic_unsigned
Compiling package xil_defaultlib.my_package
Compiling package xil_defaultlib.math_real
Compiling architecture behav of entity xil_defaultlib.PC_register [pc_register_default]
Compiling architecture behav of entity xil_defaultlib.InstrMem [instrmem_default]
Compiling architecture behav of entity xil_defaultlib.RegFile [regfile_default]
Compiling architecture behav of entity xil_defaultlib.ALU [alu_default]
Compiling architecture behav of entity xil_defaultlib.DataMem [datamem_default]
Compiling architecture behav of entity xil_defaultlib.CU [cu_default]
Compiling architecture struct of entity xil_defaultlib.mips_single_cycle [mips_single_cycle_default]
Compiling architecture behavior of entity xil_defaultlib.mips_single_cycle_tb
Built simulation snapshot mips_single_cycle_tb_behav

****** Webtalk v2020.2 (64-bit)
  **** SW Build 3064766 on Wed Nov 18 09:12:45 MST 2020
  **** IP Build 3064653 on Wed Nov 18 14:17:31 MST 2020
    ** Copyright 1986-2020 Xilinx, Inc. All Rights Reserved.

source C:/Users/chase/OneDrive/Documents/Spring23/EECS645/HW09_MIPS_Single_Cycle_Burkdoll/vivado_project/vivado_project.sim/sim_1/behav/xsim/xsim.dir/mips_single_cycle_tb_behav/webtalk/xsim_webtalk.tcl -notrace
INFO: [Common 17-186] 'C:/Users/chase/OneDrive/Documents/Spring23/EECS645/HW09_MIPS_Single_Cycle_Burkdoll/vivado_project/vivado_project.sim/sim_1/behav/xsim/xsim.dir/mips_single_cycle_tb_behav/webtalk/usage_statistics_ext_xsim.xml' has been successfully sent to Xilinx on Sat Apr 22 14:22:53 2023. For additional details about this file, please refer to the WebTalk help file at C:/Xilinx/Vivado/2020.2/doc/webtalk_introduction.html.
INFO: [Common 17-206] Exiting Webtalk at Sat Apr 22 14:22:53 2023...
INFO: [USF-XSim-69] 'elaborate' step finished in '5' seconds
INFO: [USF-XSim-4] XSim::Simulate design
INFO: [USF-XSim-61] Executing 'SIMULATE' step in 'C:/Users/chase/OneDrive/Documents/Spring23/EECS645/HW09_MIPS_Single_Cycle_Burkdoll/vivado_project/vivado_project.sim/sim_1/behav/xsim'
INFO: [USF-XSim-98] *** Running xsim
   with args "mips_single_cycle_tb_behav -key {Behavioral:sim_1:Functional:mips_single_cycle_tb} -tclbatch {mips_single_cycle_tb.tcl} -view {C:/Users/chase/OneDrive/Documents/Spring23/EECS645/HW09_MIPS_Single_Cycle_Burkdoll/simulation_sources/mips_single_cycle_wave.wcfg} -log {simulate.log}"
INFO: [USF-XSim-8] Loading simulator feature
Vivado Simulator 2020.2
Time resolution is 1 ps
open_wave_config C:/Users/chase/OneDrive/Documents/Spring23/EECS645/HW09_MIPS_Single_Cycle_Burkdoll/simulation_sources/mips_single_cycle_wave.wcfg
source mips_single_cycle_tb.tcl
# set curr_wave [current_wave_config]
# if { [string length $curr_wave] == 0 } {
#   if { [llength [get_objects]] > 0} {
#     add_wave /
#     set_property needs_save false [current_wave_config]
#   } else {
#      send_msg_id Add_Wave-1 WARNING "No top level signals found. Simulator will start without a wave window. If you want to open a wave window go to 'File->New Waveform Configuration' or type 'create_wave_config' in the TCL console."
#   }
# }
# run 750ns
INFO: [USF-XSim-96] XSim completed. Design snapshot 'mips_single_cycle_tb_behav' loaded.
INFO: [USF-XSim-97] XSim simulation ran for 750ns
launch_simulation: Time (s): cpu = 00:00:02 ; elapsed = 00:00:09 . Memory (MB): peak = 1189.668 ; gain = 0.000
close_sim
INFO: [Simtcl 6-16] Simulation closed
exit
INFO: [Common 17-206] Exiting Vivado at Sat Apr 22 14:23:54 2023...
