#-----------------------------------------------------------
# Vivado v2020.2 (64-bit)
# SW Build 3064766 on Wed Nov 18 09:12:45 MST 2020
# IP Build 3064653 on Wed Nov 18 14:17:31 MST 2020
# Start of session at: Thu Apr 20 16:21:04 2023
# Process ID: 19152
# Current directory: C:/Users/chase/OneDrive/Documents/Spring23/EECS645/HW09_MIPS_Single_Cycle_Burkdoll/vivado_project
# Command line: vivado.exe -gui_launcher_event rodinguilauncherevent16552 C:\Users\chase\OneDrive\Documents\Spring23\EECS645\HW09_MIPS_Single_Cycle_Burkdoll\vivado_project\vivado_project.xpr
# Log file: C:/Users/chase/OneDrive/Documents/Spring23/EECS645/HW09_MIPS_Single_Cycle_Burkdoll/vivado_project/vivado.log
# Journal file: C:/Users/chase/OneDrive/Documents/Spring23/EECS645/HW09_MIPS_Single_Cycle_Burkdoll/vivado_project\vivado.jou
#-----------------------------------------------------------
start_gui
open_project C:/Users/chase/OneDrive/Documents/Spring23/EECS645/HW09_MIPS_Single_Cycle_Burkdoll/vivado_project/vivado_project.xpr
INFO: [ProjectBase 1-489] The host OS only allows 260 characters in a normal path. The project is stored in a path with more than 80 characters. If you experience issues with IP, Block Designs, or files not being found, please consider moving the project to a location with a shorter path. Alternately consider using the OS subst command to map part of the path to a drive letter.
Current project path is 'C:/Users/chase/OneDrive/Documents/Spring23/EECS645/HW09_MIPS_Single_Cycle_Burkdoll/vivado_project'
WARNING: [filemgmt 56-3] Default IP Output Path : Could not find the directory 'C:/Users/chase/OneDrive/Documents/Spring23/EECS645/HW09_MIPS_Single_Cycle_Burkdoll/vivado_project/vivado_project.gen/sources_1'.
WARNING: [filemgmt 56-3] IPUserFilesDir: Could not find the directory 'C:/Users/chase/OneDrive/Documents/Spring23/EECS645/HW09_MIPS_Single_Cycle_Burkdoll/vivado_project/vivado_project.ip_user_files'.
Scanning sources...
Finished scanning sources
INFO: [IP_Flow 19-234] Refreshing IP repositories
INFO: [IP_Flow 19-1704] No user IP repositories specified
INFO: [IP_Flow 19-2313] Loaded Vivado IP repository 'C:/Xilinx/Vivado/2020.2/data/ip'.
open_project: Time (s): cpu = 00:00:06 ; elapsed = 00:00:06 . Memory (MB): peak = 1000.699 ; gain = 0.000
update_compile_order -fileset sources_1
exit
INFO: [Common 17-206] Exiting Vivado at Thu Apr 20 17:58:46 2023...
