#-----------------------------------------------------------
# Vivado v2020.2 (64-bit)
# SW Build 3064766 on Wed Nov 18 09:12:45 MST 2020
# IP Build 3064653 on Wed Nov 18 14:17:31 MST 2020
# Start of session at: Mon Feb 27 15:30:52 2023
# Process ID: 15684
# Current directory: C:/Users/chase/OneDrive/Desktop/HW04_MIPS_MEM/DataMem/vivado_project
# Command line: vivado.exe -gui_launcher_event rodinguilauncherevent3544 C:\Users\chase\OneDrive\Desktop\HW04_MIPS_MEM\DataMem\vivado_project\vivado_project.xpr
# Log file: C:/Users/chase/OneDrive/Desktop/HW04_MIPS_MEM/DataMem/vivado_project/vivado.log
# Journal file: C:/Users/chase/OneDrive/Desktop/HW04_MIPS_MEM/DataMem/vivado_project\vivado.jou
#-----------------------------------------------------------
start_gui
open_project C:/Users/chase/OneDrive/Desktop/HW04_MIPS_MEM/DataMem/vivado_project/vivado_project.xpr
WARNING: [filemgmt 56-3] Default IP Output Path : Could not find the directory 'C:/Users/chase/OneDrive/Desktop/HW04_MIPS_MEM/DataMem/vivado_project/vivado_project.gen/sources_1'.
Scanning sources...
Finished scanning sources
INFO: [IP_Flow 19-234] Refreshing IP repositories
INFO: [IP_Flow 19-1704] No user IP repositories specified
INFO: [IP_Flow 19-2313] Loaded Vivado IP repository 'C:/Xilinx/Vivado/2020.2/data/ip'.
update_compile_order -fileset sources_1
launch_simulation
Command: launch_simulation 
INFO: [Vivado 12-5682] Launching behavioral simulation in 'C:/Users/chase/OneDrive/Desktop/HW04_MIPS_MEM/DataMem/vivado_project/vivado_project.sim/sim_1/behav/xsim'
INFO: [SIM-utils-51] Simulation object is 'sim_1'
INFO: [SIM-utils-54] Inspecting design source files for 'DataMem_tb' in fileset 'sim_1'...
INFO: [USF-XSim-97] Finding global include files...
INFO: [USF-XSim-98] Fetching design files from 'sim_1'...
INFO: [USF-XSim-2] XSim::Compile design
INFO: [USF-XSim-61] Executing 'COMPILE and ANALYZE' step in 'C:/Users/chase/OneDrive/Desktop/HW04_MIPS_MEM/DataMem/vivado_project/vivado_project.sim/sim_1/behav/xsim'
"xvhdl --incr --relax -prj DataMem_tb_vhdl.prj"
INFO: [VRFC 10-163] Analyzing VHDL file "C:/Users/chase/OneDrive/Desktop/HW04_MIPS_MEM/DataMem/design_sources/DataMem.vhd" into library xil_defaultlib
INFO: [VRFC 10-3107] analyzing entity 'DataMem'
INFO: [USF-XSim-69] 'compile' step finished in '1' seconds
INFO: [USF-XSim-3] XSim::Elaborate design
INFO: [USF-XSim-61] Executing 'ELABORATE' step in 'C:/Users/chase/OneDrive/Desktop/HW04_MIPS_MEM/DataMem/vivado_project/vivado_project.sim/sim_1/behav/xsim'
"xelab -wto b52375b192024f24b9d1f3b9cd5286da --incr --debug typical --relax --mt 2 -L xil_defaultlib -L secureip --snapshot DataMem_tb_behav xil_defaultlib.DataMem_tb -log elaborate.log"
Vivado Simulator 2020.2
Copyright 1986-1999, 2001-2020 Xilinx, Inc. All Rights Reserved.
Running: C:/Xilinx/Vivado/2020.2/bin/unwrapped/win64.o/xelab.exe -wto b52375b192024f24b9d1f3b9cd5286da --incr --debug typical --relax --mt 2 -L xil_defaultlib -L secureip --snapshot DataMem_tb_behav xil_defaultlib.DataMem_tb -log elaborate.log 
Using 2 slave threads.
Starting static elaboration
Completed static elaboration
Starting simulation data flow analysis
Completed simulation data flow analysis
Time Resolution for simulation is 1ps
Compiling package std.standard
Compiling package std.textio
Compiling package ieee.std_logic_1164
Compiling package xil_defaultlib.my_package
Compiling package xil_defaultlib.math_real
Compiling package ieee.numeric_std
Compiling architecture behav of entity xil_defaultlib.DataMem [datamem_default]
Compiling architecture behavior of entity xil_defaultlib.datamem_tb
Built simulation snapshot DataMem_tb_behav
INFO: [USF-XSim-69] 'elaborate' step finished in '2' seconds
INFO: [USF-XSim-4] XSim::Simulate design
INFO: [USF-XSim-61] Executing 'SIMULATE' step in 'C:/Users/chase/OneDrive/Desktop/HW04_MIPS_MEM/DataMem/vivado_project/vivado_project.sim/sim_1/behav/xsim'
INFO: [USF-XSim-98] *** Running xsim
   with args "DataMem_tb_behav -key {Behavioral:sim_1:Functional:DataMem_tb} -tclbatch {DataMem_tb.tcl} -view {C:/Users/chase/OneDrive/Desktop/HW04_MIPS_MEM/DataMem/simulation_sources/DataMem_wave.wcfg} -log {simulate.log}"
INFO: [USF-XSim-8] Loading simulator feature
Vivado Simulator 2020.2
Time resolution is 1 ps
open_wave_config C:/Users/chase/OneDrive/Desktop/HW04_MIPS_MEM/DataMem/simulation_sources/DataMem_wave.wcfg
source DataMem_tb.tcl
# set curr_wave [current_wave_config]
# if { [string length $curr_wave] == 0 } {
#   if { [llength [get_objects]] > 0} {
#     add_wave /
#     set_property needs_save false [current_wave_config]
#   } else {
#      send_msg_id Add_Wave-1 WARNING "No top level signals found. Simulator will start without a wave window. If you want to open a wave window go to 'File->New Waveform Configuration' or type 'create_wave_config' in the TCL console."
#   }
# }
# run 300ns
INFO: [USF-XSim-96] XSim completed. Design snapshot 'DataMem_tb_behav' loaded.
INFO: [USF-XSim-97] XSim simulation ran for 300ns
launch_simulation: Time (s): cpu = 00:00:03 ; elapsed = 00:00:05 . Memory (MB): peak = 999.379 ; gain = 0.000
close_sim
INFO: [Simtcl 6-16] Simulation closed
launch_simulation
Command: launch_simulation 
INFO: [Vivado 12-5682] Launching behavioral simulation in 'C:/Users/chase/OneDrive/Desktop/HW04_MIPS_MEM/DataMem/vivado_project/vivado_project.sim/sim_1/behav/xsim'
INFO: [SIM-utils-51] Simulation object is 'sim_1'
INFO: [SIM-utils-54] Inspecting design source files for 'DataMem_tb' in fileset 'sim_1'...
INFO: [USF-XSim-97] Finding global include files...
INFO: [USF-XSim-98] Fetching design files from 'sim_1'...
INFO: [USF-XSim-2] XSim::Compile design
INFO: [USF-XSim-61] Executing 'COMPILE and ANALYZE' step in 'C:/Users/chase/OneDrive/Desktop/HW04_MIPS_MEM/DataMem/vivado_project/vivado_project.sim/sim_1/behav/xsim'
"xvhdl --incr --relax -prj DataMem_tb_vhdl.prj"
INFO: [VRFC 10-163] Analyzing VHDL file "C:/Users/chase/OneDrive/Desktop/HW04_MIPS_MEM/DataMem/design_sources/DataMem.vhd" into library xil_defaultlib
INFO: [VRFC 10-3107] analyzing entity 'DataMem'
INFO: [USF-XSim-69] 'compile' step finished in '1' seconds
INFO: [USF-XSim-3] XSim::Elaborate design
INFO: [USF-XSim-61] Executing 'ELABORATE' step in 'C:/Users/chase/OneDrive/Desktop/HW04_MIPS_MEM/DataMem/vivado_project/vivado_project.sim/sim_1/behav/xsim'
"xelab -wto b52375b192024f24b9d1f3b9cd5286da --incr --debug typical --relax --mt 2 -L xil_defaultlib -L secureip --snapshot DataMem_tb_behav xil_defaultlib.DataMem_tb -log elaborate.log"
Vivado Simulator 2020.2
Copyright 1986-1999, 2001-2020 Xilinx, Inc. All Rights Reserved.
Running: C:/Xilinx/Vivado/2020.2/bin/unwrapped/win64.o/xelab.exe -wto b52375b192024f24b9d1f3b9cd5286da --incr --debug typical --relax --mt 2 -L xil_defaultlib -L secureip --snapshot DataMem_tb_behav xil_defaultlib.DataMem_tb -log elaborate.log 
Using 2 slave threads.
Starting static elaboration
Completed static elaboration
Starting simulation data flow analysis
Completed simulation data flow analysis
Time Resolution for simulation is 1ps
Compiling package std.standard
Compiling package std.textio
Compiling package ieee.std_logic_1164
Compiling package xil_defaultlib.my_package
Compiling package xil_defaultlib.math_real
Compiling package ieee.numeric_std
Compiling architecture behav of entity xil_defaultlib.DataMem [datamem_default]
Compiling architecture behavior of entity xil_defaultlib.datamem_tb
Built simulation snapshot DataMem_tb_behav
INFO: [USF-XSim-69] 'elaborate' step finished in '1' seconds
INFO: [USF-XSim-4] XSim::Simulate design
INFO: [USF-XSim-61] Executing 'SIMULATE' step in 'C:/Users/chase/OneDrive/Desktop/HW04_MIPS_MEM/DataMem/vivado_project/vivado_project.sim/sim_1/behav/xsim'
INFO: [USF-XSim-98] *** Running xsim
   with args "DataMem_tb_behav -key {Behavioral:sim_1:Functional:DataMem_tb} -tclbatch {DataMem_tb.tcl} -view {C:/Users/chase/OneDrive/Desktop/HW04_MIPS_MEM/DataMem/simulation_sources/DataMem_wave.wcfg} -log {simulate.log}"
INFO: [USF-XSim-8] Loading simulator feature
Vivado Simulator 2020.2
Time resolution is 1 ps
open_wave_config C:/Users/chase/OneDrive/Desktop/HW04_MIPS_MEM/DataMem/simulation_sources/DataMem_wave.wcfg
source DataMem_tb.tcl
# set curr_wave [current_wave_config]
# if { [string length $curr_wave] == 0 } {
#   if { [llength [get_objects]] > 0} {
#     add_wave /
#     set_property needs_save false [current_wave_config]
#   } else {
#      send_msg_id Add_Wave-1 WARNING "No top level signals found. Simulator will start without a wave window. If you want to open a wave window go to 'File->New Waveform Configuration' or type 'create_wave_config' in the TCL console."
#   }
# }
# run 300ns
INFO: [USF-XSim-96] XSim completed. Design snapshot 'DataMem_tb_behav' loaded.
INFO: [USF-XSim-97] XSim simulation ran for 300ns
close_sim
INFO: [Simtcl 6-16] Simulation closed
launch_simulation
Command: launch_simulation 
INFO: [Vivado 12-5682] Launching behavioral simulation in 'C:/Users/chase/OneDrive/Desktop/HW04_MIPS_MEM/DataMem/vivado_project/vivado_project.sim/sim_1/behav/xsim'
INFO: [SIM-utils-51] Simulation object is 'sim_1'
INFO: [SIM-utils-54] Inspecting design source files for 'DataMem_tb' in fileset 'sim_1'...
INFO: [USF-XSim-97] Finding global include files...
INFO: [USF-XSim-98] Fetching design files from 'sim_1'...
INFO: [USF-XSim-2] XSim::Compile design
INFO: [USF-XSim-61] Executing 'COMPILE and ANALYZE' step in 'C:/Users/chase/OneDrive/Desktop/HW04_MIPS_MEM/DataMem/vivado_project/vivado_project.sim/sim_1/behav/xsim'
"xvhdl --incr --relax -prj DataMem_tb_vhdl.prj"
INFO: [VRFC 10-163] Analyzing VHDL file "C:/Users/chase/OneDrive/Desktop/HW04_MIPS_MEM/DataMem/design_sources/DataMem.vhd" into library xil_defaultlib
INFO: [VRFC 10-3107] analyzing entity 'DataMem'
INFO: [USF-XSim-69] 'compile' step finished in '1' seconds
INFO: [USF-XSim-3] XSim::Elaborate design
INFO: [USF-XSim-61] Executing 'ELABORATE' step in 'C:/Users/chase/OneDrive/Desktop/HW04_MIPS_MEM/DataMem/vivado_project/vivado_project.sim/sim_1/behav/xsim'
"xelab -wto b52375b192024f24b9d1f3b9cd5286da --incr --debug typical --relax --mt 2 -L xil_defaultlib -L secureip --snapshot DataMem_tb_behav xil_defaultlib.DataMem_tb -log elaborate.log"
Vivado Simulator 2020.2
Copyright 1986-1999, 2001-2020 Xilinx, Inc. All Rights Reserved.
Running: C:/Xilinx/Vivado/2020.2/bin/unwrapped/win64.o/xelab.exe -wto b52375b192024f24b9d1f3b9cd5286da --incr --debug typical --relax --mt 2 -L xil_defaultlib -L secureip --snapshot DataMem_tb_behav xil_defaultlib.DataMem_tb -log elaborate.log 
Using 2 slave threads.
Starting static elaboration
Completed static elaboration
Starting simulation data flow analysis
Completed simulation data flow analysis
Time Resolution for simulation is 1ps
Compiling package std.standard
Compiling package std.textio
Compiling package ieee.std_logic_1164
Compiling package xil_defaultlib.my_package
Compiling package xil_defaultlib.math_real
Compiling package ieee.numeric_std
Compiling architecture behav of entity xil_defaultlib.DataMem [datamem_default]
Compiling architecture behavior of entity xil_defaultlib.datamem_tb
Built simulation snapshot DataMem_tb_behav
INFO: [USF-XSim-69] 'elaborate' step finished in '1' seconds
INFO: [USF-XSim-4] XSim::Simulate design
INFO: [USF-XSim-61] Executing 'SIMULATE' step in 'C:/Users/chase/OneDrive/Desktop/HW04_MIPS_MEM/DataMem/vivado_project/vivado_project.sim/sim_1/behav/xsim'
INFO: [USF-XSim-98] *** Running xsim
   with args "DataMem_tb_behav -key {Behavioral:sim_1:Functional:DataMem_tb} -tclbatch {DataMem_tb.tcl} -view {C:/Users/chase/OneDrive/Desktop/HW04_MIPS_MEM/DataMem/simulation_sources/DataMem_wave.wcfg} -log {simulate.log}"
INFO: [USF-XSim-8] Loading simulator feature
Vivado Simulator 2020.2
Time resolution is 1 ps
open_wave_config C:/Users/chase/OneDrive/Desktop/HW04_MIPS_MEM/DataMem/simulation_sources/DataMem_wave.wcfg
source DataMem_tb.tcl
# set curr_wave [current_wave_config]
# if { [string length $curr_wave] == 0 } {
#   if { [llength [get_objects]] > 0} {
#     add_wave /
#     set_property needs_save false [current_wave_config]
#   } else {
#      send_msg_id Add_Wave-1 WARNING "No top level signals found. Simulator will start without a wave window. If you want to open a wave window go to 'File->New Waveform Configuration' or type 'create_wave_config' in the TCL console."
#   }
# }
# run 300ns
INFO: [USF-XSim-96] XSim completed. Design snapshot 'DataMem_tb_behav' loaded.
INFO: [USF-XSim-97] XSim simulation ran for 300ns
close_sim
INFO: [Simtcl 6-16] Simulation closed
exit
INFO: [Common 17-206] Exiting Vivado at Mon Feb 27 15:57:49 2023...
