Unable to capture context for thread 161760 in process 156456, can not generate back trace
Exception at PC 0x000007FEAD46BB93
Printing stacktrace...

Unable to capture context for thread 160916 in process 156456, can not generate back trace
Exception at PC 0x000007FEFD1AA06D
Exception at PC 0x000007FEFD1AA06D
Exception at PC 0x000007FEFD1AA06D
Exception at PC 0x000007FEFD1AA06D
Exception at PC 0x000007FEFD1AA06D
Exception at PC 0x000007FEFD1AA06D
Exception at PC 0x000007FEFD1AA06D
Exception at PC 0x000007FEFD1AA06D
Exception at PC 0x000007FEFD1AA06D
Exception at PC 0x000007FEFD1AA06D
Exception at PC 0x000007FEFD1AA06D
[0]  [0x000007FEAD46BB93]
[1]  [0x000007FEAD46BB93]
[2]  [0x000007FEAD46B4A1]
[3]  [0x000007FEAD46B3EF]
[4]  [0x000007FEAD4519FE]
[5]  [0x000007FEAD450ED1]
[6]  [0x000007FEAD450D76]
[7]  [0x000007FEAD3F79F6]
[8]  [0x000007FEAD3E7AFB]
[9]  [0x000007FEAD50E90A]
[10]  [0x000007FEAD529F87]
[11]  [0x000007FEAD52A05F]
[12] (BaseThreadInitThunk+0xd) [0x00000000771759CD]
[13] (RtlUserThreadStart+0x1d) [0x00000000773D385D]
Done
Exception at PC 0x000007FEFD1AA06D
Exception at PC 0x000007FEFD1AA06D
Exception at PC 0x000007FEFD1AA06D
Exception at PC 0x000007FEFD1AA06D
Exception at PC 0x000007FEFD1AA06D
Exception at PC 0x000007FEFD1AA06D
Exception at PC 0x000007FEFD1AA06D
Exception at PC 0x000007FEFD1AA06D
