#-----------------------------------------------------------
# Vivado v2019.2.1 (64-bit)
# SW Build 2729669 on Thu Dec  5 04:49:17 MST 2019
# IP Build 2729494 on Thu Dec  5 07:38:25 MST 2019
# Start of session at: Mon Apr 10 09:20:35 2023
# Process ID: 13820
# Current directory: H:/EECS645/HW08_MIPS_CU/vivado_project
# Command line: vivado.exe -gui_launcher_event rodinguilauncherevent13508 H:\EECS645\HW08_MIPS_CU\vivado_project\vivado_project.xpr
# Log file: H:/EECS645/HW08_MIPS_CU/vivado_project/vivado.log
# Journal file: H:/EECS645/HW08_MIPS_CU/vivado_project\vivado.jou
#-----------------------------------------------------------
start_gui
open_project H:/EECS645/HW08_MIPS_CU/vivado_project/vivado_project.xpr
INFO: [Project 1-313] Project file moved from 'H:/645/HW08_MIPS_CU/vivado_project' since last save.
Scanning sources...
Finished scanning sources
INFO: [IP_Flow 19-234] Refreshing IP repositories
INFO: [IP_Flow 19-1704] No user IP repositories specified
INFO: [IP_Flow 19-2313] Loaded Vivado IP repository 'C:/Xilinx/Vivado/2019.2/data/ip'.
open_project: Time (s): cpu = 00:00:04 ; elapsed = 00:00:06 . Memory (MB): peak = 793.883 ; gain = 181.227
update_compile_order -fileset sources_1
launch_simulation
Command: launch_simulation 
INFO: [Vivado 12-5682] Launching behavioral simulation in 'H:/EECS645/HW08_MIPS_CU/vivado_project/vivado_project.sim/sim_1/behav/xsim'
INFO: [SIM-utils-51] Simulation object is 'sim_1'
INFO: [SIM-utils-54] Inspecting design source files for 'cu_tb' in fileset 'sim_1'...
INFO: [USF-XSim-97] Finding global include files...
INFO: [USF-XSim-98] Fetching design files from 'sim_1'...
INFO: [USF-XSim-2] XSim::Compile design
INFO: [USF-XSim-61] Executing 'COMPILE and ANALYZE' step in 'H:/EECS645/HW08_MIPS_CU/vivado_project/vivado_project.sim/sim_1/behav/xsim'
"xvhdl --incr --relax -prj cu_tb_vhdl.prj"
INFO: [VRFC 10-163] Analyzing VHDL file "H:/EECS645/HW08_MIPS_CU/design_sources/my_packages/my_package.vhd" into library xil_defaultlib
INFO: [VRFC 10-163] Analyzing VHDL file "H:/EECS645/HW08_MIPS_CU/design_sources/cu.vhd" into library xil_defaultlib
INFO: [VRFC 10-3107] analyzing entity 'CU'
INFO: [VRFC 10-163] Analyzing VHDL file "H:/EECS645/HW08_MIPS_CU/design_sources/my_packages/ieee_2008/math_real.vhdl" into library xil_defaultlib
INFO: [VRFC 10-163] Analyzing VHDL file "H:/EECS645/HW08_MIPS_CU/design_sources/my_packages/ieee_2008/math_real-body.vhdl" into library xil_defaultlib
INFO: [VRFC 10-163] Analyzing VHDL file "H:/EECS645/HW08_MIPS_CU/design_sources/my_packages/my_package-body.vhd" into library xil_defaultlib
INFO: [VRFC 10-163] Analyzing VHDL file "H:/EECS645/HW08_MIPS_CU/simulation_sources/cu_tb.vhd" into library xil_defaultlib
INFO: [VRFC 10-3107] analyzing entity 'cu_tb'
INFO: [USF-XSim-69] 'compile' step finished in '5' seconds
INFO: [USF-XSim-3] XSim::Elaborate design
INFO: [USF-XSim-61] Executing 'ELABORATE' step in 'H:/EECS645/HW08_MIPS_CU/vivado_project/vivado_project.sim/sim_1/behav/xsim'
"xelab -wto 285273d71af4409eb3d87a9f82c62c0f --incr --debug typical --relax --mt 2 -L xil_defaultlib -L secureip --snapshot cu_tb_behav xil_defaultlib.cu_tb -log elaborate.log"
Vivado Simulator 2019.2
Copyright 1986-1999, 2001-2019 Xilinx, Inc. All Rights Reserved.
Running: C:/Xilinx/Vivado/2019.2/bin/unwrapped/win64.o/xelab.exe -wto 285273d71af4409eb3d87a9f82c62c0f --incr --debug typical --relax --mt 2 -L xil_defaultlib -L secureip --snapshot cu_tb_behav xil_defaultlib.cu_tb -log elaborate.log 
Using 2 slave threads.
Starting static elaboration
ERROR: [VRFC 10-2335] case statement does not cover all choices. 'others' clause is needed [H:/EECS645/HW08_MIPS_CU/design_sources/cu.vhd:38]
ERROR: [XSIM 43-3321] Static elaboration of top level VHDL design unit cu_tb in library work failed.
INFO: [USF-XSim-69] 'elaborate' step finished in '3' seconds
INFO: [USF-XSim-99] Step results log file:'H:/EECS645/HW08_MIPS_CU/vivado_project/vivado_project.sim/sim_1/behav/xsim/elaborate.log'
ERROR: [USF-XSim-62] 'elaborate' step failed with error(s). Please check the Tcl console output or 'H:/EECS645/HW08_MIPS_CU/vivado_project/vivado_project.sim/sim_1/behav/xsim/elaborate.log' file for more information.
ERROR: [Vivado 12-4473] Detected error while running simulation. Please correct the issue and retry this operation.
launch_simulation: Time (s): cpu = 00:00:00 ; elapsed = 00:00:32 . Memory (MB): peak = 816.812 ; gain = 0.000
ERROR: [Common 17-39] 'launch_simulation' failed due to earlier errors.
launch_simulation
Command: launch_simulation 
INFO: [Vivado 12-5682] Launching behavioral simulation in 'H:/EECS645/HW08_MIPS_CU/vivado_project/vivado_project.sim/sim_1/behav/xsim'
INFO: [SIM-utils-51] Simulation object is 'sim_1'
INFO: [SIM-utils-54] Inspecting design source files for 'cu_tb' in fileset 'sim_1'...
INFO: [USF-XSim-97] Finding global include files...
INFO: [USF-XSim-98] Fetching design files from 'sim_1'...
INFO: [USF-XSim-2] XSim::Compile design
INFO: [USF-XSim-61] Executing 'COMPILE and ANALYZE' step in 'H:/EECS645/HW08_MIPS_CU/vivado_project/vivado_project.sim/sim_1/behav/xsim'
"xvhdl --incr --relax -prj cu_tb_vhdl.prj"
INFO: [VRFC 10-163] Analyzing VHDL file "H:/EECS645/HW08_MIPS_CU/design_sources/cu.vhd" into library xil_defaultlib
INFO: [VRFC 10-3107] analyzing entity 'CU'
INFO: [USF-XSim-69] 'compile' step finished in '4' seconds
INFO: [USF-XSim-3] XSim::Elaborate design
INFO: [USF-XSim-61] Executing 'ELABORATE' step in 'H:/EECS645/HW08_MIPS_CU/vivado_project/vivado_project.sim/sim_1/behav/xsim'
"xelab -wto 285273d71af4409eb3d87a9f82c62c0f --incr --debug typical --relax --mt 2 -L xil_defaultlib -L secureip --snapshot cu_tb_behav xil_defaultlib.cu_tb -log elaborate.log"
Vivado Simulator 2019.2
Copyright 1986-1999, 2001-2019 Xilinx, Inc. All Rights Reserved.
Running: C:/Xilinx/Vivado/2019.2/bin/unwrapped/win64.o/xelab.exe -wto 285273d71af4409eb3d87a9f82c62c0f --incr --debug typical --relax --mt 2 -L xil_defaultlib -L secureip --snapshot cu_tb_behav xil_defaultlib.cu_tb -log elaborate.log 
Using 2 slave threads.
Starting static elaboration
ERROR: [VRFC 10-2335] case statement does not cover all choices. 'others' clause is needed [H:/EECS645/HW08_MIPS_CU/design_sources/cu.vhd:38]
ERROR: [XSIM 43-3321] Static elaboration of top level VHDL design unit cu_tb in library work failed.
INFO: [USF-XSim-69] 'elaborate' step finished in '3' seconds
INFO: [USF-XSim-99] Step results log file:'H:/EECS645/HW08_MIPS_CU/vivado_project/vivado_project.sim/sim_1/behav/xsim/elaborate.log'
ERROR: [USF-XSim-62] 'elaborate' step failed with error(s). Please check the Tcl console output or 'H:/EECS645/HW08_MIPS_CU/vivado_project/vivado_project.sim/sim_1/behav/xsim/elaborate.log' file for more information.
ERROR: [Vivado 12-4473] Detected error while running simulation. Please correct the issue and retry this operation.
launch_simulation: Time (s): cpu = 00:00:00 ; elapsed = 00:00:12 . Memory (MB): peak = 858.750 ; gain = 0.000
ERROR: [Common 17-39] 'launch_simulation' failed due to earlier errors.
launch_simulation
Command: launch_simulation 
INFO: [Vivado 12-5682] Launching behavioral simulation in 'H:/EECS645/HW08_MIPS_CU/vivado_project/vivado_project.sim/sim_1/behav/xsim'
INFO: [SIM-utils-51] Simulation object is 'sim_1'
INFO: [SIM-utils-54] Inspecting design source files for 'cu_tb' in fileset 'sim_1'...
INFO: [USF-XSim-97] Finding global include files...
INFO: [USF-XSim-98] Fetching design files from 'sim_1'...
INFO: [USF-XSim-2] XSim::Compile design
INFO: [USF-XSim-61] Executing 'COMPILE and ANALYZE' step in 'H:/EECS645/HW08_MIPS_CU/vivado_project/vivado_project.sim/sim_1/behav/xsim'
"xvhdl --incr --relax -prj cu_tb_vhdl.prj"
INFO: [VRFC 10-163] Analyzing VHDL file "H:/EECS645/HW08_MIPS_CU/design_sources/cu.vhd" into library xil_defaultlib
INFO: [VRFC 10-3107] analyzing entity 'CU'
INFO: [USF-XSim-69] 'compile' step finished in '4' seconds
INFO: [USF-XSim-3] XSim::Elaborate design
INFO: [USF-XSim-61] Executing 'ELABORATE' step in 'H:/EECS645/HW08_MIPS_CU/vivado_project/vivado_project.sim/sim_1/behav/xsim'
"xelab -wto 285273d71af4409eb3d87a9f82c62c0f --incr --debug typical --relax --mt 2 -L xil_defaultlib -L secureip --snapshot cu_tb_behav xil_defaultlib.cu_tb -log elaborate.log"
Vivado Simulator 2019.2
Copyright 1986-1999, 2001-2019 Xilinx, Inc. All Rights Reserved.
Running: C:/Xilinx/Vivado/2019.2/bin/unwrapped/win64.o/xelab.exe -wto 285273d71af4409eb3d87a9f82c62c0f --incr --debug typical --relax --mt 2 -L xil_defaultlib -L secureip --snapshot cu_tb_behav xil_defaultlib.cu_tb -log elaborate.log 
Using 2 slave threads.
Starting static elaboration
ERROR: [VRFC 10-2335] case statement does not cover all choices. 'others' clause is needed [H:/EECS645/HW08_MIPS_CU/design_sources/cu.vhd:46]
ERROR: [XSIM 43-3321] Static elaboration of top level VHDL design unit cu_tb in library work failed.
INFO: [USF-XSim-69] 'elaborate' step finished in '3' seconds
INFO: [USF-XSim-99] Step results log file:'H:/EECS645/HW08_MIPS_CU/vivado_project/vivado_project.sim/sim_1/behav/xsim/elaborate.log'
ERROR: [USF-XSim-62] 'elaborate' step failed with error(s). Please check the Tcl console output or 'H:/EECS645/HW08_MIPS_CU/vivado_project/vivado_project.sim/sim_1/behav/xsim/elaborate.log' file for more information.
ERROR: [Vivado 12-4473] Detected error while running simulation. Please correct the issue and retry this operation.
launch_simulation: Time (s): cpu = 00:00:00 ; elapsed = 00:00:08 . Memory (MB): peak = 858.750 ; gain = 0.000
ERROR: [Common 17-39] 'launch_simulation' failed due to earlier errors.
launch_simulation
Command: launch_simulation 
INFO: [Vivado 12-5682] Launching behavioral simulation in 'H:/EECS645/HW08_MIPS_CU/vivado_project/vivado_project.sim/sim_1/behav/xsim'
INFO: [SIM-utils-51] Simulation object is 'sim_1'
INFO: [SIM-utils-54] Inspecting design source files for 'cu_tb' in fileset 'sim_1'...
INFO: [USF-XSim-97] Finding global include files...
INFO: [USF-XSim-98] Fetching design files from 'sim_1'...
INFO: [USF-XSim-2] XSim::Compile design
INFO: [USF-XSim-61] Executing 'COMPILE and ANALYZE' step in 'H:/EECS645/HW08_MIPS_CU/vivado_project/vivado_project.sim/sim_1/behav/xsim'
"xvhdl --incr --relax -prj cu_tb_vhdl.prj"
INFO: [VRFC 10-163] Analyzing VHDL file "H:/EECS645/HW08_MIPS_CU/design_sources/cu.vhd" into library xil_defaultlib
INFO: [VRFC 10-3107] analyzing entity 'CU'
INFO: [USF-XSim-69] 'compile' step finished in '4' seconds
INFO: [USF-XSim-3] XSim::Elaborate design
INFO: [USF-XSim-61] Executing 'ELABORATE' step in 'H:/EECS645/HW08_MIPS_CU/vivado_project/vivado_project.sim/sim_1/behav/xsim'
"xelab -wto 285273d71af4409eb3d87a9f82c62c0f --incr --debug typical --relax --mt 2 -L xil_defaultlib -L secureip --snapshot cu_tb_behav xil_defaultlib.cu_tb -log elaborate.log"
Vivado Simulator 2019.2
Copyright 1986-1999, 2001-2019 Xilinx, Inc. All Rights Reserved.
Running: C:/Xilinx/Vivado/2019.2/bin/unwrapped/win64.o/xelab.exe -wto 285273d71af4409eb3d87a9f82c62c0f --incr --debug typical --relax --mt 2 -L xil_defaultlib -L secureip --snapshot cu_tb_behav xil_defaultlib.cu_tb -log elaborate.log 
Using 2 slave threads.
Starting static elaboration
Completed static elaboration
Starting simulation data flow analysis
Completed simulation data flow analysis
Time Resolution for simulation is 1ps
Compiling package std.standard
Compiling package std.textio
Compiling package ieee.std_logic_1164
Compiling package xil_defaultlib.my_package
Compiling package xil_defaultlib.math_real
Compiling package ieee.numeric_std
Compiling architecture behav of entity xil_defaultlib.CU [cu_default]
Compiling architecture behavior of entity xil_defaultlib.cu_tb
Built simulation snapshot cu_tb_behav

****** Webtalk v2019.2.1 (64-bit)
  **** SW Build 2729669 on Thu Dec  5 04:49:17 MST 2019
  **** IP Build 2729494 on Thu Dec  5 07:38:25 MST 2019
    ** Copyright 1986-2019 Xilinx, Inc. All Rights Reserved.

source H:/EECS645/HW08_MIPS_CU/vivado_project/vivado_project.sim/sim_1/behav/xsim/xsim.dir/cu_tb_behav/webtalk/xsim_webtalk.tcl -notrace
INFO: [Common 17-186] 'H:/EECS645/HW08_MIPS_CU/vivado_project/vivado_project.sim/sim_1/behav/xsim/xsim.dir/cu_tb_behav/webtalk/usage_statistics_ext_xsim.xml' has been successfully sent to Xilinx on Mon Apr 10 09:41:30 2023. For additional details about this file, please refer to the WebTalk help file at C:/Xilinx/Vivado/2019.2/doc/webtalk_introduction.html.
INFO: [Common 17-206] Exiting Webtalk at Mon Apr 10 09:41:30 2023...
run_program: Time (s): cpu = 00:00:00 ; elapsed = 00:00:20 . Memory (MB): peak = 858.750 ; gain = 0.000
INFO: [USF-XSim-69] 'elaborate' step finished in '20' seconds
INFO: [USF-XSim-4] XSim::Simulate design
INFO: [USF-XSim-61] Executing 'SIMULATE' step in 'H:/EECS645/HW08_MIPS_CU/vivado_project/vivado_project.sim/sim_1/behav/xsim'
INFO: [USF-XSim-98] *** Running xsim
   with args "cu_tb_behav -key {Behavioral:sim_1:Functional:cu_tb} -tclbatch {cu_tb.tcl} -view {H:/EECS645/HW08_MIPS_CU/simulation_sources/cu_wave.wcfg} -log {simulate.log}"
INFO: [USF-XSim-8] Loading simulator feature
Vivado Simulator 2019.2
Time resolution is 1 ps
open_wave_config H:/EECS645/HW08_MIPS_CU/simulation_sources/cu_wave.wcfg
source cu_tb.tcl
# set curr_wave [current_wave_config]
# if { [string length $curr_wave] == 0 } {
#   if { [llength [get_objects]] > 0} {
#     add_wave /
#     set_property needs_save false [current_wave_config]
#   } else {
#      send_msg_id Add_Wave-1 WARNING "No top level signals found. Simulator will start without a wave window. If you want to open a wave window go to 'File->New Waveform Configuration' or type 'create_wave_config' in the TCL console."
#   }
# }
# run 400ns
ERROR: Array sizes do not match, left array has 4 elements, right array has 16 elements
Time: 0 ps  Iteration: 0  Process: /cu_tb/uut/line__34
  File: H:/EECS645/HW08_MIPS_CU/design_sources/cu.vhd

HDL Line: H:/EECS645/HW08_MIPS_CU/design_sources/cu.vhd:94
xsim: Time (s): cpu = 00:00:01 ; elapsed = 00:00:07 . Memory (MB): peak = 865.914 ; gain = 7.164
INFO: [USF-XSim-96] XSim completed. Design snapshot 'cu_tb_behav' loaded.
INFO: [USF-XSim-97] XSim simulation ran for 400ns
launch_simulation: Time (s): cpu = 00:00:01 ; elapsed = 00:00:34 . Memory (MB): peak = 865.914 ; gain = 7.164
close_sim
INFO: [Simtcl 6-16] Simulation closed
close_sim: Time (s): cpu = 00:00:00 ; elapsed = 00:00:17 . Memory (MB): peak = 880.172 ; gain = 14.258
launch_simulation
Command: launch_simulation 
INFO: [Vivado 12-5682] Launching behavioral simulation in 'H:/EECS645/HW08_MIPS_CU/vivado_project/vivado_project.sim/sim_1/behav/xsim'
INFO: [SIM-utils-51] Simulation object is 'sim_1'
INFO: [SIM-utils-54] Inspecting design source files for 'cu_tb' in fileset 'sim_1'...
INFO: [USF-XSim-97] Finding global include files...
INFO: [USF-XSim-98] Fetching design files from 'sim_1'...
INFO: [USF-XSim-2] XSim::Compile design
INFO: [USF-XSim-61] Executing 'COMPILE and ANALYZE' step in 'H:/EECS645/HW08_MIPS_CU/vivado_project/vivado_project.sim/sim_1/behav/xsim'
"xvhdl --incr --relax -prj cu_tb_vhdl.prj"
INFO: [VRFC 10-163] Analyzing VHDL file "H:/EECS645/HW08_MIPS_CU/design_sources/cu.vhd" into library xil_defaultlib
INFO: [VRFC 10-3107] analyzing entity 'CU'
INFO: [USF-XSim-69] 'compile' step finished in '5' seconds
INFO: [USF-XSim-3] XSim::Elaborate design
INFO: [USF-XSim-61] Executing 'ELABORATE' step in 'H:/EECS645/HW08_MIPS_CU/vivado_project/vivado_project.sim/sim_1/behav/xsim'
"xelab -wto 285273d71af4409eb3d87a9f82c62c0f --incr --debug typical --relax --mt 2 -L xil_defaultlib -L secureip --snapshot cu_tb_behav xil_defaultlib.cu_tb -log elaborate.log"
Vivado Simulator 2019.2
Copyright 1986-1999, 2001-2019 Xilinx, Inc. All Rights Reserved.
Running: C:/Xilinx/Vivado/2019.2/bin/unwrapped/win64.o/xelab.exe -wto 285273d71af4409eb3d87a9f82c62c0f --incr --debug typical --relax --mt 2 -L xil_defaultlib -L secureip --snapshot cu_tb_behav xil_defaultlib.cu_tb -log elaborate.log 
Using 2 slave threads.
Starting static elaboration
Completed static elaboration
Starting simulation data flow analysis
Completed simulation data flow analysis
Time Resolution for simulation is 1ps
Compiling package std.standard
Compiling package std.textio
Compiling package ieee.std_logic_1164
Compiling package xil_defaultlib.my_package
Compiling package xil_defaultlib.math_real
Compiling package ieee.numeric_std
Compiling architecture behav of entity xil_defaultlib.CU [cu_default]
Compiling architecture behavior of entity xil_defaultlib.cu_tb
Built simulation snapshot cu_tb_behav

****** Webtalk v2019.2.1 (64-bit)
  **** SW Build 2729669 on Thu Dec  5 04:49:17 MST 2019
  **** IP Build 2729494 on Thu Dec  5 07:38:25 MST 2019
    ** Copyright 1986-2019 Xilinx, Inc. All Rights Reserved.

source H:/EECS645/HW08_MIPS_CU/vivado_project/vivado_project.sim/sim_1/behav/xsim/xsim.dir/cu_tb_behav/webtalk/xsim_webtalk.tcl -notrace
INFO: [Common 17-186] 'H:/EECS645/HW08_MIPS_CU/vivado_project/vivado_project.sim/sim_1/behav/xsim/xsim.dir/cu_tb_behav/webtalk/usage_statistics_ext_xsim.xml' has been successfully sent to Xilinx on Mon Apr 10 09:46:27 2023. For additional details about this file, please refer to the WebTalk help file at C:/Xilinx/Vivado/2019.2/doc/webtalk_introduction.html.
INFO: [Common 17-206] Exiting Webtalk at Mon Apr 10 09:46:27 2023...
run_program: Time (s): cpu = 00:00:00 ; elapsed = 00:00:12 . Memory (MB): peak = 880.172 ; gain = 0.000
INFO: [USF-XSim-69] 'elaborate' step finished in '11' seconds
INFO: [USF-XSim-4] XSim::Simulate design
INFO: [USF-XSim-61] Executing 'SIMULATE' step in 'H:/EECS645/HW08_MIPS_CU/vivado_project/vivado_project.sim/sim_1/behav/xsim'
INFO: [USF-XSim-98] *** Running xsim
   with args "cu_tb_behav -key {Behavioral:sim_1:Functional:cu_tb} -tclbatch {cu_tb.tcl} -view {H:/EECS645/HW08_MIPS_CU/simulation_sources/cu_wave.wcfg} -log {simulate.log}"
INFO: [USF-XSim-8] Loading simulator feature
Vivado Simulator 2019.2
Time resolution is 1 ps
open_wave_config H:/EECS645/HW08_MIPS_CU/simulation_sources/cu_wave.wcfg
source cu_tb.tcl
# set curr_wave [current_wave_config]
# if { [string length $curr_wave] == 0 } {
#   if { [llength [get_objects]] > 0} {
#     add_wave /
#     set_property needs_save false [current_wave_config]
#   } else {
#      send_msg_id Add_Wave-1 WARNING "No top level signals found. Simulator will start without a wave window. If you want to open a wave window go to 'File->New Waveform Configuration' or type 'create_wave_config' in the TCL console."
#   }
# }
# run 400ns
xsim: Time (s): cpu = 00:00:01 ; elapsed = 00:00:05 . Memory (MB): peak = 880.172 ; gain = 0.000
INFO: [USF-XSim-96] XSim completed. Design snapshot 'cu_tb_behav' loaded.
INFO: [USF-XSim-97] XSim simulation ran for 400ns
launch_simulation: Time (s): cpu = 00:00:01 ; elapsed = 00:00:26 . Memory (MB): peak = 880.172 ; gain = 0.000
close_sim
INFO: [Simtcl 6-16] Simulation closed
close_sim: Time (s): cpu = 00:00:01 ; elapsed = 00:00:09 . Memory (MB): peak = 880.172 ; gain = 0.000
launch_simulation
Command: launch_simulation 
INFO: [Vivado 12-5682] Launching behavioral simulation in 'H:/EECS645/HW08_MIPS_CU/vivado_project/vivado_project.sim/sim_1/behav/xsim'
INFO: [SIM-utils-51] Simulation object is 'sim_1'
INFO: [SIM-utils-54] Inspecting design source files for 'cu_tb' in fileset 'sim_1'...
INFO: [USF-XSim-97] Finding global include files...
INFO: [USF-XSim-98] Fetching design files from 'sim_1'...
INFO: [USF-XSim-2] XSim::Compile design
INFO: [USF-XSim-61] Executing 'COMPILE and ANALYZE' step in 'H:/EECS645/HW08_MIPS_CU/vivado_project/vivado_project.sim/sim_1/behav/xsim'
"xvhdl --incr --relax -prj cu_tb_vhdl.prj"
INFO: [VRFC 10-163] Analyzing VHDL file "H:/EECS645/HW08_MIPS_CU/design_sources/cu.vhd" into library xil_defaultlib
INFO: [VRFC 10-3107] analyzing entity 'CU'
INFO: [USF-XSim-69] 'compile' step finished in '4' seconds
INFO: [USF-XSim-3] XSim::Elaborate design
INFO: [USF-XSim-61] Executing 'ELABORATE' step in 'H:/EECS645/HW08_MIPS_CU/vivado_project/vivado_project.sim/sim_1/behav/xsim'
"xelab -wto 285273d71af4409eb3d87a9f82c62c0f --incr --debug typical --relax --mt 2 -L xil_defaultlib -L secureip --snapshot cu_tb_behav xil_defaultlib.cu_tb -log elaborate.log"
Vivado Simulator 2019.2
Copyright 1986-1999, 2001-2019 Xilinx, Inc. All Rights Reserved.
Running: C:/Xilinx/Vivado/2019.2/bin/unwrapped/win64.o/xelab.exe -wto 285273d71af4409eb3d87a9f82c62c0f --incr --debug typical --relax --mt 2 -L xil_defaultlib -L secureip --snapshot cu_tb_behav xil_defaultlib.cu_tb -log elaborate.log 
Using 2 slave threads.
Starting static elaboration
Completed static elaboration
Starting simulation data flow analysis
Completed simulation data flow analysis
Time Resolution for simulation is 1ps
Compiling package std.standard
Compiling package std.textio
Compiling package ieee.std_logic_1164
Compiling package xil_defaultlib.my_package
Compiling package xil_defaultlib.math_real
Compiling package ieee.numeric_std
Compiling architecture behav of entity xil_defaultlib.CU [cu_default]
Compiling architecture behavior of entity xil_defaultlib.cu_tb
Built simulation snapshot cu_tb_behav

****** Webtalk v2019.2.1 (64-bit)
  **** SW Build 2729669 on Thu Dec  5 04:49:17 MST 2019
  **** IP Build 2729494 on Thu Dec  5 07:38:25 MST 2019
    ** Copyright 1986-2019 Xilinx, Inc. All Rights Reserved.

source H:/EECS645/HW08_MIPS_CU/vivado_project/vivado_project.sim/sim_1/behav/xsim/xsim.dir/cu_tb_behav/webtalk/xsim_webtalk.tcl -notrace
INFO: [Common 17-186] 'H:/EECS645/HW08_MIPS_CU/vivado_project/vivado_project.sim/sim_1/behav/xsim/xsim.dir/cu_tb_behav/webtalk/usage_statistics_ext_xsim.xml' has been successfully sent to Xilinx on Mon Apr 10 10:05:11 2023. For additional details about this file, please refer to the WebTalk help file at C:/Xilinx/Vivado/2019.2/doc/webtalk_introduction.html.
webtalk_transmit: Time (s): cpu = 00:00:00 ; elapsed = 00:00:14 . Memory (MB): peak = 79.965 ; gain = 13.207
INFO: [Common 17-206] Exiting Webtalk at Mon Apr 10 10:05:11 2023...
run_program: Time (s): cpu = 00:00:00 ; elapsed = 00:00:24 . Memory (MB): peak = 880.172 ; gain = 0.000
INFO: [USF-XSim-69] 'elaborate' step finished in '23' seconds
INFO: [USF-XSim-4] XSim::Simulate design
INFO: [USF-XSim-61] Executing 'SIMULATE' step in 'H:/EECS645/HW08_MIPS_CU/vivado_project/vivado_project.sim/sim_1/behav/xsim'
INFO: [USF-XSim-98] *** Running xsim
   with args "cu_tb_behav -key {Behavioral:sim_1:Functional:cu_tb} -tclbatch {cu_tb.tcl} -view {H:/EECS645/HW08_MIPS_CU/simulation_sources/cu_wave.wcfg} -log {simulate.log}"
INFO: [USF-XSim-8] Loading simulator feature
Vivado Simulator 2019.2
Time resolution is 1 ps
open_wave_config H:/EECS645/HW08_MIPS_CU/simulation_sources/cu_wave.wcfg
source cu_tb.tcl
# set curr_wave [current_wave_config]
# if { [string length $curr_wave] == 0 } {
#   if { [llength [get_objects]] > 0} {
#     add_wave /
#     set_property needs_save false [current_wave_config]
#   } else {
#      send_msg_id Add_Wave-1 WARNING "No top level signals found. Simulator will start without a wave window. If you want to open a wave window go to 'File->New Waveform Configuration' or type 'create_wave_config' in the TCL console."
#   }
# }
# run 400ns
INFO: [USF-XSim-96] XSim completed. Design snapshot 'cu_tb_behav' loaded.
INFO: [USF-XSim-97] XSim simulation ran for 400ns
launch_simulation: Time (s): cpu = 00:00:01 ; elapsed = 00:00:35 . Memory (MB): peak = 883.352 ; gain = 3.180
close_sim
INFO: [Simtcl 6-16] Simulation closed
close_sim: Time (s): cpu = 00:00:01 ; elapsed = 00:00:08 . Memory (MB): peak = 889.824 ; gain = 0.000
exit
INFO: [Common 17-206] Exiting Vivado at Mon Apr 10 10:06:32 2023...
