#-----------------------------------------------------------
# Vivado v2020.2 (64-bit)
# SW Build 3064766 on Wed Nov 18 09:12:45 MST 2020
# IP Build 3064653 on Wed Nov 18 14:17:31 MST 2020
# Start of session at: Fri Mar  3 15:30:28 2023
# Process ID: 15784
# Current directory: C:/Users/chase/OneDrive/Documents/Spring 23/EECS 645 - Computer Architecture/HW04_MIPS_MEM_Burkdoll/InstrMem/vivado_project
# Command line: vivado.exe -gui_launcher_event rodinguilauncherevent10112 C:\Users\chase\OneDrive\Documents\Spring 23\EECS 645 - Computer Architecture\HW04_MIPS_MEM_Burkdoll\InstrMem\vivado_project\vivado_project.xpr
# Log file: C:/Users/chase/OneDrive/Documents/Spring 23/EECS 645 - Computer Architecture/HW04_MIPS_MEM_Burkdoll/InstrMem/vivado_project/vivado.log
# Journal file: C:/Users/chase/OneDrive/Documents/Spring 23/EECS 645 - Computer Architecture/HW04_MIPS_MEM_Burkdoll/InstrMem/vivado_project\vivado.jou
#-----------------------------------------------------------
start_gui
open_project {C:/Users/chase/OneDrive/Documents/Spring 23/EECS 645 - Computer Architecture/HW04_MIPS_MEM_Burkdoll/InstrMem/vivado_project/vivado_project.xpr}
INFO: [ProjectBase 1-489] The host OS only allows 260 characters in a normal path. The project is stored in a path with more than 80 characters. If you experience issues with IP, Block Designs, or files not being found, please consider moving the project to a location with a shorter path. Alternately consider using the OS subst command to map part of the path to a drive letter.
Current project path is 'C:/Users/chase/OneDrive/Documents/Spring 23/EECS 645 - Computer Architecture/HW04_MIPS_MEM_Burkdoll/InstrMem/vivado_project'
INFO: [Project 1-313] Project file moved from 'C:/Users/chase/OneDrive/Desktop/HW04_MIPS_MEM_Burkdoll/InstrMem/vivado_project' since last save.
WARNING: [filemgmt 56-2] Default IP Output Path : Could not find the directory 'C:/Users/chase/OneDrive/Documents/Spring 23/EECS 645 - Computer Architecture/HW04_MIPS_MEM_Burkdoll/InstrMem/vivado_project/vivado_project.gen/sources_1', nor could it be found using path 'C:/Users/chase/OneDrive/Desktop/HW04_MIPS_MEM_Burkdoll/InstrMem/vivado_project/vivado_project.gen/sources_1'.
Scanning sources...
Finished scanning sources
INFO: [IP_Flow 19-234] Refreshing IP repositories
INFO: [IP_Flow 19-1704] No user IP repositories specified
INFO: [IP_Flow 19-2313] Loaded Vivado IP repository 'C:/Xilinx/Vivado/2020.2/data/ip'.
update_compile_order -fileset sources_1
exit
INFO: [Common 17-206] Exiting Vivado at Fri Mar  3 15:32:52 2023...
