#-----------------------------------------------------------
# Vivado v2020.2 (64-bit)
# SW Build 3064766 on Wed Nov 18 09:12:45 MST 2020
# IP Build 3064653 on Wed Nov 18 14:17:31 MST 2020
# Start of session at: Wed Mar  1 13:16:15 2023
# Process ID: 9248
# Current directory: C:/Users/chase/OneDrive/Desktop/HW04_MIPS_MEM_Burkdoll/InstrMem/vivado_project
# Command line: vivado.exe -gui_launcher_event rodinguilauncherevent6560 C:\Users\chase\OneDrive\Desktop\HW04_MIPS_MEM_Burkdoll\InstrMem\vivado_project\vivado_project.xpr
# Log file: C:/Users/chase/OneDrive/Desktop/HW04_MIPS_MEM_Burkdoll/InstrMem/vivado_project/vivado.log
# Journal file: C:/Users/chase/OneDrive/Desktop/HW04_MIPS_MEM_Burkdoll/InstrMem/vivado_project\vivado.jou
#-----------------------------------------------------------
start_gui
open_project C:/Users/chase/OneDrive/Desktop/HW04_MIPS_MEM_Burkdoll/InstrMem/vivado_project/vivado_project.xpr
WARNING: [filemgmt 56-3] Default IP Output Path : Could not find the directory 'C:/Users/chase/OneDrive/Desktop/HW04_MIPS_MEM_Burkdoll/InstrMem/vivado_project/vivado_project.gen/sources_1'.
Scanning sources...
Finished scanning sources
INFO: [IP_Flow 19-234] Refreshing IP repositories
INFO: [IP_Flow 19-1704] No user IP repositories specified
INFO: [IP_Flow 19-2313] Loaded Vivado IP repository 'C:/Xilinx/Vivado/2020.2/data/ip'.
open_project: Time (s): cpu = 00:00:05 ; elapsed = 00:00:05 . Memory (MB): peak = 1000.484 ; gain = 0.000
update_compile_order -fileset sources_1
launch_simulation
Command: launch_simulation 
INFO: [Vivado 12-5682] Launching behavioral simulation in 'C:/Users/chase/OneDrive/Desktop/HW04_MIPS_MEM_Burkdoll/InstrMem/vivado_project/vivado_project.sim/sim_1/behav/xsim'
INFO: [SIM-utils-51] Simulation object is 'sim_1'
INFO: [SIM-utils-54] Inspecting design source files for 'InstrMem' in fileset 'sim_1'...
INFO: [USF-XSim-97] Finding global include files...
INFO: [USF-XSim-98] Fetching design files from 'sim_1'...
INFO: [USF-XSim-2] XSim::Compile design
INFO: [USF-XSim-61] Executing 'COMPILE and ANALYZE' step in 'C:/Users/chase/OneDrive/Desktop/HW04_MIPS_MEM_Burkdoll/InstrMem/vivado_project/vivado_project.sim/sim_1/behav/xsim'
"xvhdl --incr --relax -prj InstrMem_vhdl.prj"
run_program: Time (s): cpu = 00:00:01 ; elapsed = 00:00:07 . Memory (MB): peak = 1000.484 ; gain = 0.000
INFO: [USF-XSim-69] 'compile' step finished in '7' seconds
INFO: [USF-XSim-3] XSim::Elaborate design
INFO: [USF-XSim-61] Executing 'ELABORATE' step in 'C:/Users/chase/OneDrive/Desktop/HW04_MIPS_MEM_Burkdoll/InstrMem/vivado_project/vivado_project.sim/sim_1/behav/xsim'
"xelab -wto e219fc9576154efea103ec882cf6bba9 --incr --debug typical --relax --mt 2 -L xil_defaultlib -L secureip --snapshot InstrMem_behav xil_defaultlib.InstrMem -log elaborate.log"
Vivado Simulator 2020.2
Copyright 1986-1999, 2001-2020 Xilinx, Inc. All Rights Reserved.
Running: C:/Xilinx/Vivado/2020.2/bin/unwrapped/win64.o/xelab.exe -wto e219fc9576154efea103ec882cf6bba9 --incr --debug typical --relax --mt 2 -L xil_defaultlib -L secureip --snapshot InstrMem_behav xil_defaultlib.InstrMem -log elaborate.log 
Using 2 slave threads.
Starting static elaboration
Completed static elaboration
INFO: [XSIM 43-4323] No Change in HDL. Linking previously generated obj files to create kernel
INFO: [USF-XSim-69] 'elaborate' step finished in '2' seconds
INFO: [USF-XSim-4] XSim::Simulate design
INFO: [USF-XSim-61] Executing 'SIMULATE' step in 'C:/Users/chase/OneDrive/Desktop/HW04_MIPS_MEM_Burkdoll/InstrMem/vivado_project/vivado_project.sim/sim_1/behav/xsim'
INFO: [USF-XSim-98] *** Running xsim
   with args "InstrMem_behav -key {Behavioral:sim_1:Functional:InstrMem} -tclbatch {InstrMem.tcl} -view {C:/Users/chase/OneDrive/Desktop/HW04_MIPS_MEM_Burkdoll/InstrMem/simulation_sources/InstrMem_wave.wcfg} -log {simulate.log}"
INFO: [USF-XSim-8] Loading simulator feature
Vivado Simulator 2020.2
Time resolution is 1 ps
open_wave_config C:/Users/chase/OneDrive/Desktop/HW04_MIPS_MEM_Burkdoll/InstrMem/simulation_sources/InstrMem_wave.wcfg
WARNING: Simulation object /InstrMem_tb/rst was not found in the design.
WARNING: Simulation object /InstrMem_tb/A was not found in the design.
WARNING: Simulation object /InstrMem_tb/Instr was not found in the design.
WARNING: Simulation object /InstrMem_tb/uut/instr_mem was not found in the design.
source InstrMem.tcl
# set curr_wave [current_wave_config]
# if { [string length $curr_wave] == 0 } {
#   if { [llength [get_objects]] > 0} {
#     add_wave /
#     set_property needs_save false [current_wave_config]
#   } else {
#      send_msg_id Add_Wave-1 WARNING "No top level signals found. Simulator will start without a wave window. If you want to open a wave window go to 'File->New Waveform Configuration' or type 'create_wave_config' in the TCL console."
#   }
# }
# run 300ns
INFO: [USF-XSim-96] XSim completed. Design snapshot 'InstrMem_behav' loaded.
INFO: [USF-XSim-97] XSim simulation ran for 300ns
launch_simulation: Time (s): cpu = 00:00:06 ; elapsed = 00:00:14 . Memory (MB): peak = 1000.484 ; gain = 0.000
close_sim
INFO: [Simtcl 6-16] Simulation closed
launch_simulation
Command: launch_simulation 
INFO: [Vivado 12-5682] Launching behavioral simulation in 'C:/Users/chase/OneDrive/Desktop/HW04_MIPS_MEM_Burkdoll/InstrMem/vivado_project/vivado_project.sim/sim_1/behav/xsim'
INFO: [SIM-utils-51] Simulation object is 'sim_1'
INFO: [SIM-utils-54] Inspecting design source files for 'InstrMem' in fileset 'sim_1'...
INFO: [USF-XSim-97] Finding global include files...
INFO: [USF-XSim-98] Fetching design files from 'sim_1'...
INFO: [USF-XSim-2] XSim::Compile design
INFO: [USF-XSim-61] Executing 'COMPILE and ANALYZE' step in 'C:/Users/chase/OneDrive/Desktop/HW04_MIPS_MEM_Burkdoll/InstrMem/vivado_project/vivado_project.sim/sim_1/behav/xsim'
"xvhdl --incr --relax -prj InstrMem_vhdl.prj"
INFO: [USF-XSim-69] 'compile' step finished in '1' seconds
INFO: [USF-XSim-3] XSim::Elaborate design
INFO: [USF-XSim-61] Executing 'ELABORATE' step in 'C:/Users/chase/OneDrive/Desktop/HW04_MIPS_MEM_Burkdoll/InstrMem/vivado_project/vivado_project.sim/sim_1/behav/xsim'
"xelab -wto e219fc9576154efea103ec882cf6bba9 --incr --debug typical --relax --mt 2 -L xil_defaultlib -L secureip --snapshot InstrMem_behav xil_defaultlib.InstrMem -log elaborate.log"
Vivado Simulator 2020.2
Copyright 1986-1999, 2001-2020 Xilinx, Inc. All Rights Reserved.
Running: C:/Xilinx/Vivado/2020.2/bin/unwrapped/win64.o/xelab.exe -wto e219fc9576154efea103ec882cf6bba9 --incr --debug typical --relax --mt 2 -L xil_defaultlib -L secureip --snapshot InstrMem_behav xil_defaultlib.InstrMem -log elaborate.log 
Using 2 slave threads.
Starting static elaboration
Completed static elaboration
INFO: [XSIM 43-4323] No Change in HDL. Linking previously generated obj files to create kernel
INFO: [USF-XSim-69] 'elaborate' step finished in '2' seconds
INFO: [USF-XSim-4] XSim::Simulate design
INFO: [USF-XSim-61] Executing 'SIMULATE' step in 'C:/Users/chase/OneDrive/Desktop/HW04_MIPS_MEM_Burkdoll/InstrMem/vivado_project/vivado_project.sim/sim_1/behav/xsim'
INFO: [USF-XSim-98] *** Running xsim
   with args "InstrMem_behav -key {Behavioral:sim_1:Functional:InstrMem} -tclbatch {InstrMem.tcl} -view {C:/Users/chase/OneDrive/Desktop/HW04_MIPS_MEM_Burkdoll/InstrMem/simulation_sources/InstrMem_wave.wcfg} -log {simulate.log}"
INFO: [USF-XSim-8] Loading simulator feature
Vivado Simulator 2020.2
Time resolution is 1 ps
open_wave_config C:/Users/chase/OneDrive/Desktop/HW04_MIPS_MEM_Burkdoll/InstrMem/simulation_sources/InstrMem_wave.wcfg
WARNING: Simulation object /InstrMem_tb/rst was not found in the design.
WARNING: Simulation object /InstrMem_tb/A was not found in the design.
WARNING: Simulation object /InstrMem_tb/Instr was not found in the design.
WARNING: Simulation object /InstrMem_tb/uut/instr_mem was not found in the design.
source InstrMem.tcl
# set curr_wave [current_wave_config]
# if { [string length $curr_wave] == 0 } {
#   if { [llength [get_objects]] > 0} {
#     add_wave /
#     set_property needs_save false [current_wave_config]
#   } else {
#      send_msg_id Add_Wave-1 WARNING "No top level signals found. Simulator will start without a wave window. If you want to open a wave window go to 'File->New Waveform Configuration' or type 'create_wave_config' in the TCL console."
#   }
# }
# run 300ns
INFO: [USF-XSim-96] XSim completed. Design snapshot 'InstrMem_behav' loaded.
INFO: [USF-XSim-97] XSim simulation ran for 300ns
launch_simulation: Time (s): cpu = 00:00:02 ; elapsed = 00:00:06 . Memory (MB): peak = 1000.484 ; gain = 0.000
close_sim
INFO: [Simtcl 6-16] Simulation closed
close_project
create_project vivado_project . -part xc7a12ticsg325-1L
INFO: [IP_Flow 19-234] Refreshing IP repositories
INFO: [IP_Flow 19-1704] No user IP repositories specified
INFO: [IP_Flow 19-2313] Loaded Vivado IP repository 'C:/Xilinx/Vivado/2020.2/data/ip'.
set_property target_language VHDL [current_project]
add_files {C:/Users/chase/OneDrive/Desktop/HW04_MIPS_MEM_Burkdoll/InstrMem/design_sources/my_packages/my_package.vhd C:/Users/chase/OneDrive/Desktop/HW04_MIPS_MEM_Burkdoll/InstrMem/design_sources/my_packages/ieee_2008/math_real.vhdl C:/Users/chase/OneDrive/Desktop/HW04_MIPS_MEM_Burkdoll/InstrMem/design_sources/InstrMem.vhd C:/Users/chase/OneDrive/Desktop/HW04_MIPS_MEM_Burkdoll/InstrMem/design_sources/my_packages/ieee_2008/math_real-body.vhdl C:/Users/chase/OneDrive/Desktop/HW04_MIPS_MEM_Burkdoll/InstrMem/design_sources/my_packages/my_package-body.vhd}
update_compile_order -fileset sources_1
update_compile_order -fileset sources_1
set_property SOURCE_SET sources_1 [get_filesets sim_1]
add_files -fileset sim_1 -norecurse C:/Users/chase/OneDrive/Desktop/HW04_MIPS_MEM_Burkdoll/InstrMem/simulation_sources/InstrMem_wave.wcfg
add_files -fileset sim_1 -norecurse C:/Users/chase/OneDrive/Desktop/HW04_MIPS_MEM_Burkdoll/InstrMem/simulation_sources/InstrMem_tb.vhd
update_compile_order -fileset sim_1
update_compile_order -fileset sim_1
set_property -name {xsim.simulate.runtime} -value {300ns} -objects [get_filesets sim_1]
launch_simulation
Command: launch_simulation 
INFO: [Vivado 12-5682] Launching behavioral simulation in 'C:/Users/chase/OneDrive/Desktop/HW04_MIPS_MEM_Burkdoll/InstrMem/vivado_project/vivado_project.sim/sim_1/behav/xsim'
INFO: [SIM-utils-51] Simulation object is 'sim_1'
INFO: [SIM-utils-54] Inspecting design source files for 'InstrMem_tb' in fileset 'sim_1'...
INFO: [USF-XSim-97] Finding global include files...
INFO: [USF-XSim-98] Fetching design files from 'sim_1'...
INFO: [USF-XSim-2] XSim::Compile design
INFO: [USF-XSim-61] Executing 'COMPILE and ANALYZE' step in 'C:/Users/chase/OneDrive/Desktop/HW04_MIPS_MEM_Burkdoll/InstrMem/vivado_project/vivado_project.sim/sim_1/behav/xsim'
"xvhdl --incr --relax -prj InstrMem_tb_vhdl.prj"
INFO: [VRFC 10-163] Analyzing VHDL file "C:/Users/chase/OneDrive/Desktop/HW04_MIPS_MEM_Burkdoll/InstrMem/design_sources/my_packages/my_package.vhd" into library xil_defaultlib
INFO: [VRFC 10-163] Analyzing VHDL file "C:/Users/chase/OneDrive/Desktop/HW04_MIPS_MEM_Burkdoll/InstrMem/design_sources/InstrMem.vhd" into library xil_defaultlib
INFO: [VRFC 10-3107] analyzing entity 'InstrMem'
INFO: [VRFC 10-163] Analyzing VHDL file "C:/Users/chase/OneDrive/Desktop/HW04_MIPS_MEM_Burkdoll/InstrMem/design_sources/my_packages/ieee_2008/math_real.vhdl" into library xil_defaultlib
INFO: [VRFC 10-163] Analyzing VHDL file "C:/Users/chase/OneDrive/Desktop/HW04_MIPS_MEM_Burkdoll/InstrMem/design_sources/my_packages/ieee_2008/math_real-body.vhdl" into library xil_defaultlib
INFO: [VRFC 10-163] Analyzing VHDL file "C:/Users/chase/OneDrive/Desktop/HW04_MIPS_MEM_Burkdoll/InstrMem/design_sources/my_packages/my_package-body.vhd" into library xil_defaultlib
INFO: [VRFC 10-163] Analyzing VHDL file "C:/Users/chase/OneDrive/Desktop/HW04_MIPS_MEM_Burkdoll/InstrMem/simulation_sources/InstrMem_tb.vhd" into library xil_defaultlib
INFO: [VRFC 10-3107] analyzing entity 'InstrMem_tb'
INFO: [USF-XSim-69] 'compile' step finished in '1' seconds
INFO: [USF-XSim-3] XSim::Elaborate design
INFO: [USF-XSim-61] Executing 'ELABORATE' step in 'C:/Users/chase/OneDrive/Desktop/HW04_MIPS_MEM_Burkdoll/InstrMem/vivado_project/vivado_project.sim/sim_1/behav/xsim'
"xelab -wto 65e83021d05f47ddbccf2a60e04c029d --incr --debug typical --relax --mt 2 -L xil_defaultlib -L secureip --snapshot InstrMem_tb_behav xil_defaultlib.InstrMem_tb -log elaborate.log"
Vivado Simulator 2020.2
Copyright 1986-1999, 2001-2020 Xilinx, Inc. All Rights Reserved.
Running: C:/Xilinx/Vivado/2020.2/bin/unwrapped/win64.o/xelab.exe -wto 65e83021d05f47ddbccf2a60e04c029d --incr --debug typical --relax --mt 2 -L xil_defaultlib -L secureip --snapshot InstrMem_tb_behav xil_defaultlib.InstrMem_tb -log elaborate.log 
Using 2 slave threads.
Starting static elaboration
Completed static elaboration
Starting simulation data flow analysis
Completed simulation data flow analysis
Time Resolution for simulation is 1ps
Compiling package std.standard
Compiling package std.textio
Compiling package ieee.std_logic_1164
Compiling package xil_defaultlib.my_package
Compiling package xil_defaultlib.math_real
Compiling package ieee.numeric_std
Compiling architecture behav of entity xil_defaultlib.InstrMem [instrmem_default]
Compiling architecture behavior of entity xil_defaultlib.instrmem_tb
Built simulation snapshot InstrMem_tb_behav

****** Webtalk v2020.2 (64-bit)
  **** SW Build 3064766 on Wed Nov 18 09:12:45 MST 2020
  **** IP Build 3064653 on Wed Nov 18 14:17:31 MST 2020
    ** Copyright 1986-2020 Xilinx, Inc. All Rights Reserved.

source C:/Users/chase/OneDrive/Desktop/HW04_MIPS_MEM_Burkdoll/InstrMem/vivado_project/vivado_project.sim/sim_1/behav/xsim/xsim.dir/InstrMem_tb_behav/webtalk/xsim_webtalk.tcl -notrace
INFO: [Common 17-186] 'C:/Users/chase/OneDrive/Desktop/HW04_MIPS_MEM_Burkdoll/InstrMem/vivado_project/vivado_project.sim/sim_1/behav/xsim/xsim.dir/InstrMem_tb_behav/webtalk/usage_statistics_ext_xsim.xml' has been successfully sent to Xilinx on Wed Mar  1 13:24:58 2023. For additional details about this file, please refer to the WebTalk help file at C:/Xilinx/Vivado/2020.2/doc/webtalk_introduction.html.
INFO: [Common 17-206] Exiting Webtalk at Wed Mar  1 13:24:58 2023...
run_program: Time (s): cpu = 00:00:00 ; elapsed = 00:00:07 . Memory (MB): peak = 1000.484 ; gain = 0.000
INFO: [USF-XSim-69] 'elaborate' step finished in '7' seconds
INFO: [USF-XSim-4] XSim::Simulate design
INFO: [USF-XSim-61] Executing 'SIMULATE' step in 'C:/Users/chase/OneDrive/Desktop/HW04_MIPS_MEM_Burkdoll/InstrMem/vivado_project/vivado_project.sim/sim_1/behav/xsim'
INFO: [USF-XSim-98] *** Running xsim
   with args "InstrMem_tb_behav -key {Behavioral:sim_1:Functional:InstrMem_tb} -tclbatch {InstrMem_tb.tcl} -view {C:/Users/chase/OneDrive/Desktop/HW04_MIPS_MEM_Burkdoll/InstrMem/simulation_sources/InstrMem_wave.wcfg} -log {simulate.log}"
INFO: [USF-XSim-8] Loading simulator feature
Vivado Simulator 2020.2
Time resolution is 1 ps
open_wave_config C:/Users/chase/OneDrive/Desktop/HW04_MIPS_MEM_Burkdoll/InstrMem/simulation_sources/InstrMem_wave.wcfg
source InstrMem_tb.tcl
# set curr_wave [current_wave_config]
# if { [string length $curr_wave] == 0 } {
#   if { [llength [get_objects]] > 0} {
#     add_wave /
#     set_property needs_save false [current_wave_config]
#   } else {
#      send_msg_id Add_Wave-1 WARNING "No top level signals found. Simulator will start without a wave window. If you want to open a wave window go to 'File->New Waveform Configuration' or type 'create_wave_config' in the TCL console."
#   }
# }
# run 300ns
INFO: [USF-XSim-96] XSim completed. Design snapshot 'InstrMem_tb_behav' loaded.
INFO: [USF-XSim-97] XSim simulation ran for 300ns
launch_simulation: Time (s): cpu = 00:00:03 ; elapsed = 00:00:13 . Memory (MB): peak = 1000.484 ; gain = 0.000
close_sim
INFO: [Simtcl 6-16] Simulation closed
close_sim: Time (s): cpu = 00:00:01 ; elapsed = 00:00:05 . Memory (MB): peak = 1000.484 ; gain = 0.000
launch_simulation
Command: launch_simulation 
INFO: [Vivado 12-5682] Launching behavioral simulation in 'C:/Users/chase/OneDrive/Desktop/HW04_MIPS_MEM_Burkdoll/InstrMem/vivado_project/vivado_project.sim/sim_1/behav/xsim'
INFO: [SIM-utils-51] Simulation object is 'sim_1'
INFO: [SIM-utils-54] Inspecting design source files for 'InstrMem_tb' in fileset 'sim_1'...
INFO: [USF-XSim-97] Finding global include files...
INFO: [USF-XSim-98] Fetching design files from 'sim_1'...
INFO: [USF-XSim-2] XSim::Compile design
INFO: [USF-XSim-61] Executing 'COMPILE and ANALYZE' step in 'C:/Users/chase/OneDrive/Desktop/HW04_MIPS_MEM_Burkdoll/InstrMem/vivado_project/vivado_project.sim/sim_1/behav/xsim'
"xvhdl --incr --relax -prj InstrMem_tb_vhdl.prj"
INFO: [VRFC 10-163] Analyzing VHDL file "C:/Users/chase/OneDrive/Desktop/HW04_MIPS_MEM_Burkdoll/InstrMem/design_sources/InstrMem.vhd" into library xil_defaultlib
INFO: [VRFC 10-3107] analyzing entity 'InstrMem'
INFO: [USF-XSim-69] 'compile' step finished in '2' seconds
INFO: [USF-XSim-3] XSim::Elaborate design
INFO: [USF-XSim-61] Executing 'ELABORATE' step in 'C:/Users/chase/OneDrive/Desktop/HW04_MIPS_MEM_Burkdoll/InstrMem/vivado_project/vivado_project.sim/sim_1/behav/xsim'
"xelab -wto 65e83021d05f47ddbccf2a60e04c029d --incr --debug typical --relax --mt 2 -L xil_defaultlib -L secureip --snapshot InstrMem_tb_behav xil_defaultlib.InstrMem_tb -log elaborate.log"
Vivado Simulator 2020.2
Copyright 1986-1999, 2001-2020 Xilinx, Inc. All Rights Reserved.
Running: C:/Xilinx/Vivado/2020.2/bin/unwrapped/win64.o/xelab.exe -wto 65e83021d05f47ddbccf2a60e04c029d --incr --debug typical --relax --mt 2 -L xil_defaultlib -L secureip --snapshot InstrMem_tb_behav xil_defaultlib.InstrMem_tb -log elaborate.log 
Using 2 slave threads.
Starting static elaboration
Completed static elaboration
Starting simulation data flow analysis
Completed simulation data flow analysis
Time Resolution for simulation is 1ps
Compiling package std.standard
Compiling package std.textio
Compiling package ieee.std_logic_1164
Compiling package xil_defaultlib.my_package
Compiling package xil_defaultlib.math_real
Compiling package ieee.numeric_std
Compiling architecture behav of entity xil_defaultlib.InstrMem [instrmem_default]
Compiling architecture behavior of entity xil_defaultlib.instrmem_tb
Built simulation snapshot InstrMem_tb_behav
INFO: [USF-XSim-69] 'elaborate' step finished in '2' seconds
INFO: [USF-XSim-4] XSim::Simulate design
INFO: [USF-XSim-61] Executing 'SIMULATE' step in 'C:/Users/chase/OneDrive/Desktop/HW04_MIPS_MEM_Burkdoll/InstrMem/vivado_project/vivado_project.sim/sim_1/behav/xsim'
INFO: [USF-XSim-98] *** Running xsim
   with args "InstrMem_tb_behav -key {Behavioral:sim_1:Functional:InstrMem_tb} -tclbatch {InstrMem_tb.tcl} -view {C:/Users/chase/OneDrive/Desktop/HW04_MIPS_MEM_Burkdoll/InstrMem/simulation_sources/InstrMem_wave.wcfg} -log {simulate.log}"
INFO: [USF-XSim-8] Loading simulator feature
Vivado Simulator 2020.2
Time resolution is 1 ps
open_wave_config C:/Users/chase/OneDrive/Desktop/HW04_MIPS_MEM_Burkdoll/InstrMem/simulation_sources/InstrMem_wave.wcfg
source InstrMem_tb.tcl
# set curr_wave [current_wave_config]
# if { [string length $curr_wave] == 0 } {
#   if { [llength [get_objects]] > 0} {
#     add_wave /
#     set_property needs_save false [current_wave_config]
#   } else {
#      send_msg_id Add_Wave-1 WARNING "No top level signals found. Simulator will start without a wave window. If you want to open a wave window go to 'File->New Waveform Configuration' or type 'create_wave_config' in the TCL console."
#   }
# }
# run 300ns
INFO: [USF-XSim-96] XSim completed. Design snapshot 'InstrMem_tb_behav' loaded.
INFO: [USF-XSim-97] XSim simulation ran for 300ns
launch_simulation: Time (s): cpu = 00:00:02 ; elapsed = 00:00:07 . Memory (MB): peak = 1000.484 ; gain = 0.000
close_sim
INFO: [Simtcl 6-16] Simulation closed
exit
INFO: [Common 17-206] Exiting Vivado at Wed Mar  1 13:28:58 2023...
