#-----------------------------------------------------------
# Vivado v2020.2 (64-bit)
# SW Build 3064766 on Wed Nov 18 09:12:45 MST 2020
# IP Build 3064653 on Wed Nov 18 14:17:31 MST 2020
# Start of session at: Wed Feb 22 15:45:07 2023
# Process ID: 57876
# Current directory: C:/Users/chase/OneDrive/Desktop/HW03_MIPS_RegFile_Burkdoll/vivado_project
# Command line: vivado.exe -gui_launcher_event rodinguilauncherevent51360 C:\Users\chase\OneDrive\Desktop\HW03_MIPS_RegFile_Burkdoll\vivado_project\vivado_project.xpr
# Log file: C:/Users/chase/OneDrive/Desktop/HW03_MIPS_RegFile_Burkdoll/vivado_project/vivado.log
# Journal file: C:/Users/chase/OneDrive/Desktop/HW03_MIPS_RegFile_Burkdoll/vivado_project\vivado.jou
#-----------------------------------------------------------
start_gui
open_project C:/Users/chase/OneDrive/Desktop/HW03_MIPS_RegFile_Burkdoll/vivado_project/vivado_project.xpr
WARNING: [filemgmt 56-3] Default IP Output Path : Could not find the directory 'C:/Users/chase/OneDrive/Desktop/HW03_MIPS_RegFile_Burkdoll/vivado_project/vivado_project.gen/sources_1'.
Scanning sources...
Finished scanning sources
INFO: [IP_Flow 19-234] Refreshing IP repositories
INFO: [IP_Flow 19-1704] No user IP repositories specified
INFO: [IP_Flow 19-2313] Loaded Vivado IP repository 'C:/Xilinx/Vivado/2020.2/data/ip'.
open_project: Time (s): cpu = 00:00:14 ; elapsed = 00:00:06 . Memory (MB): peak = 999.699 ; gain = 0.000
update_compile_order -fileset sources_1
launch_simulation
Command: launch_simulation 
INFO: [Vivado 12-5682] Launching behavioral simulation in 'C:/Users/chase/OneDrive/Desktop/HW03_MIPS_RegFile_Burkdoll/vivado_project/vivado_project.sim/sim_1/behav/xsim'
INFO: [SIM-utils-51] Simulation object is 'sim_1'
INFO: [SIM-utils-54] Inspecting design source files for 'regfile_tb' in fileset 'sim_1'...
INFO: [USF-XSim-97] Finding global include files...
INFO: [USF-XSim-98] Fetching design files from 'sim_1'...
INFO: [USF-XSim-2] XSim::Compile design
INFO: [USF-XSim-61] Executing 'COMPILE and ANALYZE' step in 'C:/Users/chase/OneDrive/Desktop/HW03_MIPS_RegFile_Burkdoll/vivado_project/vivado_project.sim/sim_1/behav/xsim'
"xvhdl --incr --relax -prj regfile_tb_vhdl.prj"
INFO: [USF-XSim-69] 'compile' step finished in '2' seconds
INFO: [USF-XSim-3] XSim::Elaborate design
INFO: [USF-XSim-61] Executing 'ELABORATE' step in 'C:/Users/chase/OneDrive/Desktop/HW03_MIPS_RegFile_Burkdoll/vivado_project/vivado_project.sim/sim_1/behav/xsim'
"xelab -wto ba5622a71ba2411eaafe21e31f96e1eb --incr --debug typical --relax --mt 2 -L xil_defaultlib -L secureip --snapshot regfile_tb_behav xil_defaultlib.regfile_tb -log elaborate.log"
Vivado Simulator 2020.2
Copyright 1986-1999, 2001-2020 Xilinx, Inc. All Rights Reserved.
Running: C:/Xilinx/Vivado/2020.2/bin/unwrapped/win64.o/xelab.exe -wto ba5622a71ba2411eaafe21e31f96e1eb --incr --debug typical --relax --mt 2 -L xil_defaultlib -L secureip --snapshot regfile_tb_behav xil_defaultlib.regfile_tb -log elaborate.log 
Using 2 slave threads.
Starting static elaboration
Completed static elaboration
INFO: [XSIM 43-4323] No Change in HDL. Linking previously generated obj files to create kernel
INFO: [USF-XSim-69] 'elaborate' step finished in '2' seconds
INFO: [USF-XSim-4] XSim::Simulate design
INFO: [USF-XSim-61] Executing 'SIMULATE' step in 'C:/Users/chase/OneDrive/Desktop/HW03_MIPS_RegFile_Burkdoll/vivado_project/vivado_project.sim/sim_1/behav/xsim'
INFO: [USF-XSim-98] *** Running xsim
   with args "regfile_tb_behav -key {Behavioral:sim_1:Functional:regfile_tb} -tclbatch {regfile_tb.tcl} -view {C:/Users/chase/OneDrive/Desktop/HW03_MIPS_RegFile_Burkdoll/simulation_sources/regfile_wave.wcfg} -log {simulate.log}"
INFO: [USF-XSim-8] Loading simulator feature
Vivado Simulator 2020.2
Time resolution is 1 ps
open_wave_config C:/Users/chase/OneDrive/Desktop/HW03_MIPS_RegFile_Burkdoll/simulation_sources/regfile_wave.wcfg
source regfile_tb.tcl
# set curr_wave [current_wave_config]
# if { [string length $curr_wave] == 0 } {
#   if { [llength [get_objects]] > 0} {
#     add_wave /
#     set_property needs_save false [current_wave_config]
#   } else {
#      send_msg_id Add_Wave-1 WARNING "No top level signals found. Simulator will start without a wave window. If you want to open a wave window go to 'File->New Waveform Configuration' or type 'create_wave_config' in the TCL console."
#   }
# }
# run 300ns
INFO: [USF-XSim-96] XSim completed. Design snapshot 'regfile_tb_behav' loaded.
INFO: [USF-XSim-97] XSim simulation ran for 300ns
launch_simulation: Time (s): cpu = 00:00:12 ; elapsed = 00:00:10 . Memory (MB): peak = 999.699 ; gain = 0.000
close_sim
INFO: [Simtcl 6-16] Simulation closed
close_sim: Time (s): cpu = 00:00:03 ; elapsed = 00:00:06 . Memory (MB): peak = 999.699 ; gain = 0.000
exit
INFO: [Common 17-206] Exiting Vivado at Wed Feb 22 15:46:38 2023...
