Unable to capture context for thread 8584 in process 6964, can not generate back trace
Unable to capture context for thread 7224 in process 6964, can not generate back trace
Exception at PC 0x000007FEFD13A06D
Unable to capture context for thread 8420 in process 6964, can not generate back trace
Unable to capture context for thread 9972 in process 6964, can not generate back trace
Exception at PC 0x000007FEFD13A06D
Unable to capture context for thread 3976 in process 6964, can not generate back trace
Unable to capture context for thread 8420 in process 6964, can not generate back trace
Unable to capture context for thread 9972 in process 6964, can not generate back trace
Exception at PC 0x000007FEB350BB93
Printing stacktrace...

Exception at PC 0x000007FEFD13A06D
Exception at PC 0x000007FEFD13A06D
Exception at PC 0x000007FEFD13A06D
Exception at PC 0x000007FEFD13A06D
Exception at PC 0x000007FEFD13A06D
Exception at PC 0x000007FEFD13A06D
Exception at PC 0x000007FEFD13A06D
Exception at PC 0x000007FEFD13A06D
Exception at PC 0x000007FEFD13A06D
Exception at PC 0x000007FEFD13A06D
Exception at PC 0x000007FEFD13A06D
Exception at PC 0x000007FEFD13A06D
[0]  [0x000007FEB350BB93]
[1]  [0x000007FEB350BB93]
[2]  [0x000007FEB350B4A1]
[3]  [0x000007FEB350B3EF]
[4]  [0x000007FEB34F19FE]
[5]  [0x000007FEB34F0ED1]
[6]  [0x000007FEB34F0D76]
[7]  [0x000007FEB34979F6]
[8]  [0x000007FEB3487AFB]
[9]  [0x000007FEB35AE90A]
[10]  [0x000007FEB35C9F87]
[11]  [0x000007FEB35CA05F]
[12] (BaseThreadInitThunk+0xd) [0x00000000772C59CD]
[13] (RtlUserThreadStart+0x21) [0x00000000773FA561]
Done
Exception at PC 0x000007FEFD13A06D
Exception at PC 0x000007FEFD13A06D
Exception at PC 0x000007FEFD13A06D
Exception at PC 0x000007FEFD13A06D
Exception at PC 0x000007FEFD13A06D
