#-----------------------------------------------------------
# Vivado v2020.2 (64-bit)
# SW Build 3064766 on Wed Nov 18 09:12:45 MST 2020
# IP Build 3064653 on Wed Nov 18 14:17:31 MST 2020
# Start of session at: Sun Mar  7 17:20:04 2021
# Process ID: 146592
# Current directory: C:/Users/e190a104/Desktop/HW06_MIPS_ALU_Solution_Spring2021/vivado_project
# Command line: vivado.exe -gui_launcher_event rodinguilauncherevent134020 C:\Users\e190a104\Desktop\HW06_MIPS_ALU_Solution_Spring2021\vivado_project\vivado_project.xpr
# Log file: C:/Users/e190a104/Desktop/HW06_MIPS_ALU_Solution_Spring2021/vivado_project/vivado.log
# Journal file: C:/Users/e190a104/Desktop/HW06_MIPS_ALU_Solution_Spring2021/vivado_project\vivado.jou
#-----------------------------------------------------------
start_gui
open_project C:/Users/e190a104/Desktop/HW06_MIPS_ALU_Solution_Spring2021/vivado_project/vivado_project.xpr
Scanning sources...
Finished scanning sources
INFO: [IP_Flow 19-234] Refreshing IP repositories
INFO: [IP_Flow 19-1704] No user IP repositories specified
INFO: [IP_Flow 19-2313] Loaded Vivado IP repository 'E:/Xilinx/Vivado/2020.2/data/ip'.
open_project: Time (s): cpu = 00:00:12 ; elapsed = 00:00:06 . Memory (MB): peak = 985.047 ; gain = 0.000
update_compile_order -fileset sources_1
launch_simulation
Command: launch_simulation 
INFO: [Vivado 12-5682] Launching behavioral simulation in 'C:/Users/e190a104/Desktop/HW06_MIPS_ALU_Solution_Spring2021/vivado_project/vivado_project.sim/sim_1/behav/xsim'
INFO: [SIM-utils-51] Simulation object is 'sim_1'
INFO: [SIM-utils-54] Inspecting design source files for 'alu_tb' in fileset 'sim_1'...
INFO: [USF-XSim-97] Finding global include files...
INFO: [USF-XSim-98] Fetching design files from 'sim_1'...
INFO: [USF-XSim-2] XSim::Compile design
INFO: [USF-XSim-61] Executing 'COMPILE and ANALYZE' step in 'C:/Users/e190a104/Desktop/HW06_MIPS_ALU_Solution_Spring2021/vivado_project/vivado_project.sim/sim_1/behav/xsim'
"xvhdl --incr --relax -prj alu_tb_vhdl.prj"
INFO: [USF-XSim-69] 'compile' step finished in '2' seconds
INFO: [USF-XSim-3] XSim::Elaborate design
INFO: [USF-XSim-61] Executing 'ELABORATE' step in 'C:/Users/e190a104/Desktop/HW06_MIPS_ALU_Solution_Spring2021/vivado_project/vivado_project.sim/sim_1/behav/xsim'
"xelab -wto 747f2b14231f4c8e85de9efc176dce3b --incr --debug typical --relax --mt 2 -L xil_defaultlib -L secureip --snapshot alu_tb_behav xil_defaultlib.alu_tb -log elaborate.log"
Vivado Simulator 2020.2
Copyright 1986-1999, 2001-2020 Xilinx, Inc. All Rights Reserved.
Running: E:/Xilinx/Vivado/2020.2/bin/unwrapped/win64.o/xelab.exe -wto 747f2b14231f4c8e85de9efc176dce3b --incr --debug typical --relax --mt 2 -L xil_defaultlib -L secureip --snapshot alu_tb_behav xil_defaultlib.alu_tb -log elaborate.log 
Using 2 slave threads.
Starting static elaboration
Completed static elaboration
INFO: [XSIM 43-4323] No Change in HDL. Linking previously generated obj files to create kernel
INFO: [USF-XSim-69] 'elaborate' step finished in '3' seconds
INFO: [USF-XSim-4] XSim::Simulate design
INFO: [USF-XSim-61] Executing 'SIMULATE' step in 'C:/Users/e190a104/Desktop/HW06_MIPS_ALU_Solution_Spring2021/vivado_project/vivado_project.sim/sim_1/behav/xsim'
INFO: [USF-XSim-98] *** Running xsim
   with args "alu_tb_behav -key {Behavioral:sim_1:Functional:alu_tb} -tclbatch {alu_tb.tcl} -view {C:/Users/e190a104/Desktop/HW06_MIPS_ALU_Solution_Spring2021/simulation_sources/alu_wave.wcfg} -log {simulate.log}"
INFO: [USF-XSim-8] Loading simulator feature
Vivado Simulator 2020.2
Time resolution is 1 ps
open_wave_config C:/Users/e190a104/Desktop/HW06_MIPS_ALU_Solution_Spring2021/simulation_sources/alu_wave.wcfg
source alu_tb.tcl
# set curr_wave [current_wave_config]
# if { [string length $curr_wave] == 0 } {
#   if { [llength [get_objects]] > 0} {
#     add_wave /
#     set_property needs_save false [current_wave_config]
#   } else {
#      send_msg_id Add_Wave-1 WARNING "No top level signals found. Simulator will start without a wave window. If you want to open a wave window go to 'File->New Waveform Configuration' or type 'create_wave_config' in the TCL console."
#   }
# }
# run 1100ns
INFO: [USF-XSim-96] XSim completed. Design snapshot 'alu_tb_behav' loaded.
INFO: [USF-XSim-97] XSim simulation ran for 1100ns
launch_simulation: Time (s): cpu = 00:00:11 ; elapsed = 00:00:10 . Memory (MB): peak = 985.047 ; gain = 0.000
close_sim
INFO: [Simtcl 6-16] Simulation closed
exit
INFO: [Common 17-206] Exiting Vivado at Sun Mar  7 17:21:09 2021...
